[13-Oct-2020 13:50:40 UTC] PHP Warning:  require(/home/k8o67v43ra50/public_html/vendor/composer/../mageplaza/magento-2-social-login/registration.php): failed to open stream: No such file or directory in /home/k8o67v43ra50/public_html/vendor/composer/autoload_real.php on line 70
[13-Oct-2020 13:50:40 UTC] PHP Fatal error:  require(): Failed opening required '/home/k8o67v43ra50/public_html/vendor/composer/../mageplaza/magento-2-social-login/registration.php' (include_path='/home/k8o67v43ra50/public_html/vendor/magento/zendframework1/library:.:/opt/alt/php74/usr/share/pear') in /home/k8o67v43ra50/public_html/vendor/composer/autoload_real.php on line 70
[13-Oct-2020 13:50:41 UTC] PHP Warning:  require(/home/k8o67v43ra50/public_html/vendor/composer/../mageplaza/magento-2-social-login/registration.php): failed to open stream: No such file or directory in /home/k8o67v43ra50/public_html/vendor/composer/autoload_real.php on line 70
[13-Oct-2020 13:50:41 UTC] PHP Fatal error:  require(): Failed opening required '/home/k8o67v43ra50/public_html/vendor/composer/../mageplaza/magento-2-social-login/registration.php' (include_path='/home/k8o67v43ra50/public_html/vendor/magento/zendframework1/library:.:/opt/alt/php74/usr/share/pear') in /home/k8o67v43ra50/public_html/vendor/composer/autoload_real.php on line 70
[13-Oct-2020 13:50:58 UTC] PHP Warning:  require(/home/k8o67v43ra50/public_html/vendor/composer/../mageplaza/magento-2-social-login/registration.php): failed to open stream: No such file or directory in /home/k8o67v43ra50/public_html/vendor/composer/autoload_real.php on line 70
[13-Oct-2020 13:50:58 UTC] PHP Fatal error:  require(): Failed opening required '/home/k8o67v43ra50/public_html/vendor/composer/../mageplaza/magento-2-social-login/registration.php' (include_path='/home/k8o67v43ra50/public_html/vendor/magento/zendframework1/library:.:/opt/alt/php74/usr/share/pear') in /home/k8o67v43ra50/public_html/vendor/composer/autoload_real.php on line 70
[13-Oct-2020 13:51:57 UTC] PHP Warning:  require(/home/k8o67v43ra50/public_html/vendor/composer/../mageplaza/magento-2-social-login/registration.php): failed to open stream: No such file or directory in /home/k8o67v43ra50/public_html/vendor/composer/autoload_real.php on line 70
[13-Oct-2020 13:51:57 UTC] PHP Fatal error:  require(): Failed opening required '/home/k8o67v43ra50/public_html/vendor/composer/../mageplaza/magento-2-social-login/registration.php' (include_path='/home/k8o67v43ra50/public_html/vendor/magento/zendframework1/library:.:/opt/alt/php74/usr/share/pear') in /home/k8o67v43ra50/public_html/vendor/composer/autoload_real.php on line 70
[13-Oct-2020 13:52:00 UTC] PHP Warning:  require(/home/k8o67v43ra50/public_html/vendor/composer/../mageplaza/magento-2-social-login/registration.php): failed to open stream: No such file or directory in /home/k8o67v43ra50/public_html/vendor/composer/autoload_real.php on line 70
[13-Oct-2020 13:52:00 UTC] PHP Fatal error:  require(): Failed opening required '/home/k8o67v43ra50/public_html/vendor/composer/../mageplaza/magento-2-social-login/registration.php' (include_path='/home/k8o67v43ra50/public_html/vendor/magento/zendframework1/library:.:/opt/alt/php74/usr/share/pear') in /home/k8o67v43ra50/public_html/vendor/composer/autoload_real.php on line 70
[13-Oct-2020 13:52:56 UTC] PHP Warning:  require(/home/k8o67v43ra50/public_html/vendor/composer/../mageplaza/magento-2-social-login/registration.php): failed to open stream: No such file or directory in /home/k8o67v43ra50/public_html/vendor/composer/autoload_real.php on line 70
[13-Oct-2020 13:52:56 UTC] PHP Fatal error:  require(): Failed opening required '/home/k8o67v43ra50/public_html/vendor/composer/../mageplaza/magento-2-social-login/registration.php' (include_path='/home/k8o67v43ra50/public_html/vendor/magento/zendframework1/library:.:/opt/alt/php74/usr/share/pear') in /home/k8o67v43ra50/public_html/vendor/composer/autoload_real.php on line 70
[13-Oct-2020 13:52:57 UTC] PHP Warning:  require(/home/k8o67v43ra50/public_html/vendor/composer/../mageplaza/magento-2-social-login/registration.php): failed to open stream: No such file or directory in /home/k8o67v43ra50/public_html/vendor/composer/autoload_real.php on line 70
[13-Oct-2020 13:52:57 UTC] PHP Fatal error:  require(): Failed opening required '/home/k8o67v43ra50/public_html/vendor/composer/../mageplaza/magento-2-social-login/registration.php' (include_path='/home/k8o67v43ra50/public_html/vendor/magento/zendframework1/library:.:/opt/alt/php74/usr/share/pear') in /home/k8o67v43ra50/public_html/vendor/composer/autoload_real.php on line 70
[13-Oct-2020 13:53:57 UTC] PHP Warning:  require(/home/k8o67v43ra50/public_html/vendor/composer/../mageplaza/magento-2-social-login/registration.php): failed to open stream: No such file or directory in /home/k8o67v43ra50/public_html/vendor/composer/autoload_real.php on line 70
[13-Oct-2020 13:53:57 UTC] PHP Fatal error:  require(): Failed opening required '/home/k8o67v43ra50/public_html/vendor/composer/../mageplaza/magento-2-social-login/registration.php' (include_path='/home/k8o67v43ra50/public_html/vendor/magento/zendframework1/library:.:/opt/alt/php74/usr/share/pear') in /home/k8o67v43ra50/public_html/vendor/composer/autoload_real.php on line 70
[13-Oct-2020 13:54:58 UTC] PHP Warning:  require(/home/k8o67v43ra50/public_html/vendor/composer/../mageplaza/magento-2-social-login/registration.php): failed to open stream: No such file or directory in /home/k8o67v43ra50/public_html/vendor/composer/autoload_real.php on line 70
[13-Oct-2020 13:54:58 UTC] PHP Fatal error:  require(): Failed opening required '/home/k8o67v43ra50/public_html/vendor/composer/../mageplaza/magento-2-social-login/registration.php' (include_path='/home/k8o67v43ra50/public_html/vendor/magento/zendframework1/library:.:/opt/alt/php74/usr/share/pear') in /home/k8o67v43ra50/public_html/vendor/composer/autoload_real.php on line 70
[13-Oct-2020 13:55:58 UTC] PHP Warning:  require(/home/k8o67v43ra50/public_html/vendor/composer/../mageplaza/magento-2-social-login/registration.php): failed to open stream: No such file or directory in /home/k8o67v43ra50/public_html/vendor/composer/autoload_real.php on line 70
[13-Oct-2020 13:55:58 UTC] PHP Fatal error:  require(): Failed opening required '/home/k8o67v43ra50/public_html/vendor/composer/../mageplaza/magento-2-social-login/registration.php' (include_path='/home/k8o67v43ra50/public_html/vendor/magento/zendframework1/library:.:/opt/alt/php74/usr/share/pear') in /home/k8o67v43ra50/public_html/vendor/composer/autoload_real.php on line 70
[13-Oct-2020 13:56:57 UTC] PHP Warning:  require(/home/k8o67v43ra50/public_html/vendor/composer/../mageplaza/magento-2-social-login/registration.php): failed to open stream: No such file or directory in /home/k8o67v43ra50/public_html/vendor/composer/autoload_real.php on line 70
[13-Oct-2020 13:56:57 UTC] PHP Fatal error:  require(): Failed opening required '/home/k8o67v43ra50/public_html/vendor/composer/../mageplaza/magento-2-social-login/registration.php' (include_path='/home/k8o67v43ra50/public_html/vendor/magento/zendframework1/library:.:/opt/alt/php74/usr/share/pear') in /home/k8o67v43ra50/public_html/vendor/composer/autoload_real.php on line 70
[13-Oct-2020 13:56:59 UTC] PHP Warning:  require(/home/k8o67v43ra50/public_html/vendor/composer/../mageplaza/magento-2-social-login/registration.php): failed to open stream: No such file or directory in /home/k8o67v43ra50/public_html/vendor/composer/autoload_real.php on line 70
[13-Oct-2020 13:56:59 UTC] PHP Fatal error:  require(): Failed opening required '/home/k8o67v43ra50/public_html/vendor/composer/../mageplaza/magento-2-social-login/registration.php' (include_path='/home/k8o67v43ra50/public_html/vendor/magento/zendframework1/library:.:/opt/alt/php74/usr/share/pear') in /home/k8o67v43ra50/public_html/vendor/composer/autoload_real.php on line 70
[13-Oct-2020 13:57:23 UTC] PHP Warning:  require(/home/k8o67v43ra50/public_html/vendor/composer/../mageplaza/magento-2-social-login/registration.php): failed to open stream: No such file or directory in /home/k8o67v43ra50/public_html/vendor/composer/autoload_real.php on line 70
[13-Oct-2020 13:57:23 UTC] PHP Fatal error:  require(): Failed opening required '/home/k8o67v43ra50/public_html/vendor/composer/../mageplaza/magento-2-social-login/registration.php' (include_path='/home/k8o67v43ra50/public_html/vendor/magento/zendframework1/library:.:/opt/alt/php74/usr/share/pear') in /home/k8o67v43ra50/public_html/vendor/composer/autoload_real.php on line 70
[13-Oct-2020 13:57:58 UTC] PHP Warning:  require(/home/k8o67v43ra50/public_html/vendor/composer/../mageplaza/magento-2-social-login/registration.php): failed to open stream: No such file or directory in /home/k8o67v43ra50/public_html/vendor/composer/autoload_real.php on line 70
[13-Oct-2020 13:57:58 UTC] PHP Fatal error:  require(): Failed opening required '/home/k8o67v43ra50/public_html/vendor/composer/../mageplaza/magento-2-social-login/registration.php' (include_path='/home/k8o67v43ra50/public_html/vendor/magento/zendframework1/library:.:/opt/alt/php74/usr/share/pear') in /home/k8o67v43ra50/public_html/vendor/composer/autoload_real.php on line 70
[13-Oct-2020 13:58:24 UTC] PHP Warning:  require(/home/k8o67v43ra50/public_html/vendor/composer/../mageplaza/magento-2-social-login/registration.php): failed to open stream: No such file or directory in /home/k8o67v43ra50/public_html/vendor/composer/autoload_real.php on line 70
[13-Oct-2020 13:58:24 UTC] PHP Fatal error:  require(): Failed opening required '/home/k8o67v43ra50/public_html/vendor/composer/../mageplaza/magento-2-social-login/registration.php' (include_path='/home/k8o67v43ra50/public_html/vendor/magento/zendframework1/library:.:/opt/alt/php74/usr/share/pear') in /home/k8o67v43ra50/public_html/vendor/composer/autoload_real.php on line 70
[13-Oct-2020 13:58:57 UTC] PHP Warning:  require(/home/k8o67v43ra50/public_html/vendor/composer/../mageplaza/magento-2-social-login/registration.php): failed to open stream: No such file or directory in /home/k8o67v43ra50/public_html/vendor/composer/autoload_real.php on line 70
[13-Oct-2020 13:58:57 UTC] PHP Fatal error:  require(): Failed opening required '/home/k8o67v43ra50/public_html/vendor/composer/../mageplaza/magento-2-social-login/registration.php' (include_path='/home/k8o67v43ra50/public_html/vendor/magento/zendframework1/library:.:/opt/alt/php74/usr/share/pear') in /home/k8o67v43ra50/public_html/vendor/composer/autoload_real.php on line 70
[13-Oct-2020 13:59:25 UTC] PHP Warning:  require(/home/k8o67v43ra50/public_html/vendor/composer/../mageplaza/magento-2-social-login/registration.php): failed to open stream: No such file or directory in /home/k8o67v43ra50/public_html/vendor/composer/autoload_real.php on line 70
[13-Oct-2020 13:59:25 UTC] PHP Fatal error:  require(): Failed opening required '/home/k8o67v43ra50/public_html/vendor/composer/../mageplaza/magento-2-social-login/registration.php' (include_path='/home/k8o67v43ra50/public_html/vendor/magento/zendframework1/library:.:/opt/alt/php74/usr/share/pear') in /home/k8o67v43ra50/public_html/vendor/composer/autoload_real.php on line 70
[13-Oct-2020 13:59:59 UTC] PHP Warning:  require(/home/k8o67v43ra50/public_html/vendor/composer/../mageplaza/magento-2-social-login/registration.php): failed to open stream: No such file or directory in /home/k8o67v43ra50/public_html/vendor/composer/autoload_real.php on line 70
[13-Oct-2020 13:59:59 UTC] PHP Fatal error:  require(): Failed opening required '/home/k8o67v43ra50/public_html/vendor/composer/../mageplaza/magento-2-social-login/registration.php' (include_path='/home/k8o67v43ra50/public_html/vendor/magento/zendframework1/library:.:/opt/alt/php74/usr/share/pear') in /home/k8o67v43ra50/public_html/vendor/composer/autoload_real.php on line 70
[13-Oct-2020 14:00:04 UTC] PHP Warning:  require(/home/k8o67v43ra50/public_html/vendor/composer/../mageplaza/magento-2-social-login/registration.php): failed to open stream: No such file or directory in /home/k8o67v43ra50/public_html/vendor/composer/autoload_real.php on line 70
[13-Oct-2020 14:00:04 UTC] PHP Fatal error:  require(): Failed opening required '/home/k8o67v43ra50/public_html/vendor/composer/../mageplaza/magento-2-social-login/registration.php' (include_path='/home/k8o67v43ra50/public_html/vendor/magento/zendframework1/library:.:/opt/alt/php74/usr/share/pear') in /home/k8o67v43ra50/public_html/vendor/composer/autoload_real.php on line 70
[13-Oct-2020 14:00:26 UTC] PHP Warning:  require(/home/k8o67v43ra50/public_html/vendor/composer/../mageplaza/magento-2-social-login/registration.php): failed to open stream: No such file or directory in /home/k8o67v43ra50/public_html/vendor/composer/autoload_real.php on line 70
[13-Oct-2020 14:00:26 UTC] PHP Fatal error:  require(): Failed opening required '/home/k8o67v43ra50/public_html/vendor/composer/../mageplaza/magento-2-social-login/registration.php' (include_path='/home/k8o67v43ra50/public_html/vendor/magento/zendframework1/library:.:/opt/alt/php74/usr/share/pear') in /home/k8o67v43ra50/public_html/vendor/composer/autoload_real.php on line 70
[13-Oct-2020 14:00:58 UTC] PHP Warning:  require(/home/k8o67v43ra50/public_html/vendor/composer/../mageplaza/magento-2-social-login/registration.php): failed to open stream: No such file or directory in /home/k8o67v43ra50/public_html/vendor/composer/autoload_real.php on line 70
[13-Oct-2020 14:00:58 UTC] PHP Fatal error:  require(): Failed opening required '/home/k8o67v43ra50/public_html/vendor/composer/../mageplaza/magento-2-social-login/registration.php' (include_path='/home/k8o67v43ra50/public_html/vendor/magento/zendframework1/library:.:/opt/alt/php74/usr/share/pear') in /home/k8o67v43ra50/public_html/vendor/composer/autoload_real.php on line 70
[13-Oct-2020 14:01:58 UTC] PHP Warning:  require(/home/k8o67v43ra50/public_html/vendor/composer/../mageplaza/magento-2-social-login/registration.php): failed to open stream: No such file or directory in /home/k8o67v43ra50/public_html/vendor/composer/autoload_real.php on line 70
[13-Oct-2020 14:01:58 UTC] PHP Fatal error:  require(): Failed opening required '/home/k8o67v43ra50/public_html/vendor/composer/../mageplaza/magento-2-social-login/registration.php' (include_path='/home/k8o67v43ra50/public_html/vendor/magento/zendframework1/library:.:/opt/alt/php74/usr/share/pear') in /home/k8o67v43ra50/public_html/vendor/composer/autoload_real.php on line 70
[13-Oct-2020 14:02:57 UTC] PHP Warning:  require(/home/k8o67v43ra50/public_html/vendor/composer/../mageplaza/magento-2-social-login/registration.php): failed to open stream: No such file or directory in /home/k8o67v43ra50/public_html/vendor/composer/autoload_real.php on line 70
[13-Oct-2020 14:02:57 UTC] PHP Fatal error:  require(): Failed opening required '/home/k8o67v43ra50/public_html/vendor/composer/../mageplaza/magento-2-social-login/registration.php' (include_path='/home/k8o67v43ra50/public_html/vendor/magento/zendframework1/library:.:/opt/alt/php74/usr/share/pear') in /home/k8o67v43ra50/public_html/vendor/composer/autoload_real.php on line 70
[13-Oct-2020 14:03:57 UTC] PHP Warning:  require(/home/k8o67v43ra50/public_html/vendor/composer/../mageplaza/magento-2-social-login/registration.php): failed to open stream: No such file or directory in /home/k8o67v43ra50/public_html/vendor/composer/autoload_real.php on line 70
[13-Oct-2020 14:03:57 UTC] PHP Fatal error:  require(): Failed opening required '/home/k8o67v43ra50/public_html/vendor/composer/../mageplaza/magento-2-social-login/registration.php' (include_path='/home/k8o67v43ra50/public_html/vendor/magento/zendframework1/library:.:/opt/alt/php74/usr/share/pear') in /home/k8o67v43ra50/public_html/vendor/composer/autoload_real.php on line 70
[13-Oct-2020 14:04:58 UTC] PHP Warning:  require(/home/k8o67v43ra50/public_html/vendor/composer/../mageplaza/magento-2-social-login/registration.php): failed to open stream: No such file or directory in /home/k8o67v43ra50/public_html/vendor/composer/autoload_real.php on line 70
[13-Oct-2020 14:04:58 UTC] PHP Fatal error:  require(): Failed opening required '/home/k8o67v43ra50/public_html/vendor/composer/../mageplaza/magento-2-social-login/registration.php' (include_path='/home/k8o67v43ra50/public_html/vendor/magento/zendframework1/library:.:/opt/alt/php74/usr/share/pear') in /home/k8o67v43ra50/public_html/vendor/composer/autoload_real.php on line 70
[13-Oct-2020 14:05:57 UTC] PHP Warning:  require(/home/k8o67v43ra50/public_html/vendor/composer/../mageplaza/magento-2-social-login/registration.php): failed to open stream: No such file or directory in /home/k8o67v43ra50/public_html/vendor/composer/autoload_real.php on line 70
[13-Oct-2020 14:05:57 UTC] PHP Fatal error:  require(): Failed opening required '/home/k8o67v43ra50/public_html/vendor/composer/../mageplaza/magento-2-social-login/registration.php' (include_path='/home/k8o67v43ra50/public_html/vendor/magento/zendframework1/library:.:/opt/alt/php74/usr/share/pear') in /home/k8o67v43ra50/public_html/vendor/composer/autoload_real.php on line 70
[13-Oct-2020 14:06:01 UTC] PHP Warning:  require(/home/k8o67v43ra50/public_html/vendor/composer/../mageplaza/magento-2-social-login/registration.php): failed to open stream: No such file or directory in /home/k8o67v43ra50/public_html/vendor/composer/autoload_real.php on line 70
[13-Oct-2020 14:06:01 UTC] PHP Fatal error:  require(): Failed opening required '/home/k8o67v43ra50/public_html/vendor/composer/../mageplaza/magento-2-social-login/registration.php' (include_path='/home/k8o67v43ra50/public_html/vendor/magento/zendframework1/library:.:/opt/alt/php74/usr/share/pear') in /home/k8o67v43ra50/public_html/vendor/composer/autoload_real.php on line 70
[13-Oct-2020 14:06:25 UTC] PHP Warning:  require(/home/k8o67v43ra50/public_html/vendor/composer/../mageplaza/magento-2-social-login/registration.php): failed to open stream: No such file or directory in /home/k8o67v43ra50/public_html/vendor/composer/autoload_real.php on line 70
[13-Oct-2020 14:06:25 UTC] PHP Fatal error:  require(): Failed opening required '/home/k8o67v43ra50/public_html/vendor/composer/../mageplaza/magento-2-social-login/registration.php' (include_path='/home/k8o67v43ra50/public_html/vendor/magento/zendframework1/library:.:/opt/alt/php74/usr/share/pear') in /home/k8o67v43ra50/public_html/vendor/composer/autoload_real.php on line 70
[13-Oct-2020 14:06:25 UTC] PHP Warning:  require(/home/k8o67v43ra50/public_html/vendor/composer/../mageplaza/magento-2-social-login/registration.php): failed to open stream: No such file or directory in /home/k8o67v43ra50/public_html/vendor/composer/autoload_real.php on line 70
[13-Oct-2020 14:06:25 UTC] PHP Fatal error:  require(): Failed opening required '/home/k8o67v43ra50/public_html/vendor/composer/../mageplaza/magento-2-social-login/registration.php' (include_path='/home/k8o67v43ra50/public_html/vendor/magento/zendframework1/library:.:/opt/alt/php74/usr/share/pear') in /home/k8o67v43ra50/public_html/vendor/composer/autoload_real.php on line 70
[13-Oct-2020 14:06:26 UTC] PHP Warning:  require(/home/k8o67v43ra50/public_html/vendor/composer/../mageplaza/magento-2-social-login/registration.php): failed to open stream: No such file or directory in /home/k8o67v43ra50/public_html/vendor/composer/autoload_real.php on line 70
[13-Oct-2020 14:06:26 UTC] PHP Fatal error:  require(): Failed opening required '/home/k8o67v43ra50/public_html/vendor/composer/../mageplaza/magento-2-social-login/registration.php' (include_path='/home/k8o67v43ra50/public_html/vendor/magento/zendframework1/library:.:/opt/alt/php74/usr/share/pear') in /home/k8o67v43ra50/public_html/vendor/composer/autoload_real.php on line 70
[13-Oct-2020 14:06:30 UTC] PHP Warning:  require(/home/k8o67v43ra50/public_html/vendor/composer/../mageplaza/magento-2-social-login/registration.php): failed to open stream: No such file or directory in /home/k8o67v43ra50/public_html/vendor/composer/autoload_real.php on line 70
[13-Oct-2020 14:06:30 UTC] PHP Fatal error:  require(): Failed opening required '/home/k8o67v43ra50/public_html/vendor/composer/../mageplaza/magento-2-social-login/registration.php' (include_path='/home/k8o67v43ra50/public_html/vendor/magento/zendframework1/library:.:/opt/alt/php74/usr/share/pear') in /home/k8o67v43ra50/public_html/vendor/composer/autoload_real.php on line 70
[13-Oct-2020 14:06:30 UTC] PHP Warning:  require(/home/k8o67v43ra50/public_html/vendor/composer/../mageplaza/magento-2-social-login/registration.php): failed to open stream: No such file or directory in /home/k8o67v43ra50/public_html/vendor/composer/autoload_real.php on line 70
[13-Oct-2020 14:06:30 UTC] PHP Fatal error:  require(): Failed opening required '/home/k8o67v43ra50/public_html/vendor/composer/../mageplaza/magento-2-social-login/registration.php' (include_path='/home/k8o67v43ra50/public_html/vendor/magento/zendframework1/library:.:/opt/alt/php74/usr/share/pear') in /home/k8o67v43ra50/public_html/vendor/composer/autoload_real.php on line 70
[13-Oct-2020 14:06:31 UTC] PHP Warning:  require(/home/k8o67v43ra50/public_html/vendor/composer/../mageplaza/magento-2-social-login/registration.php): failed to open stream: No such file or directory in /home/k8o67v43ra50/public_html/vendor/composer/autoload_real.php on line 70
[13-Oct-2020 14:06:31 UTC] PHP Fatal error:  require(): Failed opening required '/home/k8o67v43ra50/public_html/vendor/composer/../mageplaza/magento-2-social-login/registration.php' (include_path='/home/k8o67v43ra50/public_html/vendor/magento/zendframework1/library:.:/opt/alt/php74/usr/share/pear') in /home/k8o67v43ra50/public_html/vendor/composer/autoload_real.php on line 70
[13-Oct-2020 14:06:58 UTC] PHP Warning:  require(/home/k8o67v43ra50/public_html/vendor/composer/../mageplaza/magento-2-social-login/registration.php): failed to open stream: No such file or directory in /home/k8o67v43ra50/public_html/vendor/composer/autoload_real.php on line 70
[13-Oct-2020 14:06:58 UTC] PHP Fatal error:  require(): Failed opening required '/home/k8o67v43ra50/public_html/vendor/composer/../mageplaza/magento-2-social-login/registration.php' (include_path='/home/k8o67v43ra50/public_html/vendor/magento/zendframework1/library:.:/opt/alt/php74/usr/share/pear') in /home/k8o67v43ra50/public_html/vendor/composer/autoload_real.php on line 70
[13-Oct-2020 14:07:57 UTC] PHP Warning:  require(/home/k8o67v43ra50/public_html/vendor/composer/../mageplaza/magento-2-social-login/registration.php): failed to open stream: No such file or directory in /home/k8o67v43ra50/public_html/vendor/composer/autoload_real.php on line 70
[13-Oct-2020 14:07:57 UTC] PHP Fatal error:  require(): Failed opening required '/home/k8o67v43ra50/public_html/vendor/composer/../mageplaza/magento-2-social-login/registration.php' (include_path='/home/k8o67v43ra50/public_html/vendor/magento/zendframework1/library:.:/opt/alt/php74/usr/share/pear') in /home/k8o67v43ra50/public_html/vendor/composer/autoload_real.php on line 70
[13-Oct-2020 14:08:57 UTC] PHP Warning:  require(/home/k8o67v43ra50/public_html/vendor/composer/../mageplaza/magento-2-social-login/registration.php): failed to open stream: No such file or directory in /home/k8o67v43ra50/public_html/vendor/composer/autoload_real.php on line 70
[13-Oct-2020 14:08:57 UTC] PHP Fatal error:  require(): Failed opening required '/home/k8o67v43ra50/public_html/vendor/composer/../mageplaza/magento-2-social-login/registration.php' (include_path='/home/k8o67v43ra50/public_html/vendor/magento/zendframework1/library:.:/opt/alt/php74/usr/share/pear') in /home/k8o67v43ra50/public_html/vendor/composer/autoload_real.php on line 70
[13-Oct-2020 14:09:24 UTC] PHP Warning:  require(/home/k8o67v43ra50/public_html/vendor/composer/../mageplaza/magento-2-social-login/registration.php): failed to open stream: No such file or directory in /home/k8o67v43ra50/public_html/vendor/composer/autoload_real.php on line 70
[13-Oct-2020 14:09:24 UTC] PHP Fatal error:  require(): Failed opening required '/home/k8o67v43ra50/public_html/vendor/composer/../mageplaza/magento-2-social-login/registration.php' (include_path='/home/k8o67v43ra50/public_html/vendor/magento/zendframework1/library:.:/opt/alt/php74/usr/share/pear') in /home/k8o67v43ra50/public_html/vendor/composer/autoload_real.php on line 70
[13-Oct-2020 14:09:58 UTC] PHP Warning:  require(/home/k8o67v43ra50/public_html/vendor/composer/../mageplaza/magento-2-social-login/registration.php): failed to open stream: No such file or directory in /home/k8o67v43ra50/public_html/vendor/composer/autoload_real.php on line 70
[13-Oct-2020 14:09:58 UTC] PHP Fatal error:  require(): Failed opening required '/home/k8o67v43ra50/public_html/vendor/composer/../mageplaza/magento-2-social-login/registration.php' (include_path='/home/k8o67v43ra50/public_html/vendor/magento/zendframework1/library:.:/opt/alt/php74/usr/share/pear') in /home/k8o67v43ra50/public_html/vendor/composer/autoload_real.php on line 70
[13-Oct-2020 14:31:34 UTC] PHP Fatal error:  Allowed memory size of 1610612736 bytes exhausted (tried to allocate 4096 bytes) in phar:///opt/cpanel/composer/bin/composer/src/Composer/DependencyResolver/RuleWatchGraph.php on line 52
[14-Oct-2020 05:34:14 UTC] PHP Fatal error:  Allowed memory size of 1610612736 bytes exhausted (tried to allocate 4096 bytes) in phar:///opt/cpanel/composer/bin/composer/src/Composer/DependencyResolver/RuleWatchGraph.php on line 52
[13-Nov-2020 07:33:24 UTC] PHP Fatal error:  Uncaught Error: Call to a member function getUrl() on null in /home/k8o67v43ra50/public_html/vendor/magento/module-sales/view/frontend/templates/email/shipment/track.phtml:28
Stack trace:
#0 /home/k8o67v43ra50/public_html/vendor/magento/framework/View/TemplateEngine/Php.php(59): include()
#1 /home/k8o67v43ra50/public_html/vendor/magento/framework/View/Element/Template.php(271): Magento\Framework\View\TemplateEngine\Php->render(Object(Magento\Framework\View\Element\Template), '/home/k8o67v43r...', Array)
#2 /home/k8o67v43ra50/public_html/vendor/magento/framework/View/Element/Template.php(301): Magento\Framework\View\Element\Template->fetchView('/home/k8o67v43r...')
#3 /home/k8o67v43ra50/public_html/vendor/magento/framework/View/Element/AbstractBlock.php(1100): Magento\Framework\View\Element\Template->_toHtml()
#4 /home/k8o67v43ra50/public_html/vendor/magento/framework/View/Element/AbstractBlock.php(1104): Magento\Framework\View\Element\AbstractBlock->Magento\Framework\View\Element\{closure}()
#5 /home/k8o67v43 in /home/k8o67v43ra50/public_html/vendor/magento/module-sales/view/frontend/templates/email/shipment/track.phtml on line 28
[26-Nov-2020 10:56:54 UTC] PHP Fatal error:  Uncaught Error: Call to a member function getUrl() on null in /home/k8o67v43ra50/public_html/vendor/magento/module-sales/view/frontend/templates/email/shipment/track.phtml:28
Stack trace:
#0 /home/k8o67v43ra50/public_html/vendor/magento/framework/View/TemplateEngine/Php.php(59): include()
#1 /home/k8o67v43ra50/public_html/vendor/magento/framework/View/Element/Template.php(271): Magento\Framework\View\TemplateEngine\Php->render(Object(Magento\Framework\View\Element\Template), '/home/k8o67v43r...', Array)
#2 /home/k8o67v43ra50/public_html/vendor/magento/framework/View/Element/Template.php(301): Magento\Framework\View\Element\Template->fetchView('/home/k8o67v43r...')
#3 /home/k8o67v43ra50/public_html/vendor/magento/framework/View/Element/AbstractBlock.php(1100): Magento\Framework\View\Element\Template->_toHtml()
#4 /home/k8o67v43ra50/public_html/vendor/magento/framework/View/Element/AbstractBlock.php(1104): Magento\Framework\View\Element\AbstractBlock->Magento\Framework\View\Element\{closure}()
#5 /home/k8o67v43 in /home/k8o67v43ra50/public_html/vendor/magento/module-sales/view/frontend/templates/email/shipment/track.phtml on line 28
[04-Feb-2021 01:49:05 UTC] PHP Fatal error:  Allowed memory size of 536870912 bytes exhausted (tried to allocate 942080 bytes) in /home/k8o67v43ra50/public_html/vendor/wikimedia/less.php/lib/Less/Output.php on line 46
[04-Feb-2021 01:55:55 UTC] PHP Fatal error:  Allowed memory size of 536870912 bytes exhausted (tried to allocate 249856 bytes) in /home/k8o67v43ra50/public_html/vendor/magento/framework/View/Url/CssResolver.php on line 64
[09-Feb-2021 13:59:04 UTC] PHP Fatal error:  Uncaught Error: Call to a member function getUrl() on null in /home/k8o67v43ra50/public_html/vendor/magento/module-sales/view/frontend/templates/email/shipment/track.phtml:28
Stack trace:
#0 /home/k8o67v43ra50/public_html/vendor/magento/framework/View/TemplateEngine/Php.php(59): include()
#1 /home/k8o67v43ra50/public_html/vendor/magento/framework/View/Element/Template.php(271): Magento\Framework\View\TemplateEngine\Php->render(Object(Magento\Framework\View\Element\Template), '/home/k8o67v43r...', Array)
#2 /home/k8o67v43ra50/public_html/vendor/magento/framework/View/Element/Template.php(301): Magento\Framework\View\Element\Template->fetchView('/home/k8o67v43r...')
#3 /home/k8o67v43ra50/public_html/vendor/magento/framework/View/Element/AbstractBlock.php(1100): Magento\Framework\View\Element\Template->_toHtml()
#4 /home/k8o67v43ra50/public_html/vendor/magento/framework/View/Element/AbstractBlock.php(1104): Magento\Framework\View\Element\AbstractBlock->Magento\Framework\View\Element\{closure}()
#5 /home/k8o67v43 in /home/k8o67v43ra50/public_html/vendor/magento/module-sales/view/frontend/templates/email/shipment/track.phtml on line 28
[12-Feb-2021 06:17:27 UTC] PHP Fatal error:  Uncaught Error: Call to a member function getUrl() on null in /home/k8o67v43ra50/public_html/vendor/magento/module-sales/view/frontend/templates/email/shipment/track.phtml:28
Stack trace:
#0 /home/k8o67v43ra50/public_html/vendor/magento/framework/View/TemplateEngine/Php.php(59): include()
#1 /home/k8o67v43ra50/public_html/vendor/magento/framework/View/Element/Template.php(271): Magento\Framework\View\TemplateEngine\Php->render(Object(Magento\Framework\View\Element\Template), '/home/k8o67v43r...', Array)
#2 /home/k8o67v43ra50/public_html/vendor/magento/framework/View/Element/Template.php(301): Magento\Framework\View\Element\Template->fetchView('/home/k8o67v43r...')
#3 /home/k8o67v43ra50/public_html/vendor/magento/framework/View/Element/AbstractBlock.php(1100): Magento\Framework\View\Element\Template->_toHtml()
#4 /home/k8o67v43ra50/public_html/vendor/magento/framework/View/Element/AbstractBlock.php(1104): Magento\Framework\View\Element\AbstractBlock->Magento\Framework\View\Element\{closure}()
#5 /home/k8o67v43 in /home/k8o67v43ra50/public_html/vendor/magento/module-sales/view/frontend/templates/email/shipment/track.phtml on line 28
[18-Feb-2021 17:09:44 UTC] PHP Fatal error:  Uncaught Error: Call to a member function getUrl() on null in /home/k8o67v43ra50/public_html/vendor/magento/module-sales/view/frontend/templates/email/shipment/track.phtml:28
Stack trace:
#0 /home/k8o67v43ra50/public_html/vendor/magento/framework/View/TemplateEngine/Php.php(59): include()
#1 /home/k8o67v43ra50/public_html/vendor/magento/framework/View/Element/Template.php(271): Magento\Framework\View\TemplateEngine\Php->render(Object(Magento\Framework\View\Element\Template), '/home/k8o67v43r...', Array)
#2 /home/k8o67v43ra50/public_html/vendor/magento/framework/View/Element/Template.php(301): Magento\Framework\View\Element\Template->fetchView('/home/k8o67v43r...')
#3 /home/k8o67v43ra50/public_html/vendor/magento/framework/View/Element/AbstractBlock.php(1100): Magento\Framework\View\Element\Template->_toHtml()
#4 /home/k8o67v43ra50/public_html/vendor/magento/framework/View/Element/AbstractBlock.php(1104): Magento\Framework\View\Element\AbstractBlock->Magento\Framework\View\Element\{closure}()
#5 /home/k8o67v43 in /home/k8o67v43ra50/public_html/vendor/magento/module-sales/view/frontend/templates/email/shipment/track.phtml on line 28
[10-Mar-2021 10:05:28 UTC] PHP Fatal error:  Uncaught Error: Call to a member function getUrl() on null in /home/k8o67v43ra50/public_html/vendor/magento/module-sales/view/frontend/templates/email/shipment/track.phtml:28
Stack trace:
#0 /home/k8o67v43ra50/public_html/vendor/magento/framework/View/TemplateEngine/Php.php(59): include()
#1 /home/k8o67v43ra50/public_html/vendor/magento/framework/View/Element/Template.php(271): Magento\Framework\View\TemplateEngine\Php->render(Object(Magento\Framework\View\Element\Template), '/home/k8o67v43r...', Array)
#2 /home/k8o67v43ra50/public_html/vendor/magento/framework/View/Element/Template.php(301): Magento\Framework\View\Element\Template->fetchView('/home/k8o67v43r...')
#3 /home/k8o67v43ra50/public_html/vendor/magento/framework/View/Element/AbstractBlock.php(1100): Magento\Framework\View\Element\Template->_toHtml()
#4 /home/k8o67v43ra50/public_html/vendor/magento/framework/View/Element/AbstractBlock.php(1104): Magento\Framework\View\Element\AbstractBlock->Magento\Framework\View\Element\{closure}()
#5 /home/k8o67v43 in /home/k8o67v43ra50/public_html/vendor/magento/module-sales/view/frontend/templates/email/shipment/track.phtml on line 28
[25-Apr-2021 07:39:30 UTC] PHP Fatal error:  Uncaught Error: Class 'Magefan\Community\Block\Adminhtml\System\Config\Form\Info' not found in /home/k8o67v43ra50/public_html/app/code/Magefan/ZendeskChat/Block/Adminhtml/System/Config/Form/Info.php:14
Stack trace:
#0 /home/k8o67v43ra50/public_html/vendor/composer/ClassLoader.php(444): include()
#1 /home/k8o67v43ra50/public_html/vendor/composer/ClassLoader.php(322): Composer\Autoload\includeFile('/home/k8o67v43r...')
#2 [internal function]: Composer\Autoload\ClassLoader->loadClass('Magefan\\Zendesk...')
#3 [internal function]: spl_autoload_call('Magefan\\Zendesk...')
#4 /home/k8o67v43ra50/public_html/vendor/magento/framework/ObjectManager/Relations/Runtime.php(38): class_exists('Magefan\\Zendesk...')
#5 /home/k8o67v43ra50/public_html/vendor/magento/framework/Interception/Config/Config.php(157): Magento\Framework\ObjectManager\Relations\Runtime->has('Magefan\\Zendesk...')
#6 /home/k8o67v43ra50/public_html/vendor/magento/framework/Interception/Config/Config.php(180): Magento\Framework\Interception\Config\Config in /home/k8o67v43ra50/public_html/app/code/Magefan/ZendeskChat/Block/Adminhtml/System/Config/Form/Info.php on line 14
[25-Apr-2021 07:40:56 UTC] PHP Fatal error:  Uncaught Error: Class 'Magefan\Community\Block\Adminhtml\System\Config\Form\Info' not found in /home/k8o67v43ra50/public_html/app/code/Magefan/ZendeskChat/Block/Adminhtml/System/Config/Form/Info.php:14
Stack trace:
#0 /home/k8o67v43ra50/public_html/vendor/composer/ClassLoader.php(444): include()
#1 /home/k8o67v43ra50/public_html/vendor/composer/ClassLoader.php(322): Composer\Autoload\includeFile('/home/k8o67v43r...')
#2 [internal function]: Composer\Autoload\ClassLoader->loadClass('Magefan\\Zendesk...')
#3 [internal function]: spl_autoload_call('Magefan\\Zendesk...')
#4 /home/k8o67v43ra50/public_html/vendor/magento/framework/ObjectManager/Relations/Runtime.php(38): class_exists('Magefan\\Zendesk...')
#5 /home/k8o67v43ra50/public_html/vendor/magento/framework/Interception/Config/Config.php(157): Magento\Framework\ObjectManager\Relations\Runtime->has('Magefan\\Zendesk...')
#6 /home/k8o67v43ra50/public_html/vendor/magento/framework/Interception/Config/Config.php(180): Magento\Framework\Interception\Config\Config in /home/k8o67v43ra50/public_html/app/code/Magefan/ZendeskChat/Block/Adminhtml/System/Config/Form/Info.php on line 14
[25-Apr-2021 07:41:10 UTC] PHP Fatal error:  Uncaught Error: Class 'Magefan\Community\Block\Adminhtml\System\Config\Form\Info' not found in /home/k8o67v43ra50/public_html/app/code/Magefan/ZendeskChat/Block/Adminhtml/System/Config/Form/Info.php:14
Stack trace:
#0 /home/k8o67v43ra50/public_html/vendor/composer/ClassLoader.php(444): include()
#1 /home/k8o67v43ra50/public_html/vendor/composer/ClassLoader.php(322): Composer\Autoload\includeFile('/home/k8o67v43r...')
#2 [internal function]: Composer\Autoload\ClassLoader->loadClass('Magefan\\Zendesk...')
#3 [internal function]: spl_autoload_call('Magefan\\Zendesk...')
#4 /home/k8o67v43ra50/public_html/vendor/magento/framework/ObjectManager/Relations/Runtime.php(38): class_exists('Magefan\\Zendesk...')
#5 /home/k8o67v43ra50/public_html/vendor/magento/framework/Interception/Config/Config.php(157): Magento\Framework\ObjectManager\Relations\Runtime->has('Magefan\\Zendesk...')
#6 /home/k8o67v43ra50/public_html/vendor/magento/framework/Interception/Config/Config.php(180): Magento\Framework\Interception\Config\Config in /home/k8o67v43ra50/public_html/app/code/Magefan/ZendeskChat/Block/Adminhtml/System/Config/Form/Info.php on line 14
[25-Apr-2021 07:41:41 UTC] PHP Fatal error:  Uncaught Error: Class 'Magefan\Community\Block\Adminhtml\System\Config\Form\Info' not found in /home/k8o67v43ra50/public_html/app/code/Magefan/ZendeskChat/Block/Adminhtml/System/Config/Form/Info.php:14
Stack trace:
#0 /home/k8o67v43ra50/public_html/vendor/composer/ClassLoader.php(444): include()
#1 /home/k8o67v43ra50/public_html/vendor/composer/ClassLoader.php(322): Composer\Autoload\includeFile('/home/k8o67v43r...')
#2 [internal function]: Composer\Autoload\ClassLoader->loadClass('Magefan\\Zendesk...')
#3 [internal function]: spl_autoload_call('Magefan\\Zendesk...')
#4 /home/k8o67v43ra50/public_html/vendor/magento/framework/ObjectManager/Relations/Runtime.php(38): class_exists('Magefan\\Zendesk...')
#5 /home/k8o67v43ra50/public_html/vendor/magento/framework/Interception/Config/Config.php(157): Magento\Framework\ObjectManager\Relations\Runtime->has('Magefan\\Zendesk...')
#6 /home/k8o67v43ra50/public_html/vendor/magento/framework/Interception/Config/Config.php(180): Magento\Framework\Interception\Config\Config in /home/k8o67v43ra50/public_html/app/code/Magefan/ZendeskChat/Block/Adminhtml/System/Config/Form/Info.php on line 14
[25-Apr-2021 07:51:18 UTC] PHP Fatal error:  Allowed memory size of 1610612736 bytes exhausted (tried to allocate 167772160 bytes) in phar:///opt/cpanel/composer/bin/composer/src/Composer/DependencyResolver/RuleSet.php on line 90
[25-Apr-2021 07:54:25 UTC] PHP Fatal error:  Uncaught Error: Class 'Magefan\Community\Block\Adminhtml\System\Config\Form\Info' not found in /home/k8o67v43ra50/public_html/app/code/Magefan/ZendeskChat/Block/Adminhtml/System/Config/Form/Info.php:14
Stack trace:
#0 /home/k8o67v43ra50/public_html/vendor/composer/ClassLoader.php(444): include()
#1 /home/k8o67v43ra50/public_html/vendor/composer/ClassLoader.php(322): Composer\Autoload\includeFile('/home/k8o67v43r...')
#2 [internal function]: Composer\Autoload\ClassLoader->loadClass('Magefan\\Zendesk...')
#3 [internal function]: spl_autoload_call('Magefan\\Zendesk...')
#4 /home/k8o67v43ra50/public_html/setup/src/Magento/Setup/Module/Di/Code/Reader/ClassesScanner.php(133): class_exists('Magefan\\Zendesk...')
#5 /home/k8o67v43ra50/public_html/setup/src/Magento/Setup/Module/Di/Code/Reader/ClassesScanner.php(117): Magento\Setup\Module\Di\Code\Reader\ClassesScanner->includeClasses(Array, '/home/k8o67v43r...')
#6 /home/k8o67v43ra50/public_html/setup/src/Magento/Setup/Module/Di/Code/Reader/ClassesScanner.php(88): Mage in /home/k8o67v43ra50/public_html/app/code/Magefan/ZendeskChat/Block/Adminhtml/System/Config/Form/Info.php on line 14
[25-Apr-2021 07:55:13 UTC] PHP Fatal error:  Uncaught Error: Class 'Magefan\Community\Block\Adminhtml\System\Config\Form\Info' not found in /home/k8o67v43ra50/public_html/app/code/Magefan/ZendeskChat/Block/Adminhtml/System/Config/Form/Info.php:14
Stack trace:
#0 /home/k8o67v43ra50/public_html/vendor/composer/ClassLoader.php(444): include()
#1 /home/k8o67v43ra50/public_html/vendor/composer/ClassLoader.php(322): Composer\Autoload\includeFile('/home/k8o67v43r...')
#2 [internal function]: Composer\Autoload\ClassLoader->loadClass('Magefan\\Zendesk...')
#3 [internal function]: spl_autoload_call('Magefan\\Zendesk...')
#4 /home/k8o67v43ra50/public_html/vendor/magento/framework/ObjectManager/Relations/Runtime.php(38): class_exists('Magefan\\Zendesk...')
#5 /home/k8o67v43ra50/public_html/vendor/magento/framework/Interception/Config/Config.php(157): Magento\Framework\ObjectManager\Relations\Runtime->has('Magefan\\Zendesk...')
#6 /home/k8o67v43ra50/public_html/vendor/magento/framework/Interception/Config/Config.php(180): Magento\Framework\Interception\Config\Config in /home/k8o67v43ra50/public_html/app/code/Magefan/ZendeskChat/Block/Adminhtml/System/Config/Form/Info.php on line 14
[25-Apr-2021 07:55:20 UTC] PHP Fatal error:  Uncaught Error: Class 'Magefan\Community\Block\Adminhtml\System\Config\Form\Info' not found in /home/k8o67v43ra50/public_html/app/code/Magefan/ZendeskChat/Block/Adminhtml/System/Config/Form/Info.php:14
Stack trace:
#0 /home/k8o67v43ra50/public_html/vendor/composer/ClassLoader.php(444): include()
#1 /home/k8o67v43ra50/public_html/vendor/composer/ClassLoader.php(322): Composer\Autoload\includeFile('/home/k8o67v43r...')
#2 [internal function]: Composer\Autoload\ClassLoader->loadClass('Magefan\\Zendesk...')
#3 [internal function]: spl_autoload_call('Magefan\\Zendesk...')
#4 /home/k8o67v43ra50/public_html/vendor/magento/framework/ObjectManager/Relations/Runtime.php(38): class_exists('Magefan\\Zendesk...')
#5 /home/k8o67v43ra50/public_html/vendor/magento/framework/Interception/Config/Config.php(157): Magento\Framework\ObjectManager\Relations\Runtime->has('Magefan\\Zendesk...')
#6 /home/k8o67v43ra50/public_html/vendor/magento/framework/Interception/Config/Config.php(180): Magento\Framework\Interception\Config\Config in /home/k8o67v43ra50/public_html/app/code/Magefan/ZendeskChat/Block/Adminhtml/System/Config/Form/Info.php on line 14
[28-Apr-2021 07:13:35 UTC] PHP Fatal error:  Uncaught Error: Class 'Magefan\Community\Block\Adminhtml\System\Config\Form\Info' not found in /home/k8o67v43ra50/public_html/app/code/Magefan/ZendeskChat/Block/Adminhtml/System/Config/Form/Info.php:14
Stack trace:
#0 /home/k8o67v43ra50/public_html/vendor/composer/ClassLoader.php(444): include()
#1 /home/k8o67v43ra50/public_html/vendor/composer/ClassLoader.php(322): Composer\Autoload\includeFile('/home/k8o67v43r...')
#2 [internal function]: Composer\Autoload\ClassLoader->loadClass('Magefan\\Zendesk...')
#3 [internal function]: spl_autoload_call('Magefan\\Zendesk...')
#4 /home/k8o67v43ra50/public_html/vendor/magento/framework/ObjectManager/Relations/Runtime.php(38): class_exists('Magefan\\Zendesk...')
#5 /home/k8o67v43ra50/public_html/vendor/magento/framework/Interception/Config/Config.php(157): Magento\Framework\ObjectManager\Relations\Runtime->has('Magefan\\Zendesk...')
#6 /home/k8o67v43ra50/public_html/vendor/magento/framework/Interception/Config/Config.php(180): Magento\Framework\Interception\Config\Config in /home/k8o67v43ra50/public_html/app/code/Magefan/ZendeskChat/Block/Adminhtml/System/Config/Form/Info.php on line 14
[28-Apr-2021 07:43:25 UTC] PHP Fatal error:  Allowed memory size of 1610612736 bytes exhausted (tried to allocate 167772160 bytes) in phar:///opt/cpanel/composer/bin/composer/src/Composer/DependencyResolver/RuleSet.php on line 90
[28-Apr-2021 12:37:14 UTC] PHP Fatal error:  Uncaught Error: Class 'Magefan\Community\Block\Adminhtml\System\Config\Form\Info' not found in /home/k8o67v43ra50/public_html/app/code/Magefan/ZendeskChat/Block/Adminhtml/System/Config/Form/Info.php:14
Stack trace:
#0 /home/k8o67v43ra50/public_html/vendor/composer/ClassLoader.php(444): include()
#1 /home/k8o67v43ra50/public_html/vendor/composer/ClassLoader.php(322): Composer\Autoload\includeFile('/home/k8o67v43r...')
#2 [internal function]: Composer\Autoload\ClassLoader->loadClass('Magefan\\Zendesk...')
#3 [internal function]: spl_autoload_call('Magefan\\Zendesk...')
#4 /home/k8o67v43ra50/public_html/vendor/magento/framework/ObjectManager/Relations/Runtime.php(38): class_exists('Magefan\\Zendesk...')
#5 /home/k8o67v43ra50/public_html/vendor/magento/framework/Interception/Config/Config.php(157): Magento\Framework\ObjectManager\Relations\Runtime->has('Magefan\\Zendesk...')
#6 /home/k8o67v43ra50/public_html/vendor/magento/framework/Interception/Config/Config.php(180): Magento\Framework\Interception\Config\Config in /home/k8o67v43ra50/public_html/app/code/Magefan/ZendeskChat/Block/Adminhtml/System/Config/Form/Info.php on line 14
[28-Apr-2021 13:23:30 UTC] PHP Fatal error:  Uncaught Error: Class 'Hyperpay\Extension\Block\Display' not found in /home/k8o67v43ra50/public_html/app/code/Mstore/PaymentResolver/Block/Display.php:8
Stack trace:
#0 /home/k8o67v43ra50/public_html/vendor/composer/ClassLoader.php(444): include()
#1 /home/k8o67v43ra50/public_html/vendor/composer/ClassLoader.php(322): Composer\Autoload\includeFile('/home/k8o67v43r...')
#2 [internal function]: Composer\Autoload\ClassLoader->loadClass('Mstore\\PaymentR...')
#3 [internal function]: spl_autoload_call('Mstore\\PaymentR...')
#4 /home/k8o67v43ra50/public_html/setup/src/Magento/Setup/Module/Di/Code/Reader/ClassesScanner.php(133): class_exists('Mstore\\PaymentR...')
#5 /home/k8o67v43ra50/public_html/setup/src/Magento/Setup/Module/Di/Code/Reader/ClassesScanner.php(117): Magento\Setup\Module\Di\Code\Reader\ClassesScanner->includeClasses(Array, '/home/k8o67v43r...')
#6 /home/k8o67v43ra50/public_html/setup/src/Magento/Setup/Module/Di/Code/Reader/ClassesScanner.php(88): Magento\Setup\Module\Di\Code\Reader\ClassesScanner->e in /home/k8o67v43ra50/public_html/app/code/Mstore/PaymentResolver/Block/Display.php on line 8
[28-Apr-2021 13:24:00 UTC] PHP Fatal error:  Uncaught Error: Class 'Hyperpay\Extension\Block\Display' not found in /home/k8o67v43ra50/public_html/app/code/Mstore/PaymentResolver/Block/Display.php:8
Stack trace:
#0 /home/k8o67v43ra50/public_html/vendor/composer/ClassLoader.php(444): include()
#1 /home/k8o67v43ra50/public_html/vendor/composer/ClassLoader.php(322): Composer\Autoload\includeFile('/home/k8o67v43r...')
#2 [internal function]: Composer\Autoload\ClassLoader->loadClass('Mstore\\PaymentR...')
#3 [internal function]: spl_autoload_call('Mstore\\PaymentR...')
#4 /home/k8o67v43ra50/public_html/setup/src/Magento/Setup/Module/Di/Code/Reader/ClassesScanner.php(133): class_exists('Mstore\\PaymentR...')
#5 /home/k8o67v43ra50/public_html/setup/src/Magento/Setup/Module/Di/Code/Reader/ClassesScanner.php(117): Magento\Setup\Module\Di\Code\Reader\ClassesScanner->includeClasses(Array, '/home/k8o67v43r...')
#6 /home/k8o67v43ra50/public_html/setup/src/Magento/Setup/Module/Di/Code/Reader/ClassesScanner.php(88): Magento\Setup\Module\Di\Code\Reader\ClassesScanner->e in /home/k8o67v43ra50/public_html/app/code/Mstore/PaymentResolver/Block/Display.php on line 8
[28-Apr-2021 13:24:37 UTC] PHP Fatal error:  Uncaught Error: Class 'Hyperpay\Extension\Block\Display' not found in /home/k8o67v43ra50/public_html/app/code/Mstore/PaymentResolver/Block/Display.php:8
Stack trace:
#0 /home/k8o67v43ra50/public_html/vendor/composer/ClassLoader.php(444): include()
#1 /home/k8o67v43ra50/public_html/vendor/composer/ClassLoader.php(322): Composer\Autoload\includeFile('/home/k8o67v43r...')
#2 [internal function]: Composer\Autoload\ClassLoader->loadClass('Mstore\\PaymentR...')
#3 [internal function]: spl_autoload_call('Mstore\\PaymentR...')
#4 /home/k8o67v43ra50/public_html/setup/src/Magento/Setup/Module/Di/Code/Reader/ClassesScanner.php(133): class_exists('Mstore\\PaymentR...')
#5 /home/k8o67v43ra50/public_html/setup/src/Magento/Setup/Module/Di/Code/Reader/ClassesScanner.php(117): Magento\Setup\Module\Di\Code\Reader\ClassesScanner->includeClasses(Array, '/home/k8o67v43r...')
#6 /home/k8o67v43ra50/public_html/setup/src/Magento/Setup/Module/Di/Code/Reader/ClassesScanner.php(88): Magento\Setup\Module\Di\Code\Reader\ClassesScanner->e in /home/k8o67v43ra50/public_html/app/code/Mstore/PaymentResolver/Block/Display.php on line 8
[28-Apr-2021 13:25:48 UTC] PHP Fatal error:  Uncaught Error: Class 'Hyperpay\Extension\Block\Display' not found in /home/k8o67v43ra50/public_html/app/code/Mstore/PaymentResolver/Block/Display.php:8
Stack trace:
#0 /home/k8o67v43ra50/public_html/vendor/composer/ClassLoader.php(444): include()
#1 /home/k8o67v43ra50/public_html/vendor/composer/ClassLoader.php(322): Composer\Autoload\includeFile('/home/k8o67v43r...')
#2 [internal function]: Composer\Autoload\ClassLoader->loadClass('Mstore\\PaymentR...')
#3 [internal function]: spl_autoload_call('Mstore\\PaymentR...')
#4 /home/k8o67v43ra50/public_html/setup/src/Magento/Setup/Module/Di/Code/Reader/ClassesScanner.php(133): class_exists('Mstore\\PaymentR...')
#5 /home/k8o67v43ra50/public_html/setup/src/Magento/Setup/Module/Di/Code/Reader/ClassesScanner.php(117): Magento\Setup\Module\Di\Code\Reader\ClassesScanner->includeClasses(Array, '/home/k8o67v43r...')
#6 /home/k8o67v43ra50/public_html/setup/src/Magento/Setup/Module/Di/Code/Reader/ClassesScanner.php(88): Magento\Setup\Module\Di\Code\Reader\ClassesScanner->e in /home/k8o67v43ra50/public_html/app/code/Mstore/PaymentResolver/Block/Display.php on line 8
[28-Apr-2021 13:29:23 UTC] PHP Fatal error:  Uncaught Error: Class 'Hyperpay\Extension\Block\Display' not found in /home/k8o67v43ra50/public_html/app/code/Mstore/PaymentResolver/Block/Display.php:8
Stack trace:
#0 /home/k8o67v43ra50/public_html/vendor/composer/ClassLoader.php(444): include()
#1 /home/k8o67v43ra50/public_html/vendor/composer/ClassLoader.php(322): Composer\Autoload\includeFile('/home/k8o67v43r...')
#2 [internal function]: Composer\Autoload\ClassLoader->loadClass('Mstore\\PaymentR...')
#3 [internal function]: spl_autoload_call('Mstore\\PaymentR...')
#4 /home/k8o67v43ra50/public_html/setup/src/Magento/Setup/Module/Di/Code/Reader/ClassesScanner.php(133): class_exists('Mstore\\PaymentR...')
#5 /home/k8o67v43ra50/public_html/setup/src/Magento/Setup/Module/Di/Code/Reader/ClassesScanner.php(117): Magento\Setup\Module\Di\Code\Reader\ClassesScanner->includeClasses(Array, '/home/k8o67v43r...')
#6 /home/k8o67v43ra50/public_html/setup/src/Magento/Setup/Module/Di/Code/Reader/ClassesScanner.php(88): Magento\Setup\Module\Di\Code\Reader\ClassesScanner->e in /home/k8o67v43ra50/public_html/app/code/Mstore/PaymentResolver/Block/Display.php on line 8
[28-Apr-2021 13:30:42 UTC] PHP Fatal error:  Uncaught Error: Class 'Hyperpay\Extension\Block\Display' not found in /home/k8o67v43ra50/public_html/app/code/Mstore/PaymentResolver/Block/Display.php:8
Stack trace:
#0 /home/k8o67v43ra50/public_html/vendor/composer/ClassLoader.php(444): include()
#1 /home/k8o67v43ra50/public_html/vendor/composer/ClassLoader.php(322): Composer\Autoload\includeFile('/home/k8o67v43r...')
#2 [internal function]: Composer\Autoload\ClassLoader->loadClass('Mstore\\PaymentR...')
#3 [internal function]: spl_autoload_call('Mstore\\PaymentR...')
#4 /home/k8o67v43ra50/public_html/setup/src/Magento/Setup/Module/Di/Code/Reader/ClassesScanner.php(133): class_exists('Mstore\\PaymentR...')
#5 /home/k8o67v43ra50/public_html/setup/src/Magento/Setup/Module/Di/Code/Reader/ClassesScanner.php(117): Magento\Setup\Module\Di\Code\Reader\ClassesScanner->includeClasses(Array, '/home/k8o67v43r...')
#6 /home/k8o67v43ra50/public_html/setup/src/Magento/Setup/Module/Di/Code/Reader/ClassesScanner.php(88): Magento\Setup\Module\Di\Code\Reader\ClassesScanner->e in /home/k8o67v43ra50/public_html/app/code/Mstore/PaymentResolver/Block/Display.php on line 8
[28-Apr-2021 13:32:28 UTC] PHP Fatal error:  Uncaught Error: Class 'Hyperpay\Extension\Block\Display' not found in /home/k8o67v43ra50/public_html/app/code/Mstore/PaymentResolver/Block/Display.php:8
Stack trace:
#0 /home/k8o67v43ra50/public_html/vendor/composer/ClassLoader.php(444): include()
#1 /home/k8o67v43ra50/public_html/vendor/composer/ClassLoader.php(322): Composer\Autoload\includeFile('/home/k8o67v43r...')
#2 [internal function]: Composer\Autoload\ClassLoader->loadClass('Mstore\\PaymentR...')
#3 [internal function]: spl_autoload_call('Mstore\\PaymentR...')
#4 /home/k8o67v43ra50/public_html/setup/src/Magento/Setup/Module/Di/Code/Reader/ClassesScanner.php(133): class_exists('Mstore\\PaymentR...')
#5 /home/k8o67v43ra50/public_html/setup/src/Magento/Setup/Module/Di/Code/Reader/ClassesScanner.php(117): Magento\Setup\Module\Di\Code\Reader\ClassesScanner->includeClasses(Array, '/home/k8o67v43r...')
#6 /home/k8o67v43ra50/public_html/setup/src/Magento/Setup/Module/Di/Code/Reader/ClassesScanner.php(88): Magento\Setup\Module\Di\Code\Reader\ClassesScanner->e in /home/k8o67v43ra50/public_html/app/code/Mstore/PaymentResolver/Block/Display.php on line 8
[28-Apr-2021 13:33:52 UTC] PHP Fatal error:  Uncaught Error: Class 'Hyperpay\Extension\Block\Display' not found in /home/k8o67v43ra50/public_html/app/code/Mstore/PaymentResolver/Block/Display.php:8
Stack trace:
#0 /home/k8o67v43ra50/public_html/vendor/composer/ClassLoader.php(444): include()
#1 /home/k8o67v43ra50/public_html/vendor/composer/ClassLoader.php(322): Composer\Autoload\includeFile('/home/k8o67v43r...')
#2 [internal function]: Composer\Autoload\ClassLoader->loadClass('Mstore\\PaymentR...')
#3 [internal function]: spl_autoload_call('Mstore\\PaymentR...')
#4 /home/k8o67v43ra50/public_html/setup/src/Magento/Setup/Module/Di/Code/Reader/ClassesScanner.php(133): class_exists('Mstore\\PaymentR...')
#5 /home/k8o67v43ra50/public_html/setup/src/Magento/Setup/Module/Di/Code/Reader/ClassesScanner.php(117): Magento\Setup\Module\Di\Code\Reader\ClassesScanner->includeClasses(Array, '/home/k8o67v43r...')
#6 /home/k8o67v43ra50/public_html/setup/src/Magento/Setup/Module/Di/Code/Reader/ClassesScanner.php(88): Magento\Setup\Module\Di\Code\Reader\ClassesScanner->e in /home/k8o67v43ra50/public_html/app/code/Mstore/PaymentResolver/Block/Display.php on line 8
[28-Apr-2021 13:34:18 UTC] PHP Fatal error:  Uncaught Error: Class 'Hyperpay\Extension\Block\Display' not found in /home/k8o67v43ra50/public_html/app/code/Mstore/PaymentResolver/Block/Display.php:8
Stack trace:
#0 /home/k8o67v43ra50/public_html/vendor/composer/ClassLoader.php(444): include()
#1 /home/k8o67v43ra50/public_html/vendor/composer/ClassLoader.php(322): Composer\Autoload\includeFile('/home/k8o67v43r...')
#2 [internal function]: Composer\Autoload\ClassLoader->loadClass('Mstore\\PaymentR...')
#3 [internal function]: spl_autoload_call('Mstore\\PaymentR...')
#4 /home/k8o67v43ra50/public_html/setup/src/Magento/Setup/Module/Di/Code/Reader/ClassesScanner.php(133): class_exists('Mstore\\PaymentR...')
#5 /home/k8o67v43ra50/public_html/setup/src/Magento/Setup/Module/Di/Code/Reader/ClassesScanner.php(117): Magento\Setup\Module\Di\Code\Reader\ClassesScanner->includeClasses(Array, '/home/k8o67v43r...')
#6 /home/k8o67v43ra50/public_html/setup/src/Magento/Setup/Module/Di/Code/Reader/ClassesScanner.php(88): Magento\Setup\Module\Di\Code\Reader\ClassesScanner->e in /home/k8o67v43ra50/public_html/app/code/Mstore/PaymentResolver/Block/Display.php on line 8
[28-Apr-2021 13:34:55 UTC] PHP Fatal error:  Uncaught Error: Class 'Hyperpay\Extension\Block\Display' not found in /home/k8o67v43ra50/public_html/app/code/Mstore/PaymentResolver/Block/Display.php:8
Stack trace:
#0 /home/k8o67v43ra50/public_html/vendor/composer/ClassLoader.php(444): include()
#1 /home/k8o67v43ra50/public_html/vendor/composer/ClassLoader.php(322): Composer\Autoload\includeFile('/home/k8o67v43r...')
#2 [internal function]: Composer\Autoload\ClassLoader->loadClass('Mstore\\PaymentR...')
#3 [internal function]: spl_autoload_call('Mstore\\PaymentR...')
#4 /home/k8o67v43ra50/public_html/setup/src/Magento/Setup/Module/Di/Code/Reader/ClassesScanner.php(133): class_exists('Mstore\\PaymentR...')
#5 /home/k8o67v43ra50/public_html/setup/src/Magento/Setup/Module/Di/Code/Reader/ClassesScanner.php(117): Magento\Setup\Module\Di\Code\Reader\ClassesScanner->includeClasses(Array, '/home/k8o67v43r...')
#6 /home/k8o67v43ra50/public_html/setup/src/Magento/Setup/Module/Di/Code/Reader/ClassesScanner.php(88): Magento\Setup\Module\Di\Code\Reader\ClassesScanner->e in /home/k8o67v43ra50/public_html/app/code/Mstore/PaymentResolver/Block/Display.php on line 8
[28-Apr-2021 13:35:58 UTC] PHP Fatal error:  Uncaught Error: Class 'Hyperpay\Extension\Block\Display' not found in /home/k8o67v43ra50/public_html/app/code/Mstore/PaymentResolver/Block/Display.php:8
Stack trace:
#0 /home/k8o67v43ra50/public_html/vendor/composer/ClassLoader.php(444): include()
#1 /home/k8o67v43ra50/public_html/vendor/composer/ClassLoader.php(322): Composer\Autoload\includeFile('/home/k8o67v43r...')
#2 [internal function]: Composer\Autoload\ClassLoader->loadClass('Mstore\\PaymentR...')
#3 [internal function]: spl_autoload_call('Mstore\\PaymentR...')
#4 /home/k8o67v43ra50/public_html/setup/src/Magento/Setup/Module/Di/Code/Reader/ClassesScanner.php(133): class_exists('Mstore\\PaymentR...')
#5 /home/k8o67v43ra50/public_html/setup/src/Magento/Setup/Module/Di/Code/Reader/ClassesScanner.php(117): Magento\Setup\Module\Di\Code\Reader\ClassesScanner->includeClasses(Array, '/home/k8o67v43r...')
#6 /home/k8o67v43ra50/public_html/setup/src/Magento/Setup/Module/Di/Code/Reader/ClassesScanner.php(88): Magento\Setup\Module\Di\Code\Reader\ClassesScanner->e in /home/k8o67v43ra50/public_html/app/code/Mstore/PaymentResolver/Block/Display.php on line 8
[28-Apr-2021 13:38:08 UTC] PHP Fatal error:  Uncaught Error: Class 'Hyperpay\Extension\Block\Display' not found in /home/k8o67v43ra50/public_html/app/code/Mstore/PaymentResolver/Block/Display.php:8
Stack trace:
#0 /home/k8o67v43ra50/public_html/vendor/composer/ClassLoader.php(444): include()
#1 /home/k8o67v43ra50/public_html/vendor/composer/ClassLoader.php(322): Composer\Autoload\includeFile('/home/k8o67v43r...')
#2 [internal function]: Composer\Autoload\ClassLoader->loadClass('Mstore\\PaymentR...')
#3 [internal function]: spl_autoload_call('Mstore\\PaymentR...')
#4 /home/k8o67v43ra50/public_html/setup/src/Magento/Setup/Module/Di/Code/Reader/ClassesScanner.php(133): class_exists('Mstore\\PaymentR...')
#5 /home/k8o67v43ra50/public_html/setup/src/Magento/Setup/Module/Di/Code/Reader/ClassesScanner.php(117): Magento\Setup\Module\Di\Code\Reader\ClassesScanner->includeClasses(Array, '/home/k8o67v43r...')
#6 /home/k8o67v43ra50/public_html/setup/src/Magento/Setup/Module/Di/Code/Reader/ClassesScanner.php(88): Magento\Setup\Module\Di\Code\Reader\ClassesScanner->e in /home/k8o67v43ra50/public_html/app/code/Mstore/PaymentResolver/Block/Display.php on line 8
[28-Apr-2021 13:39:10 UTC] PHP Fatal error:  Uncaught Error: Class 'Hyperpay\Extension\Block\Display' not found in /home/k8o67v43ra50/public_html/app/code/Mstore/PaymentResolver/Block/Display.php:8
Stack trace:
#0 /home/k8o67v43ra50/public_html/vendor/composer/ClassLoader.php(444): include()
#1 /home/k8o67v43ra50/public_html/vendor/composer/ClassLoader.php(322): Composer\Autoload\includeFile('/home/k8o67v43r...')
#2 [internal function]: Composer\Autoload\ClassLoader->loadClass('Mstore\\PaymentR...')
#3 [internal function]: spl_autoload_call('Mstore\\PaymentR...')
#4 /home/k8o67v43ra50/public_html/setup/src/Magento/Setup/Module/Di/Code/Reader/ClassesScanner.php(133): class_exists('Mstore\\PaymentR...')
#5 /home/k8o67v43ra50/public_html/setup/src/Magento/Setup/Module/Di/Code/Reader/ClassesScanner.php(117): Magento\Setup\Module\Di\Code\Reader\ClassesScanner->includeClasses(Array, '/home/k8o67v43r...')
#6 /home/k8o67v43ra50/public_html/setup/src/Magento/Setup/Module/Di/Code/Reader/ClassesScanner.php(88): Magento\Setup\Module\Di\Code\Reader\ClassesScanner->e in /home/k8o67v43ra50/public_html/app/code/Mstore/PaymentResolver/Block/Display.php on line 8
[28-Apr-2021 13:41:15 UTC] PHP Fatal error:  Uncaught Error: Class 'Hyperpay\Extension\Block\Display' not found in /home/k8o67v43ra50/public_html/app/code/Mstore/PaymentResolver/Block/Display.php:8
Stack trace:
#0 /home/k8o67v43ra50/public_html/vendor/composer/ClassLoader.php(444): include()
#1 /home/k8o67v43ra50/public_html/vendor/composer/ClassLoader.php(322): Composer\Autoload\includeFile('/home/k8o67v43r...')
#2 [internal function]: Composer\Autoload\ClassLoader->loadClass('Mstore\\PaymentR...')
#3 [internal function]: spl_autoload_call('Mstore\\PaymentR...')
#4 /home/k8o67v43ra50/public_html/setup/src/Magento/Setup/Module/Di/Code/Reader/ClassesScanner.php(133): class_exists('Mstore\\PaymentR...')
#5 /home/k8o67v43ra50/public_html/setup/src/Magento/Setup/Module/Di/Code/Reader/ClassesScanner.php(117): Magento\Setup\Module\Di\Code\Reader\ClassesScanner->includeClasses(Array, '/home/k8o67v43r...')
#6 /home/k8o67v43ra50/public_html/setup/src/Magento/Setup/Module/Di/Code/Reader/ClassesScanner.php(88): Magento\Setup\Module\Di\Code\Reader\ClassesScanner->e in /home/k8o67v43ra50/public_html/app/code/Mstore/PaymentResolver/Block/Display.php on line 8
[28-Apr-2021 13:45:16 UTC] PHP Fatal error:  Uncaught Error: Class 'Hyperpay\Extension\Block\Display' not found in /home/k8o67v43ra50/public_html/app/code/Mstore/PaymentResolver/Block/Display.php:8
Stack trace:
#0 /home/k8o67v43ra50/public_html/vendor/composer/ClassLoader.php(444): include()
#1 /home/k8o67v43ra50/public_html/vendor/composer/ClassLoader.php(322): Composer\Autoload\includeFile('/home/k8o67v43r...')
#2 [internal function]: Composer\Autoload\ClassLoader->loadClass('Mstore\\PaymentR...')
#3 [internal function]: spl_autoload_call('Mstore\\PaymentR...')
#4 /home/k8o67v43ra50/public_html/setup/src/Magento/Setup/Module/Di/Code/Reader/ClassesScanner.php(133): class_exists('Mstore\\PaymentR...')
#5 /home/k8o67v43ra50/public_html/setup/src/Magento/Setup/Module/Di/Code/Reader/ClassesScanner.php(117): Magento\Setup\Module\Di\Code\Reader\ClassesScanner->includeClasses(Array, '/home/k8o67v43r...')
#6 /home/k8o67v43ra50/public_html/setup/src/Magento/Setup/Module/Di/Code/Reader/ClassesScanner.php(88): Magento\Setup\Module\Di\Code\Reader\ClassesScanner->e in /home/k8o67v43ra50/public_html/app/code/Mstore/PaymentResolver/Block/Display.php on line 8
[28-Apr-2021 13:50:50 UTC] PHP Fatal error:  Uncaught Error: Class 'Hyperpay\Extension\Block\Display' not found in /home/k8o67v43ra50/public_html/app/code/Mstore/PaymentResolver/Block/Display.php:8
Stack trace:
#0 /home/k8o67v43ra50/public_html/vendor/composer/ClassLoader.php(444): include()
#1 /home/k8o67v43ra50/public_html/vendor/composer/ClassLoader.php(322): Composer\Autoload\includeFile('/home/k8o67v43r...')
#2 [internal function]: Composer\Autoload\ClassLoader->loadClass('Mstore\\PaymentR...')
#3 [internal function]: spl_autoload_call('Mstore\\PaymentR...')
#4 /home/k8o67v43ra50/public_html/setup/src/Magento/Setup/Module/Di/Code/Reader/ClassesScanner.php(133): class_exists('Mstore\\PaymentR...')
#5 /home/k8o67v43ra50/public_html/setup/src/Magento/Setup/Module/Di/Code/Reader/ClassesScanner.php(117): Magento\Setup\Module\Di\Code\Reader\ClassesScanner->includeClasses(Array, '/home/k8o67v43r...')
#6 /home/k8o67v43ra50/public_html/setup/src/Magento/Setup/Module/Di/Code/Reader/ClassesScanner.php(88): Magento\Setup\Module\Di\Code\Reader\ClassesScanner->e in /home/k8o67v43ra50/public_html/app/code/Mstore/PaymentResolver/Block/Display.php on line 8
[28-Apr-2021 13:51:46 UTC] PHP Fatal error:  Uncaught Error: Class 'Hyperpay\Extension\Block\Display' not found in /home/k8o67v43ra50/public_html/app/code/Mstore/PaymentResolver/Block/Display.php:8
Stack trace:
#0 /home/k8o67v43ra50/public_html/vendor/composer/ClassLoader.php(444): include()
#1 /home/k8o67v43ra50/public_html/vendor/composer/ClassLoader.php(322): Composer\Autoload\includeFile('/home/k8o67v43r...')
#2 [internal function]: Composer\Autoload\ClassLoader->loadClass('Mstore\\PaymentR...')
#3 [internal function]: spl_autoload_call('Mstore\\PaymentR...')
#4 /home/k8o67v43ra50/public_html/setup/src/Magento/Setup/Module/Di/Code/Reader/ClassesScanner.php(133): class_exists('Mstore\\PaymentR...')
#5 /home/k8o67v43ra50/public_html/setup/src/Magento/Setup/Module/Di/Code/Reader/ClassesScanner.php(117): Magento\Setup\Module\Di\Code\Reader\ClassesScanner->includeClasses(Array, '/home/k8o67v43r...')
#6 /home/k8o67v43ra50/public_html/setup/src/Magento/Setup/Module/Di/Code/Reader/ClassesScanner.php(88): Magento\Setup\Module\Di\Code\Reader\ClassesScanner->e in /home/k8o67v43ra50/public_html/app/code/Mstore/PaymentResolver/Block/Display.php on line 8
[28-Apr-2021 13:58:08 UTC] PHP Fatal error:  Uncaught Error: Class 'Hyperpay\Extension\Block\Display' not found in /home/k8o67v43ra50/public_html/app/code/Mstore/PaymentResolver/Block/Display.php:8
Stack trace:
#0 /home/k8o67v43ra50/public_html/vendor/composer/ClassLoader.php(444): include()
#1 /home/k8o67v43ra50/public_html/vendor/composer/ClassLoader.php(322): Composer\Autoload\includeFile('/home/k8o67v43r...')
#2 [internal function]: Composer\Autoload\ClassLoader->loadClass('Mstore\\PaymentR...')
#3 [internal function]: spl_autoload_call('Mstore\\PaymentR...')
#4 /home/k8o67v43ra50/public_html/setup/src/Magento/Setup/Module/Di/Code/Reader/ClassesScanner.php(133): class_exists('Mstore\\PaymentR...')
#5 /home/k8o67v43ra50/public_html/setup/src/Magento/Setup/Module/Di/Code/Reader/ClassesScanner.php(117): Magento\Setup\Module\Di\Code\Reader\ClassesScanner->includeClasses(Array, '/home/k8o67v43r...')
#6 /home/k8o67v43ra50/public_html/setup/src/Magento/Setup/Module/Di/Code/Reader/ClassesScanner.php(88): Magento\Setup\Module\Di\Code\Reader\ClassesScanner->e in /home/k8o67v43ra50/public_html/app/code/Mstore/PaymentResolver/Block/Display.php on line 8
[24-May-2021 06:44:35 UTC] PHP Fatal error:  Uncaught Error: Class 'Hyperpay\Extension\Block\Display' not found in /home/k8o67v43ra50/public_html/app/code/Mstore/PaymentResolver/Block/Display.php:8
Stack trace:
#0 /home/k8o67v43ra50/public_html/vendor/composer/ClassLoader.php(444): include()
#1 /home/k8o67v43ra50/public_html/vendor/composer/ClassLoader.php(322): Composer\Autoload\includeFile('/home/k8o67v43r...')
#2 [internal function]: Composer\Autoload\ClassLoader->loadClass('Mstore\\PaymentR...')
#3 [internal function]: spl_autoload_call('Mstore\\PaymentR...')
#4 /home/k8o67v43ra50/public_html/setup/src/Magento/Setup/Module/Di/Code/Reader/ClassesScanner.php(133): class_exists('Mstore\\PaymentR...')
#5 /home/k8o67v43ra50/public_html/setup/src/Magento/Setup/Module/Di/Code/Reader/ClassesScanner.php(117): Magento\Setup\Module\Di\Code\Reader\ClassesScanner->includeClasses(Array, '/home/k8o67v43r...')
#6 /home/k8o67v43ra50/public_html/setup/src/Magento/Setup/Module/Di/Code/Reader/ClassesScanner.php(88): Magento\Setup\Module\Di\Code\Reader\ClassesScanner->e in /home/k8o67v43ra50/public_html/app/code/Mstore/PaymentResolver/Block/Display.php on line 8
[28-May-2021 09:21:39 UTC] PHP Fatal error:  Uncaught Error: Call to a member function getUrl() on null in /home/k8o67v43ra50/public_html/vendor/magento/module-sales/view/frontend/templates/email/shipment/track.phtml:28
Stack trace:
#0 /home/k8o67v43ra50/public_html/vendor/magento/framework/View/TemplateEngine/Php.php(59): include()
#1 /home/k8o67v43ra50/public_html/vendor/magento/framework/View/Element/Template.php(271): Magento\Framework\View\TemplateEngine\Php->render(Object(Magento\Framework\View\Element\Template), '/home/k8o67v43r...', Array)
#2 /home/k8o67v43ra50/public_html/vendor/magento/framework/View/Element/Template.php(301): Magento\Framework\View\Element\Template->fetchView('/home/k8o67v43r...')
#3 /home/k8o67v43ra50/public_html/vendor/magento/framework/View/Element/AbstractBlock.php(1100): Magento\Framework\View\Element\Template->_toHtml()
#4 /home/k8o67v43ra50/public_html/vendor/magento/framework/View/Element/AbstractBlock.php(1104): Magento\Framework\View\Element\AbstractBlock->Magento\Framework\View\Element\{closure}()
#5 /home/k8o67v43 in /home/k8o67v43ra50/public_html/vendor/magento/module-sales/view/frontend/templates/email/shipment/track.phtml on line 28
[31-May-2021 12:23:41 UTC] PHP Fatal error:  Uncaught Error: Call to a member function getUrl() on null in /home/k8o67v43ra50/public_html/vendor/magento/module-sales/view/frontend/templates/email/shipment/track.phtml:28
Stack trace:
#0 /home/k8o67v43ra50/public_html/vendor/magento/framework/View/TemplateEngine/Php.php(59): include()
#1 /home/k8o67v43ra50/public_html/vendor/magento/framework/View/Element/Template.php(271): Magento\Framework\View\TemplateEngine\Php->render(Object(Magento\Framework\View\Element\Template), '/home/k8o67v43r...', Array)
#2 /home/k8o67v43ra50/public_html/vendor/magento/framework/View/Element/Template.php(301): Magento\Framework\View\Element\Template->fetchView('/home/k8o67v43r...')
#3 /home/k8o67v43ra50/public_html/vendor/magento/framework/View/Element/AbstractBlock.php(1100): Magento\Framework\View\Element\Template->_toHtml()
#4 /home/k8o67v43ra50/public_html/vendor/magento/framework/View/Element/AbstractBlock.php(1104): Magento\Framework\View\Element\AbstractBlock->Magento\Framework\View\Element\{closure}()
#5 /home/k8o67v43 in /home/k8o67v43ra50/public_html/vendor/magento/module-sales/view/frontend/templates/email/shipment/track.phtml on line 28
[02-Jun-2021 11:57:11 UTC] PHP Fatal error:  Uncaught Error: Class 'Hyperpay\Extension\Block\Display' not found in /home/k8o67v43ra50/public_html/app/code/Mstore/PaymentResolver/Block/Display.php:8
Stack trace:
#0 /home/k8o67v43ra50/public_html/vendor/composer/ClassLoader.php(444): include()
#1 /home/k8o67v43ra50/public_html/vendor/composer/ClassLoader.php(322): Composer\Autoload\includeFile('/home/k8o67v43r...')
#2 [internal function]: Composer\Autoload\ClassLoader->loadClass('Mstore\\PaymentR...')
#3 [internal function]: spl_autoload_call('Mstore\\PaymentR...')
#4 /home/k8o67v43ra50/public_html/setup/src/Magento/Setup/Module/Di/Code/Reader/ClassesScanner.php(133): class_exists('Mstore\\PaymentR...')
#5 /home/k8o67v43ra50/public_html/setup/src/Magento/Setup/Module/Di/Code/Reader/ClassesScanner.php(117): Magento\Setup\Module\Di\Code\Reader\ClassesScanner->includeClasses(Array, '/home/k8o67v43r...')
#6 /home/k8o67v43ra50/public_html/setup/src/Magento/Setup/Module/Di/Code/Reader/ClassesScanner.php(88): Magento\Setup\Module\Di\Code\Reader\ClassesScanner->e in /home/k8o67v43ra50/public_html/app/code/Mstore/PaymentResolver/Block/Display.php on line 8
[08-Aug-2021 18:51:27 UTC] PHP Fatal error:  Uncaught Error: Class 'Hyperpay\Extension\Block\Display' not found in /home/k8o67v43ra50/public_html/app/code/Mstore/PaymentResolver/Block/Display.php:8
Stack trace:
#0 /home/k8o67v43ra50/public_html/vendor/composer/ClassLoader.php(444): include()
#1 /home/k8o67v43ra50/public_html/vendor/composer/ClassLoader.php(322): Composer\Autoload\includeFile('/home/k8o67v43r...')
#2 [internal function]: Composer\Autoload\ClassLoader->loadClass('Mstore\\PaymentR...')
#3 [internal function]: spl_autoload_call('Mstore\\PaymentR...')
#4 /home/k8o67v43ra50/public_html/setup/src/Magento/Setup/Module/Di/Code/Reader/ClassesScanner.php(133): class_exists('Mstore\\PaymentR...')
#5 /home/k8o67v43ra50/public_html/setup/src/Magento/Setup/Module/Di/Code/Reader/ClassesScanner.php(117): Magento\Setup\Module\Di\Code\Reader\ClassesScanner->includeClasses(Array, '/home/k8o67v43r...')
#6 /home/k8o67v43ra50/public_html/setup/src/Magento/Setup/Module/Di/Code/Reader/ClassesScanner.php(88): Magento\Setup\Module\Di\Code\Reader\ClassesScanner->e in /home/k8o67v43ra50/public_html/app/code/Mstore/PaymentResolver/Block/Display.php on line 8
[08-Aug-2021 18:52:24 UTC] PHP Fatal error:  Uncaught Error: Class 'Hyperpay\Extension\Block\Display' not found in /home/k8o67v43ra50/public_html/app/code/Mstore/PaymentResolver/Block/Display.php:8
Stack trace:
#0 /home/k8o67v43ra50/public_html/vendor/composer/ClassLoader.php(444): include()
#1 /home/k8o67v43ra50/public_html/vendor/composer/ClassLoader.php(322): Composer\Autoload\includeFile('/home/k8o67v43r...')
#2 [internal function]: Composer\Autoload\ClassLoader->loadClass('Mstore\\PaymentR...')
#3 [internal function]: spl_autoload_call('Mstore\\PaymentR...')
#4 /home/k8o67v43ra50/public_html/setup/src/Magento/Setup/Module/Di/Code/Reader/ClassesScanner.php(133): class_exists('Mstore\\PaymentR...')
#5 /home/k8o67v43ra50/public_html/setup/src/Magento/Setup/Module/Di/Code/Reader/ClassesScanner.php(117): Magento\Setup\Module\Di\Code\Reader\ClassesScanner->includeClasses(Array, '/home/k8o67v43r...')
#6 /home/k8o67v43ra50/public_html/setup/src/Magento/Setup/Module/Di/Code/Reader/ClassesScanner.php(88): Magento\Setup\Module\Di\Code\Reader\ClassesScanner->e in /home/k8o67v43ra50/public_html/app/code/Mstore/PaymentResolver/Block/Display.php on line 8
[10-Aug-2021 09:58:19 UTC] PHP Fatal error:  Uncaught Error: Class 'Hyperpay\Extension\Block\Display' not found in /home/k8o67v43ra50/public_html/app/code/Mstore/PaymentResolver/Block/Display.php:8
Stack trace:
#0 /home/k8o67v43ra50/public_html/vendor/composer/ClassLoader.php(444): include()
#1 /home/k8o67v43ra50/public_html/vendor/composer/ClassLoader.php(322): Composer\Autoload\includeFile('/home/k8o67v43r...')
#2 [internal function]: Composer\Autoload\ClassLoader->loadClass('Mstore\\PaymentR...')
#3 [internal function]: spl_autoload_call('Mstore\\PaymentR...')
#4 /home/k8o67v43ra50/public_html/setup/src/Magento/Setup/Module/Di/Code/Reader/ClassesScanner.php(133): class_exists('Mstore\\PaymentR...')
#5 /home/k8o67v43ra50/public_html/setup/src/Magento/Setup/Module/Di/Code/Reader/ClassesScanner.php(117): Magento\Setup\Module\Di\Code\Reader\ClassesScanner->includeClasses(Array, '/home/k8o67v43r...')
#6 /home/k8o67v43ra50/public_html/setup/src/Magento/Setup/Module/Di/Code/Reader/ClassesScanner.php(88): Magento\Setup\Module\Di\Code\Reader\ClassesScanner->e in /home/k8o67v43ra50/public_html/app/code/Mstore/PaymentResolver/Block/Display.php on line 8
[10-Aug-2021 09:59:48 UTC] PHP Fatal error:  Uncaught Error: Class 'Hyperpay\Extension\Block\Display' not found in /home/k8o67v43ra50/public_html/app/code/Mstore/PaymentResolver/Block/Display.php:8
Stack trace:
#0 /home/k8o67v43ra50/public_html/vendor/composer/ClassLoader.php(444): include()
#1 /home/k8o67v43ra50/public_html/vendor/composer/ClassLoader.php(322): Composer\Autoload\includeFile('/home/k8o67v43r...')
#2 [internal function]: Composer\Autoload\ClassLoader->loadClass('Mstore\\PaymentR...')
#3 [internal function]: spl_autoload_call('Mstore\\PaymentR...')
#4 /home/k8o67v43ra50/public_html/setup/src/Magento/Setup/Module/Di/Code/Reader/ClassesScanner.php(133): class_exists('Mstore\\PaymentR...')
#5 /home/k8o67v43ra50/public_html/setup/src/Magento/Setup/Module/Di/Code/Reader/ClassesScanner.php(117): Magento\Setup\Module\Di\Code\Reader\ClassesScanner->includeClasses(Array, '/home/k8o67v43r...')
#6 /home/k8o67v43ra50/public_html/setup/src/Magento/Setup/Module/Di/Code/Reader/ClassesScanner.php(88): Magento\Setup\Module\Di\Code\Reader\ClassesScanner->e in /home/k8o67v43ra50/public_html/app/code/Mstore/PaymentResolver/Block/Display.php on line 8
[10-Aug-2021 13:16:08 UTC] PHP Fatal error:  Uncaught InvalidArgumentException: Constant name is expected. in /home/k8o67v43ra50/public_html/vendor/magento/framework/Data/Argument/Interpreter/Constant.php:23
Stack trace:
#0 /home/k8o67v43ra50/public_html/vendor/magento/framework/Data/Argument/Interpreter/Composite.php(61): Magento\Framework\Data\Argument\Interpreter\Constant->evaluate(Array)
#1 /home/k8o67v43ra50/public_html/vendor/magento/framework/Data/Argument/Interpreter/ArrayType.php(44): Magento\Framework\Data\Argument\Interpreter\Composite->evaluate(Array)
#2 /home/k8o67v43ra50/public_html/vendor/magento/framework/Data/Argument/Interpreter/Composite.php(61): Magento\Framework\Data\Argument\Interpreter\ArrayType->evaluate(Array)
#3 /home/k8o67v43ra50/public_html/vendor/magento/framework/ObjectManager/Config/Mapper/Dom.php(102): Magento\Framework\Data\Argument\Interpreter\Composite->evaluate(Array)
#4 /home/k8o67v43ra50/public_html/vendor/magento/framework/Config/Reader/Filesystem.php(176): Magento\Framework\ObjectManager\Config\Mapper\Dom->convert in /home/k8o67v43ra50/public_html/vendor/magento/framework/Data/Argument/Interpreter/Constant.php on line 23
[10-Aug-2021 13:16:23 UTC] PHP Fatal error:  Uncaught InvalidArgumentException: Constant name is expected. in /home/k8o67v43ra50/public_html/vendor/magento/framework/Data/Argument/Interpreter/Constant.php:23
Stack trace:
#0 /home/k8o67v43ra50/public_html/vendor/magento/framework/Data/Argument/Interpreter/Composite.php(61): Magento\Framework\Data\Argument\Interpreter\Constant->evaluate(Array)
#1 /home/k8o67v43ra50/public_html/vendor/magento/framework/Data/Argument/Interpreter/ArrayType.php(44): Magento\Framework\Data\Argument\Interpreter\Composite->evaluate(Array)
#2 /home/k8o67v43ra50/public_html/vendor/magento/framework/Data/Argument/Interpreter/Composite.php(61): Magento\Framework\Data\Argument\Interpreter\ArrayType->evaluate(Array)
#3 /home/k8o67v43ra50/public_html/vendor/magento/framework/ObjectManager/Config/Mapper/Dom.php(102): Magento\Framework\Data\Argument\Interpreter\Composite->evaluate(Array)
#4 /home/k8o67v43ra50/public_html/vendor/magento/framework/Config/Reader/Filesystem.php(176): Magento\Framework\ObjectManager\Config\Mapper\Dom->convert in /home/k8o67v43ra50/public_html/vendor/magento/framework/Data/Argument/Interpreter/Constant.php on line 23
[10-Aug-2021 13:16:28 UTC] PHP Fatal error:  Uncaught InvalidArgumentException: Constant name is expected. in /home/k8o67v43ra50/public_html/vendor/magento/framework/Data/Argument/Interpreter/Constant.php:23
Stack trace:
#0 /home/k8o67v43ra50/public_html/vendor/magento/framework/Data/Argument/Interpreter/Composite.php(61): Magento\Framework\Data\Argument\Interpreter\Constant->evaluate(Array)
#1 /home/k8o67v43ra50/public_html/vendor/magento/framework/Data/Argument/Interpreter/ArrayType.php(44): Magento\Framework\Data\Argument\Interpreter\Composite->evaluate(Array)
#2 /home/k8o67v43ra50/public_html/vendor/magento/framework/Data/Argument/Interpreter/Composite.php(61): Magento\Framework\Data\Argument\Interpreter\ArrayType->evaluate(Array)
#3 /home/k8o67v43ra50/public_html/vendor/magento/framework/ObjectManager/Config/Mapper/Dom.php(102): Magento\Framework\Data\Argument\Interpreter\Composite->evaluate(Array)
#4 /home/k8o67v43ra50/public_html/vendor/magento/framework/Config/Reader/Filesystem.php(176): Magento\Framework\ObjectManager\Config\Mapper\Dom->convert in /home/k8o67v43ra50/public_html/vendor/magento/framework/Data/Argument/Interpreter/Constant.php on line 23
[10-Aug-2021 13:16:32 UTC] PHP Fatal error:  Uncaught InvalidArgumentException: Constant name is expected. in /home/k8o67v43ra50/public_html/vendor/magento/framework/Data/Argument/Interpreter/Constant.php:23
Stack trace:
#0 /home/k8o67v43ra50/public_html/vendor/magento/framework/Data/Argument/Interpreter/Composite.php(61): Magento\Framework\Data\Argument\Interpreter\Constant->evaluate(Array)
#1 /home/k8o67v43ra50/public_html/vendor/magento/framework/Data/Argument/Interpreter/ArrayType.php(44): Magento\Framework\Data\Argument\Interpreter\Composite->evaluate(Array)
#2 /home/k8o67v43ra50/public_html/vendor/magento/framework/Data/Argument/Interpreter/Composite.php(61): Magento\Framework\Data\Argument\Interpreter\ArrayType->evaluate(Array)
#3 /home/k8o67v43ra50/public_html/vendor/magento/framework/ObjectManager/Config/Mapper/Dom.php(102): Magento\Framework\Data\Argument\Interpreter\Composite->evaluate(Array)
#4 /home/k8o67v43ra50/public_html/vendor/magento/framework/Config/Reader/Filesystem.php(176): Magento\Framework\ObjectManager\Config\Mapper\Dom->convert in /home/k8o67v43ra50/public_html/vendor/magento/framework/Data/Argument/Interpreter/Constant.php on line 23
[10-Aug-2021 13:16:33 UTC] PHP Fatal error:  Uncaught InvalidArgumentException: Constant name is expected. in /home/k8o67v43ra50/public_html/vendor/magento/framework/Data/Argument/Interpreter/Constant.php:23
Stack trace:
#0 /home/k8o67v43ra50/public_html/vendor/magento/framework/Data/Argument/Interpreter/Composite.php(61): Magento\Framework\Data\Argument\Interpreter\Constant->evaluate(Array)
#1 /home/k8o67v43ra50/public_html/vendor/magento/framework/Data/Argument/Interpreter/ArrayType.php(44): Magento\Framework\Data\Argument\Interpreter\Composite->evaluate(Array)
#2 /home/k8o67v43ra50/public_html/vendor/magento/framework/Data/Argument/Interpreter/Composite.php(61): Magento\Framework\Data\Argument\Interpreter\ArrayType->evaluate(Array)
#3 /home/k8o67v43ra50/public_html/vendor/magento/framework/ObjectManager/Config/Mapper/Dom.php(102): Magento\Framework\Data\Argument\Interpreter\Composite->evaluate(Array)
#4 /home/k8o67v43ra50/public_html/vendor/magento/framework/Config/Reader/Filesystem.php(176): Magento\Framework\ObjectManager\Config\Mapper\Dom->convert in /home/k8o67v43ra50/public_html/vendor/magento/framework/Data/Argument/Interpreter/Constant.php on line 23
[10-Aug-2021 13:16:36 UTC] PHP Fatal error:  Uncaught InvalidArgumentException: Constant name is expected. in /home/k8o67v43ra50/public_html/vendor/magento/framework/Data/Argument/Interpreter/Constant.php:23
Stack trace:
#0 /home/k8o67v43ra50/public_html/vendor/magento/framework/Data/Argument/Interpreter/Composite.php(61): Magento\Framework\Data\Argument\Interpreter\Constant->evaluate(Array)
#1 /home/k8o67v43ra50/public_html/vendor/magento/framework/Data/Argument/Interpreter/ArrayType.php(44): Magento\Framework\Data\Argument\Interpreter\Composite->evaluate(Array)
#2 /home/k8o67v43ra50/public_html/vendor/magento/framework/Data/Argument/Interpreter/Composite.php(61): Magento\Framework\Data\Argument\Interpreter\ArrayType->evaluate(Array)
#3 /home/k8o67v43ra50/public_html/vendor/magento/framework/ObjectManager/Config/Mapper/Dom.php(102): Magento\Framework\Data\Argument\Interpreter\Composite->evaluate(Array)
#4 /home/k8o67v43ra50/public_html/vendor/magento/framework/Config/Reader/Filesystem.php(176): Magento\Framework\ObjectManager\Config\Mapper\Dom->convert in /home/k8o67v43ra50/public_html/vendor/magento/framework/Data/Argument/Interpreter/Constant.php on line 23
[10-Aug-2021 13:16:37 UTC] PHP Fatal error:  Uncaught InvalidArgumentException: Constant name is expected. in /home/k8o67v43ra50/public_html/vendor/magento/framework/Data/Argument/Interpreter/Constant.php:23
Stack trace:
#0 /home/k8o67v43ra50/public_html/vendor/magento/framework/Data/Argument/Interpreter/Composite.php(61): Magento\Framework\Data\Argument\Interpreter\Constant->evaluate(Array)
#1 /home/k8o67v43ra50/public_html/vendor/magento/framework/Data/Argument/Interpreter/ArrayType.php(44): Magento\Framework\Data\Argument\Interpreter\Composite->evaluate(Array)
#2 /home/k8o67v43ra50/public_html/vendor/magento/framework/Data/Argument/Interpreter/Composite.php(61): Magento\Framework\Data\Argument\Interpreter\ArrayType->evaluate(Array)
#3 /home/k8o67v43ra50/public_html/vendor/magento/framework/ObjectManager/Config/Mapper/Dom.php(102): Magento\Framework\Data\Argument\Interpreter\Composite->evaluate(Array)
#4 /home/k8o67v43ra50/public_html/vendor/magento/framework/Config/Reader/Filesystem.php(176): Magento\Framework\ObjectManager\Config\Mapper\Dom->convert in /home/k8o67v43ra50/public_html/vendor/magento/framework/Data/Argument/Interpreter/Constant.php on line 23
[10-Aug-2021 13:16:42 UTC] PHP Fatal error:  Uncaught InvalidArgumentException: Constant name is expected. in /home/k8o67v43ra50/public_html/vendor/magento/framework/Data/Argument/Interpreter/Constant.php:23
Stack trace:
#0 /home/k8o67v43ra50/public_html/vendor/magento/framework/Data/Argument/Interpreter/Composite.php(61): Magento\Framework\Data\Argument\Interpreter\Constant->evaluate(Array)
#1 /home/k8o67v43ra50/public_html/vendor/magento/framework/Data/Argument/Interpreter/ArrayType.php(44): Magento\Framework\Data\Argument\Interpreter\Composite->evaluate(Array)
#2 /home/k8o67v43ra50/public_html/vendor/magento/framework/Data/Argument/Interpreter/Composite.php(61): Magento\Framework\Data\Argument\Interpreter\ArrayType->evaluate(Array)
#3 /home/k8o67v43ra50/public_html/vendor/magento/framework/ObjectManager/Config/Mapper/Dom.php(102): Magento\Framework\Data\Argument\Interpreter\Composite->evaluate(Array)
#4 /home/k8o67v43ra50/public_html/vendor/magento/framework/Config/Reader/Filesystem.php(176): Magento\Framework\ObjectManager\Config\Mapper\Dom->convert in /home/k8o67v43ra50/public_html/vendor/magento/framework/Data/Argument/Interpreter/Constant.php on line 23
[10-Aug-2021 13:16:46 UTC] PHP Fatal error:  Uncaught InvalidArgumentException: Constant name is expected. in /home/k8o67v43ra50/public_html/vendor/magento/framework/Data/Argument/Interpreter/Constant.php:23
Stack trace:
#0 /home/k8o67v43ra50/public_html/vendor/magento/framework/Data/Argument/Interpreter/Composite.php(61): Magento\Framework\Data\Argument\Interpreter\Constant->evaluate(Array)
#1 /home/k8o67v43ra50/public_html/vendor/magento/framework/Data/Argument/Interpreter/ArrayType.php(44): Magento\Framework\Data\Argument\Interpreter\Composite->evaluate(Array)
#2 /home/k8o67v43ra50/public_html/vendor/magento/framework/Data/Argument/Interpreter/Composite.php(61): Magento\Framework\Data\Argument\Interpreter\ArrayType->evaluate(Array)
#3 /home/k8o67v43ra50/public_html/vendor/magento/framework/ObjectManager/Config/Mapper/Dom.php(102): Magento\Framework\Data\Argument\Interpreter\Composite->evaluate(Array)
#4 /home/k8o67v43ra50/public_html/vendor/magento/framework/Config/Reader/Filesystem.php(176): Magento\Framework\ObjectManager\Config\Mapper\Dom->convert in /home/k8o67v43ra50/public_html/vendor/magento/framework/Data/Argument/Interpreter/Constant.php on line 23
[10-Aug-2021 13:16:49 UTC] PHP Fatal error:  Uncaught InvalidArgumentException: Constant name is expected. in /home/k8o67v43ra50/public_html/vendor/magento/framework/Data/Argument/Interpreter/Constant.php:23
Stack trace:
#0 /home/k8o67v43ra50/public_html/vendor/magento/framework/Data/Argument/Interpreter/Composite.php(61): Magento\Framework\Data\Argument\Interpreter\Constant->evaluate(Array)
#1 /home/k8o67v43ra50/public_html/vendor/magento/framework/Data/Argument/Interpreter/ArrayType.php(44): Magento\Framework\Data\Argument\Interpreter\Composite->evaluate(Array)
#2 /home/k8o67v43ra50/public_html/vendor/magento/framework/Data/Argument/Interpreter/Composite.php(61): Magento\Framework\Data\Argument\Interpreter\ArrayType->evaluate(Array)
#3 /home/k8o67v43ra50/public_html/vendor/magento/framework/ObjectManager/Config/Mapper/Dom.php(102): Magento\Framework\Data\Argument\Interpreter\Composite->evaluate(Array)
#4 /home/k8o67v43ra50/public_html/vendor/magento/framework/Config/Reader/Filesystem.php(176): Magento\Framework\ObjectManager\Config\Mapper\Dom->convert in /home/k8o67v43ra50/public_html/vendor/magento/framework/Data/Argument/Interpreter/Constant.php on line 23
[10-Aug-2021 13:16:54 UTC] PHP Fatal error:  Uncaught InvalidArgumentException: Constant name is expected. in /home/k8o67v43ra50/public_html/vendor/magento/framework/Data/Argument/Interpreter/Constant.php:23
Stack trace:
#0 /home/k8o67v43ra50/public_html/vendor/magento/framework/Data/Argument/Interpreter/Composite.php(61): Magento\Framework\Data\Argument\Interpreter\Constant->evaluate(Array)
#1 /home/k8o67v43ra50/public_html/vendor/magento/framework/Data/Argument/Interpreter/ArrayType.php(44): Magento\Framework\Data\Argument\Interpreter\Composite->evaluate(Array)
#2 /home/k8o67v43ra50/public_html/vendor/magento/framework/Data/Argument/Interpreter/Composite.php(61): Magento\Framework\Data\Argument\Interpreter\ArrayType->evaluate(Array)
#3 /home/k8o67v43ra50/public_html/vendor/magento/framework/ObjectManager/Config/Mapper/Dom.php(102): Magento\Framework\Data\Argument\Interpreter\Composite->evaluate(Array)
#4 /home/k8o67v43ra50/public_html/vendor/magento/framework/Config/Reader/Filesystem.php(176): Magento\Framework\ObjectManager\Config\Mapper\Dom->convert in /home/k8o67v43ra50/public_html/vendor/magento/framework/Data/Argument/Interpreter/Constant.php on line 23
[10-Aug-2021 13:16:58 UTC] PHP Fatal error:  Uncaught InvalidArgumentException: Constant name is expected. in /home/k8o67v43ra50/public_html/vendor/magento/framework/Data/Argument/Interpreter/Constant.php:23
Stack trace:
#0 /home/k8o67v43ra50/public_html/vendor/magento/framework/Data/Argument/Interpreter/Composite.php(61): Magento\Framework\Data\Argument\Interpreter\Constant->evaluate(Array)
#1 /home/k8o67v43ra50/public_html/vendor/magento/framework/Data/Argument/Interpreter/ArrayType.php(44): Magento\Framework\Data\Argument\Interpreter\Composite->evaluate(Array)
#2 /home/k8o67v43ra50/public_html/vendor/magento/framework/Data/Argument/Interpreter/Composite.php(61): Magento\Framework\Data\Argument\Interpreter\ArrayType->evaluate(Array)
#3 /home/k8o67v43ra50/public_html/vendor/magento/framework/ObjectManager/Config/Mapper/Dom.php(102): Magento\Framework\Data\Argument\Interpreter\Composite->evaluate(Array)
#4 /home/k8o67v43ra50/public_html/vendor/magento/framework/Config/Reader/Filesystem.php(176): Magento\Framework\ObjectManager\Config\Mapper\Dom->convert in /home/k8o67v43ra50/public_html/vendor/magento/framework/Data/Argument/Interpreter/Constant.php on line 23
[10-Aug-2021 13:17:01 UTC] PHP Fatal error:  Uncaught InvalidArgumentException: Constant name is expected. in /home/k8o67v43ra50/public_html/vendor/magento/framework/Data/Argument/Interpreter/Constant.php:23
Stack trace:
#0 /home/k8o67v43ra50/public_html/vendor/magento/framework/Data/Argument/Interpreter/Composite.php(61): Magento\Framework\Data\Argument\Interpreter\Constant->evaluate(Array)
#1 /home/k8o67v43ra50/public_html/vendor/magento/framework/Data/Argument/Interpreter/ArrayType.php(44): Magento\Framework\Data\Argument\Interpreter\Composite->evaluate(Array)
#2 /home/k8o67v43ra50/public_html/vendor/magento/framework/Data/Argument/Interpreter/Composite.php(61): Magento\Framework\Data\Argument\Interpreter\ArrayType->evaluate(Array)
#3 /home/k8o67v43ra50/public_html/vendor/magento/framework/ObjectManager/Config/Mapper/Dom.php(102): Magento\Framework\Data\Argument\Interpreter\Composite->evaluate(Array)
#4 /home/k8o67v43ra50/public_html/vendor/magento/framework/Config/Reader/Filesystem.php(176): Magento\Framework\ObjectManager\Config\Mapper\Dom->convert in /home/k8o67v43ra50/public_html/vendor/magento/framework/Data/Argument/Interpreter/Constant.php on line 23
[10-Aug-2021 13:17:09 UTC] PHP Fatal error:  Uncaught InvalidArgumentException: Constant name is expected. in /home/k8o67v43ra50/public_html/vendor/magento/framework/Data/Argument/Interpreter/Constant.php:23
Stack trace:
#0 /home/k8o67v43ra50/public_html/vendor/magento/framework/Data/Argument/Interpreter/Composite.php(61): Magento\Framework\Data\Argument\Interpreter\Constant->evaluate(Array)
#1 /home/k8o67v43ra50/public_html/vendor/magento/framework/Data/Argument/Interpreter/ArrayType.php(44): Magento\Framework\Data\Argument\Interpreter\Composite->evaluate(Array)
#2 /home/k8o67v43ra50/public_html/vendor/magento/framework/Data/Argument/Interpreter/Composite.php(61): Magento\Framework\Data\Argument\Interpreter\ArrayType->evaluate(Array)
#3 /home/k8o67v43ra50/public_html/vendor/magento/framework/ObjectManager/Config/Mapper/Dom.php(102): Magento\Framework\Data\Argument\Interpreter\Composite->evaluate(Array)
#4 /home/k8o67v43ra50/public_html/vendor/magento/framework/Config/Reader/Filesystem.php(176): Magento\Framework\ObjectManager\Config\Mapper\Dom->convert in /home/k8o67v43ra50/public_html/vendor/magento/framework/Data/Argument/Interpreter/Constant.php on line 23
[10-Aug-2021 13:17:15 UTC] PHP Fatal error:  Uncaught InvalidArgumentException: Constant name is expected. in /home/k8o67v43ra50/public_html/vendor/magento/framework/Data/Argument/Interpreter/Constant.php:23
Stack trace:
#0 /home/k8o67v43ra50/public_html/vendor/magento/framework/Data/Argument/Interpreter/Composite.php(61): Magento\Framework\Data\Argument\Interpreter\Constant->evaluate(Array)
#1 /home/k8o67v43ra50/public_html/vendor/magento/framework/Data/Argument/Interpreter/ArrayType.php(44): Magento\Framework\Data\Argument\Interpreter\Composite->evaluate(Array)
#2 /home/k8o67v43ra50/public_html/vendor/magento/framework/Data/Argument/Interpreter/Composite.php(61): Magento\Framework\Data\Argument\Interpreter\ArrayType->evaluate(Array)
#3 /home/k8o67v43ra50/public_html/vendor/magento/framework/ObjectManager/Config/Mapper/Dom.php(102): Magento\Framework\Data\Argument\Interpreter\Composite->evaluate(Array)
#4 /home/k8o67v43ra50/public_html/vendor/magento/framework/Config/Reader/Filesystem.php(176): Magento\Framework\ObjectManager\Config\Mapper\Dom->convert in /home/k8o67v43ra50/public_html/vendor/magento/framework/Data/Argument/Interpreter/Constant.php on line 23
[10-Aug-2021 13:17:26 UTC] PHP Fatal error:  Uncaught InvalidArgumentException: Constant name is expected. in /home/k8o67v43ra50/public_html/vendor/magento/framework/Data/Argument/Interpreter/Constant.php:23
Stack trace:
#0 /home/k8o67v43ra50/public_html/vendor/magento/framework/Data/Argument/Interpreter/Composite.php(61): Magento\Framework\Data\Argument\Interpreter\Constant->evaluate(Array)
#1 /home/k8o67v43ra50/public_html/vendor/magento/framework/Data/Argument/Interpreter/ArrayType.php(44): Magento\Framework\Data\Argument\Interpreter\Composite->evaluate(Array)
#2 /home/k8o67v43ra50/public_html/vendor/magento/framework/Data/Argument/Interpreter/Composite.php(61): Magento\Framework\Data\Argument\Interpreter\ArrayType->evaluate(Array)
#3 /home/k8o67v43ra50/public_html/vendor/magento/framework/ObjectManager/Config/Mapper/Dom.php(102): Magento\Framework\Data\Argument\Interpreter\Composite->evaluate(Array)
#4 /home/k8o67v43ra50/public_html/vendor/magento/framework/Config/Reader/Filesystem.php(176): Magento\Framework\ObjectManager\Config\Mapper\Dom->convert in /home/k8o67v43ra50/public_html/vendor/magento/framework/Data/Argument/Interpreter/Constant.php on line 23
[10-Aug-2021 13:17:29 UTC] PHP Fatal error:  Uncaught InvalidArgumentException: Constant name is expected. in /home/k8o67v43ra50/public_html/vendor/magento/framework/Data/Argument/Interpreter/Constant.php:23
Stack trace:
#0 /home/k8o67v43ra50/public_html/vendor/magento/framework/Data/Argument/Interpreter/Composite.php(61): Magento\Framework\Data\Argument\Interpreter\Constant->evaluate(Array)
#1 /home/k8o67v43ra50/public_html/vendor/magento/framework/Data/Argument/Interpreter/ArrayType.php(44): Magento\Framework\Data\Argument\Interpreter\Composite->evaluate(Array)
#2 /home/k8o67v43ra50/public_html/vendor/magento/framework/Data/Argument/Interpreter/Composite.php(61): Magento\Framework\Data\Argument\Interpreter\ArrayType->evaluate(Array)
#3 /home/k8o67v43ra50/public_html/vendor/magento/framework/ObjectManager/Config/Mapper/Dom.php(102): Magento\Framework\Data\Argument\Interpreter\Composite->evaluate(Array)
#4 /home/k8o67v43ra50/public_html/vendor/magento/framework/Config/Reader/Filesystem.php(176): Magento\Framework\ObjectManager\Config\Mapper\Dom->convert in /home/k8o67v43ra50/public_html/vendor/magento/framework/Data/Argument/Interpreter/Constant.php on line 23
[10-Aug-2021 13:17:37 UTC] PHP Fatal error:  Uncaught InvalidArgumentException: Constant name is expected. in /home/k8o67v43ra50/public_html/vendor/magento/framework/Data/Argument/Interpreter/Constant.php:23
Stack trace:
#0 /home/k8o67v43ra50/public_html/vendor/magento/framework/Data/Argument/Interpreter/Composite.php(61): Magento\Framework\Data\Argument\Interpreter\Constant->evaluate(Array)
#1 /home/k8o67v43ra50/public_html/vendor/magento/framework/Data/Argument/Interpreter/ArrayType.php(44): Magento\Framework\Data\Argument\Interpreter\Composite->evaluate(Array)
#2 /home/k8o67v43ra50/public_html/vendor/magento/framework/Data/Argument/Interpreter/Composite.php(61): Magento\Framework\Data\Argument\Interpreter\ArrayType->evaluate(Array)
#3 /home/k8o67v43ra50/public_html/vendor/magento/framework/ObjectManager/Config/Mapper/Dom.php(102): Magento\Framework\Data\Argument\Interpreter\Composite->evaluate(Array)
#4 /home/k8o67v43ra50/public_html/vendor/magento/framework/Config/Reader/Filesystem.php(176): Magento\Framework\ObjectManager\Config\Mapper\Dom->convert in /home/k8o67v43ra50/public_html/vendor/magento/framework/Data/Argument/Interpreter/Constant.php on line 23
[10-Aug-2021 13:17:38 UTC] PHP Fatal error:  Uncaught InvalidArgumentException: Constant name is expected. in /home/k8o67v43ra50/public_html/vendor/magento/framework/Data/Argument/Interpreter/Constant.php:23
Stack trace:
#0 /home/k8o67v43ra50/public_html/vendor/magento/framework/Data/Argument/Interpreter/Composite.php(61): Magento\Framework\Data\Argument\Interpreter\Constant->evaluate(Array)
#1 /home/k8o67v43ra50/public_html/vendor/magento/framework/Data/Argument/Interpreter/ArrayType.php(44): Magento\Framework\Data\Argument\Interpreter\Composite->evaluate(Array)
#2 /home/k8o67v43ra50/public_html/vendor/magento/framework/Data/Argument/Interpreter/Composite.php(61): Magento\Framework\Data\Argument\Interpreter\ArrayType->evaluate(Array)
#3 /home/k8o67v43ra50/public_html/vendor/magento/framework/ObjectManager/Config/Mapper/Dom.php(102): Magento\Framework\Data\Argument\Interpreter\Composite->evaluate(Array)
#4 /home/k8o67v43ra50/public_html/vendor/magento/framework/Config/Reader/Filesystem.php(176): Magento\Framework\ObjectManager\Config\Mapper\Dom->convert in /home/k8o67v43ra50/public_html/vendor/magento/framework/Data/Argument/Interpreter/Constant.php on line 23
[10-Aug-2021 13:17:39 UTC] PHP Fatal error:  Uncaught InvalidArgumentException: Constant name is expected. in /home/k8o67v43ra50/public_html/vendor/magento/framework/Data/Argument/Interpreter/Constant.php:23
Stack trace:
#0 /home/k8o67v43ra50/public_html/vendor/magento/framework/Data/Argument/Interpreter/Composite.php(61): Magento\Framework\Data\Argument\Interpreter\Constant->evaluate(Array)
#1 /home/k8o67v43ra50/public_html/vendor/magento/framework/Data/Argument/Interpreter/ArrayType.php(44): Magento\Framework\Data\Argument\Interpreter\Composite->evaluate(Array)
#2 /home/k8o67v43ra50/public_html/vendor/magento/framework/Data/Argument/Interpreter/Composite.php(61): Magento\Framework\Data\Argument\Interpreter\ArrayType->evaluate(Array)
#3 /home/k8o67v43ra50/public_html/vendor/magento/framework/ObjectManager/Config/Mapper/Dom.php(102): Magento\Framework\Data\Argument\Interpreter\Composite->evaluate(Array)
#4 /home/k8o67v43ra50/public_html/vendor/magento/framework/Config/Reader/Filesystem.php(176): Magento\Framework\ObjectManager\Config\Mapper\Dom->convert in /home/k8o67v43ra50/public_html/vendor/magento/framework/Data/Argument/Interpreter/Constant.php on line 23
[10-Aug-2021 13:17:44 UTC] PHP Fatal error:  Uncaught InvalidArgumentException: Constant name is expected. in /home/k8o67v43ra50/public_html/vendor/magento/framework/Data/Argument/Interpreter/Constant.php:23
Stack trace:
#0 /home/k8o67v43ra50/public_html/vendor/magento/framework/Data/Argument/Interpreter/Composite.php(61): Magento\Framework\Data\Argument\Interpreter\Constant->evaluate(Array)
#1 /home/k8o67v43ra50/public_html/vendor/magento/framework/Data/Argument/Interpreter/ArrayType.php(44): Magento\Framework\Data\Argument\Interpreter\Composite->evaluate(Array)
#2 /home/k8o67v43ra50/public_html/vendor/magento/framework/Data/Argument/Interpreter/Composite.php(61): Magento\Framework\Data\Argument\Interpreter\ArrayType->evaluate(Array)
#3 /home/k8o67v43ra50/public_html/vendor/magento/framework/ObjectManager/Config/Mapper/Dom.php(102): Magento\Framework\Data\Argument\Interpreter\Composite->evaluate(Array)
#4 /home/k8o67v43ra50/public_html/vendor/magento/framework/Config/Reader/Filesystem.php(176): Magento\Framework\ObjectManager\Config\Mapper\Dom->convert in /home/k8o67v43ra50/public_html/vendor/magento/framework/Data/Argument/Interpreter/Constant.php on line 23
[10-Aug-2021 13:17:50 UTC] PHP Fatal error:  Uncaught InvalidArgumentException: Constant name is expected. in /home/k8o67v43ra50/public_html/vendor/magento/framework/Data/Argument/Interpreter/Constant.php:23
Stack trace:
#0 /home/k8o67v43ra50/public_html/vendor/magento/framework/Data/Argument/Interpreter/Composite.php(61): Magento\Framework\Data\Argument\Interpreter\Constant->evaluate(Array)
#1 /home/k8o67v43ra50/public_html/vendor/magento/framework/Data/Argument/Interpreter/ArrayType.php(44): Magento\Framework\Data\Argument\Interpreter\Composite->evaluate(Array)
#2 /home/k8o67v43ra50/public_html/vendor/magento/framework/Data/Argument/Interpreter/Composite.php(61): Magento\Framework\Data\Argument\Interpreter\ArrayType->evaluate(Array)
#3 /home/k8o67v43ra50/public_html/vendor/magento/framework/ObjectManager/Config/Mapper/Dom.php(102): Magento\Framework\Data\Argument\Interpreter\Composite->evaluate(Array)
#4 /home/k8o67v43ra50/public_html/vendor/magento/framework/Config/Reader/Filesystem.php(176): Magento\Framework\ObjectManager\Config\Mapper\Dom->convert in /home/k8o67v43ra50/public_html/vendor/magento/framework/Data/Argument/Interpreter/Constant.php on line 23
[10-Aug-2021 13:17:56 UTC] PHP Fatal error:  Uncaught InvalidArgumentException: Constant name is expected. in /home/k8o67v43ra50/public_html/vendor/magento/framework/Data/Argument/Interpreter/Constant.php:23
Stack trace:
#0 /home/k8o67v43ra50/public_html/vendor/magento/framework/Data/Argument/Interpreter/Composite.php(61): Magento\Framework\Data\Argument\Interpreter\Constant->evaluate(Array)
#1 /home/k8o67v43ra50/public_html/vendor/magento/framework/Data/Argument/Interpreter/ArrayType.php(44): Magento\Framework\Data\Argument\Interpreter\Composite->evaluate(Array)
#2 /home/k8o67v43ra50/public_html/vendor/magento/framework/Data/Argument/Interpreter/Composite.php(61): Magento\Framework\Data\Argument\Interpreter\ArrayType->evaluate(Array)
#3 /home/k8o67v43ra50/public_html/vendor/magento/framework/ObjectManager/Config/Mapper/Dom.php(102): Magento\Framework\Data\Argument\Interpreter\Composite->evaluate(Array)
#4 /home/k8o67v43ra50/public_html/vendor/magento/framework/Config/Reader/Filesystem.php(176): Magento\Framework\ObjectManager\Config\Mapper\Dom->convert in /home/k8o67v43ra50/public_html/vendor/magento/framework/Data/Argument/Interpreter/Constant.php on line 23
[10-Aug-2021 13:18:01 UTC] PHP Fatal error:  Uncaught InvalidArgumentException: Constant name is expected. in /home/k8o67v43ra50/public_html/vendor/magento/framework/Data/Argument/Interpreter/Constant.php:23
Stack trace:
#0 /home/k8o67v43ra50/public_html/vendor/magento/framework/Data/Argument/Interpreter/Composite.php(61): Magento\Framework\Data\Argument\Interpreter\Constant->evaluate(Array)
#1 /home/k8o67v43ra50/public_html/vendor/magento/framework/Data/Argument/Interpreter/ArrayType.php(44): Magento\Framework\Data\Argument\Interpreter\Composite->evaluate(Array)
#2 /home/k8o67v43ra50/public_html/vendor/magento/framework/Data/Argument/Interpreter/Composite.php(61): Magento\Framework\Data\Argument\Interpreter\ArrayType->evaluate(Array)
#3 /home/k8o67v43ra50/public_html/vendor/magento/framework/ObjectManager/Config/Mapper/Dom.php(102): Magento\Framework\Data\Argument\Interpreter\Composite->evaluate(Array)
#4 /home/k8o67v43ra50/public_html/vendor/magento/framework/Config/Reader/Filesystem.php(176): Magento\Framework\ObjectManager\Config\Mapper\Dom->convert in /home/k8o67v43ra50/public_html/vendor/magento/framework/Data/Argument/Interpreter/Constant.php on line 23
[10-Aug-2021 13:18:07 UTC] PHP Fatal error:  Uncaught InvalidArgumentException: Constant name is expected. in /home/k8o67v43ra50/public_html/vendor/magento/framework/Data/Argument/Interpreter/Constant.php:23
Stack trace:
#0 /home/k8o67v43ra50/public_html/vendor/magento/framework/Data/Argument/Interpreter/Composite.php(61): Magento\Framework\Data\Argument\Interpreter\Constant->evaluate(Array)
#1 /home/k8o67v43ra50/public_html/vendor/magento/framework/Data/Argument/Interpreter/ArrayType.php(44): Magento\Framework\Data\Argument\Interpreter\Composite->evaluate(Array)
#2 /home/k8o67v43ra50/public_html/vendor/magento/framework/Data/Argument/Interpreter/Composite.php(61): Magento\Framework\Data\Argument\Interpreter\ArrayType->evaluate(Array)
#3 /home/k8o67v43ra50/public_html/vendor/magento/framework/ObjectManager/Config/Mapper/Dom.php(102): Magento\Framework\Data\Argument\Interpreter\Composite->evaluate(Array)
#4 /home/k8o67v43ra50/public_html/vendor/magento/framework/Config/Reader/Filesystem.php(176): Magento\Framework\ObjectManager\Config\Mapper\Dom->convert in /home/k8o67v43ra50/public_html/vendor/magento/framework/Data/Argument/Interpreter/Constant.php on line 23
[10-Aug-2021 13:18:08 UTC] PHP Fatal error:  Uncaught InvalidArgumentException: Constant name is expected. in /home/k8o67v43ra50/public_html/vendor/magento/framework/Data/Argument/Interpreter/Constant.php:23
Stack trace:
#0 /home/k8o67v43ra50/public_html/vendor/magento/framework/Data/Argument/Interpreter/Composite.php(61): Magento\Framework\Data\Argument\Interpreter\Constant->evaluate(Array)
#1 /home/k8o67v43ra50/public_html/vendor/magento/framework/Data/Argument/Interpreter/ArrayType.php(44): Magento\Framework\Data\Argument\Interpreter\Composite->evaluate(Array)
#2 /home/k8o67v43ra50/public_html/vendor/magento/framework/Data/Argument/Interpreter/Composite.php(61): Magento\Framework\Data\Argument\Interpreter\ArrayType->evaluate(Array)
#3 /home/k8o67v43ra50/public_html/vendor/magento/framework/ObjectManager/Config/Mapper/Dom.php(102): Magento\Framework\Data\Argument\Interpreter\Composite->evaluate(Array)
#4 /home/k8o67v43ra50/public_html/vendor/magento/framework/Config/Reader/Filesystem.php(176): Magento\Framework\ObjectManager\Config\Mapper\Dom->convert in /home/k8o67v43ra50/public_html/vendor/magento/framework/Data/Argument/Interpreter/Constant.php on line 23
[10-Aug-2021 13:18:14 UTC] PHP Fatal error:  Uncaught InvalidArgumentException: Constant name is expected. in /home/k8o67v43ra50/public_html/vendor/magento/framework/Data/Argument/Interpreter/Constant.php:23
Stack trace:
#0 /home/k8o67v43ra50/public_html/vendor/magento/framework/Data/Argument/Interpreter/Composite.php(61): Magento\Framework\Data\Argument\Interpreter\Constant->evaluate(Array)
#1 /home/k8o67v43ra50/public_html/vendor/magento/framework/Data/Argument/Interpreter/ArrayType.php(44): Magento\Framework\Data\Argument\Interpreter\Composite->evaluate(Array)
#2 /home/k8o67v43ra50/public_html/vendor/magento/framework/Data/Argument/Interpreter/Composite.php(61): Magento\Framework\Data\Argument\Interpreter\ArrayType->evaluate(Array)
#3 /home/k8o67v43ra50/public_html/vendor/magento/framework/ObjectManager/Config/Mapper/Dom.php(102): Magento\Framework\Data\Argument\Interpreter\Composite->evaluate(Array)
#4 /home/k8o67v43ra50/public_html/vendor/magento/framework/Config/Reader/Filesystem.php(176): Magento\Framework\ObjectManager\Config\Mapper\Dom->convert in /home/k8o67v43ra50/public_html/vendor/magento/framework/Data/Argument/Interpreter/Constant.php on line 23
[10-Aug-2021 13:18:14 UTC] PHP Fatal error:  Uncaught InvalidArgumentException: Constant name is expected. in /home/k8o67v43ra50/public_html/vendor/magento/framework/Data/Argument/Interpreter/Constant.php:23
Stack trace:
#0 /home/k8o67v43ra50/public_html/vendor/magento/framework/Data/Argument/Interpreter/Composite.php(61): Magento\Framework\Data\Argument\Interpreter\Constant->evaluate(Array)
#1 /home/k8o67v43ra50/public_html/vendor/magento/framework/Data/Argument/Interpreter/ArrayType.php(44): Magento\Framework\Data\Argument\Interpreter\Composite->evaluate(Array)
#2 /home/k8o67v43ra50/public_html/vendor/magento/framework/Data/Argument/Interpreter/Composite.php(61): Magento\Framework\Data\Argument\Interpreter\ArrayType->evaluate(Array)
#3 /home/k8o67v43ra50/public_html/vendor/magento/framework/ObjectManager/Config/Mapper/Dom.php(102): Magento\Framework\Data\Argument\Interpreter\Composite->evaluate(Array)
#4 /home/k8o67v43ra50/public_html/vendor/magento/framework/Config/Reader/Filesystem.php(176): Magento\Framework\ObjectManager\Config\Mapper\Dom->convert in /home/k8o67v43ra50/public_html/vendor/magento/framework/Data/Argument/Interpreter/Constant.php on line 23
[10-Aug-2021 13:18:20 UTC] PHP Fatal error:  Uncaught InvalidArgumentException: Constant name is expected. in /home/k8o67v43ra50/public_html/vendor/magento/framework/Data/Argument/Interpreter/Constant.php:23
Stack trace:
#0 /home/k8o67v43ra50/public_html/vendor/magento/framework/Data/Argument/Interpreter/Composite.php(61): Magento\Framework\Data\Argument\Interpreter\Constant->evaluate(Array)
#1 /home/k8o67v43ra50/public_html/vendor/magento/framework/Data/Argument/Interpreter/ArrayType.php(44): Magento\Framework\Data\Argument\Interpreter\Composite->evaluate(Array)
#2 /home/k8o67v43ra50/public_html/vendor/magento/framework/Data/Argument/Interpreter/Composite.php(61): Magento\Framework\Data\Argument\Interpreter\ArrayType->evaluate(Array)
#3 /home/k8o67v43ra50/public_html/vendor/magento/framework/ObjectManager/Config/Mapper/Dom.php(102): Magento\Framework\Data\Argument\Interpreter\Composite->evaluate(Array)
#4 /home/k8o67v43ra50/public_html/vendor/magento/framework/Config/Reader/Filesystem.php(176): Magento\Framework\ObjectManager\Config\Mapper\Dom->convert in /home/k8o67v43ra50/public_html/vendor/magento/framework/Data/Argument/Interpreter/Constant.php on line 23
[10-Aug-2021 13:18:29 UTC] PHP Fatal error:  Uncaught InvalidArgumentException: Constant name is expected. in /home/k8o67v43ra50/public_html/vendor/magento/framework/Data/Argument/Interpreter/Constant.php:23
Stack trace:
#0 /home/k8o67v43ra50/public_html/vendor/magento/framework/Data/Argument/Interpreter/Composite.php(61): Magento\Framework\Data\Argument\Interpreter\Constant->evaluate(Array)
#1 /home/k8o67v43ra50/public_html/vendor/magento/framework/Data/Argument/Interpreter/ArrayType.php(44): Magento\Framework\Data\Argument\Interpreter\Composite->evaluate(Array)
#2 /home/k8o67v43ra50/public_html/vendor/magento/framework/Data/Argument/Interpreter/Composite.php(61): Magento\Framework\Data\Argument\Interpreter\ArrayType->evaluate(Array)
#3 /home/k8o67v43ra50/public_html/vendor/magento/framework/ObjectManager/Config/Mapper/Dom.php(102): Magento\Framework\Data\Argument\Interpreter\Composite->evaluate(Array)
#4 /home/k8o67v43ra50/public_html/vendor/magento/framework/Config/Reader/Filesystem.php(176): Magento\Framework\ObjectManager\Config\Mapper\Dom->convert in /home/k8o67v43ra50/public_html/vendor/magento/framework/Data/Argument/Interpreter/Constant.php on line 23
[10-Aug-2021 13:18:35 UTC] PHP Fatal error:  Uncaught InvalidArgumentException: Constant name is expected. in /home/k8o67v43ra50/public_html/vendor/magento/framework/Data/Argument/Interpreter/Constant.php:23
Stack trace:
#0 /home/k8o67v43ra50/public_html/vendor/magento/framework/Data/Argument/Interpreter/Composite.php(61): Magento\Framework\Data\Argument\Interpreter\Constant->evaluate(Array)
#1 /home/k8o67v43ra50/public_html/vendor/magento/framework/Data/Argument/Interpreter/ArrayType.php(44): Magento\Framework\Data\Argument\Interpreter\Composite->evaluate(Array)
#2 /home/k8o67v43ra50/public_html/vendor/magento/framework/Data/Argument/Interpreter/Composite.php(61): Magento\Framework\Data\Argument\Interpreter\ArrayType->evaluate(Array)
#3 /home/k8o67v43ra50/public_html/vendor/magento/framework/ObjectManager/Config/Mapper/Dom.php(102): Magento\Framework\Data\Argument\Interpreter\Composite->evaluate(Array)
#4 /home/k8o67v43ra50/public_html/vendor/magento/framework/Config/Reader/Filesystem.php(176): Magento\Framework\ObjectManager\Config\Mapper\Dom->convert in /home/k8o67v43ra50/public_html/vendor/magento/framework/Data/Argument/Interpreter/Constant.php on line 23
[10-Aug-2021 13:18:52 UTC] PHP Fatal error:  Uncaught InvalidArgumentException: Constant name is expected. in /home/k8o67v43ra50/public_html/vendor/magento/framework/Data/Argument/Interpreter/Constant.php:23
Stack trace:
#0 /home/k8o67v43ra50/public_html/vendor/magento/framework/Data/Argument/Interpreter/Composite.php(61): Magento\Framework\Data\Argument\Interpreter\Constant->evaluate(Array)
#1 /home/k8o67v43ra50/public_html/vendor/magento/framework/Data/Argument/Interpreter/ArrayType.php(44): Magento\Framework\Data\Argument\Interpreter\Composite->evaluate(Array)
#2 /home/k8o67v43ra50/public_html/vendor/magento/framework/Data/Argument/Interpreter/Composite.php(61): Magento\Framework\Data\Argument\Interpreter\ArrayType->evaluate(Array)
#3 /home/k8o67v43ra50/public_html/vendor/magento/framework/ObjectManager/Config/Mapper/Dom.php(102): Magento\Framework\Data\Argument\Interpreter\Composite->evaluate(Array)
#4 /home/k8o67v43ra50/public_html/vendor/magento/framework/Config/Reader/Filesystem.php(176): Magento\Framework\ObjectManager\Config\Mapper\Dom->convert in /home/k8o67v43ra50/public_html/vendor/magento/framework/Data/Argument/Interpreter/Constant.php on line 23
[10-Aug-2021 13:18:57 UTC] PHP Fatal error:  Uncaught InvalidArgumentException: Constant name is expected. in /home/k8o67v43ra50/public_html/vendor/magento/framework/Data/Argument/Interpreter/Constant.php:23
Stack trace:
#0 /home/k8o67v43ra50/public_html/vendor/magento/framework/Data/Argument/Interpreter/Composite.php(61): Magento\Framework\Data\Argument\Interpreter\Constant->evaluate(Array)
#1 /home/k8o67v43ra50/public_html/vendor/magento/framework/Data/Argument/Interpreter/ArrayType.php(44): Magento\Framework\Data\Argument\Interpreter\Composite->evaluate(Array)
#2 /home/k8o67v43ra50/public_html/vendor/magento/framework/Data/Argument/Interpreter/Composite.php(61): Magento\Framework\Data\Argument\Interpreter\ArrayType->evaluate(Array)
#3 /home/k8o67v43ra50/public_html/vendor/magento/framework/ObjectManager/Config/Mapper/Dom.php(102): Magento\Framework\Data\Argument\Interpreter\Composite->evaluate(Array)
#4 /home/k8o67v43ra50/public_html/vendor/magento/framework/Config/Reader/Filesystem.php(176): Magento\Framework\ObjectManager\Config\Mapper\Dom->convert in /home/k8o67v43ra50/public_html/vendor/magento/framework/Data/Argument/Interpreter/Constant.php on line 23
[10-Aug-2021 13:19:00 UTC] PHP Fatal error:  Uncaught InvalidArgumentException: Constant name is expected. in /home/k8o67v43ra50/public_html/vendor/magento/framework/Data/Argument/Interpreter/Constant.php:23
Stack trace:
#0 /home/k8o67v43ra50/public_html/vendor/magento/framework/Data/Argument/Interpreter/Composite.php(61): Magento\Framework\Data\Argument\Interpreter\Constant->evaluate(Array)
#1 /home/k8o67v43ra50/public_html/vendor/magento/framework/Data/Argument/Interpreter/ArrayType.php(44): Magento\Framework\Data\Argument\Interpreter\Composite->evaluate(Array)
#2 /home/k8o67v43ra50/public_html/vendor/magento/framework/Data/Argument/Interpreter/Composite.php(61): Magento\Framework\Data\Argument\Interpreter\ArrayType->evaluate(Array)
#3 /home/k8o67v43ra50/public_html/vendor/magento/framework/ObjectManager/Config/Mapper/Dom.php(102): Magento\Framework\Data\Argument\Interpreter\Composite->evaluate(Array)
#4 /home/k8o67v43ra50/public_html/vendor/magento/framework/Config/Reader/Filesystem.php(176): Magento\Framework\ObjectManager\Config\Mapper\Dom->convert in /home/k8o67v43ra50/public_html/vendor/magento/framework/Data/Argument/Interpreter/Constant.php on line 23
[10-Aug-2021 13:19:16 UTC] PHP Fatal error:  Uncaught InvalidArgumentException: Constant name is expected. in /home/k8o67v43ra50/public_html/vendor/magento/framework/Data/Argument/Interpreter/Constant.php:23
Stack trace:
#0 /home/k8o67v43ra50/public_html/vendor/magento/framework/Data/Argument/Interpreter/Composite.php(61): Magento\Framework\Data\Argument\Interpreter\Constant->evaluate(Array)
#1 /home/k8o67v43ra50/public_html/vendor/magento/framework/Data/Argument/Interpreter/ArrayType.php(44): Magento\Framework\Data\Argument\Interpreter\Composite->evaluate(Array)
#2 /home/k8o67v43ra50/public_html/vendor/magento/framework/Data/Argument/Interpreter/Composite.php(61): Magento\Framework\Data\Argument\Interpreter\ArrayType->evaluate(Array)
#3 /home/k8o67v43ra50/public_html/vendor/magento/framework/ObjectManager/Config/Mapper/Dom.php(102): Magento\Framework\Data\Argument\Interpreter\Composite->evaluate(Array)
#4 /home/k8o67v43ra50/public_html/vendor/magento/framework/Config/Reader/Filesystem.php(176): Magento\Framework\ObjectManager\Config\Mapper\Dom->convert in /home/k8o67v43ra50/public_html/vendor/magento/framework/Data/Argument/Interpreter/Constant.php on line 23
[10-Aug-2021 13:19:25 UTC] PHP Fatal error:  Uncaught InvalidArgumentException: Constant name is expected. in /home/k8o67v43ra50/public_html/vendor/magento/framework/Data/Argument/Interpreter/Constant.php:23
Stack trace:
#0 /home/k8o67v43ra50/public_html/vendor/magento/framework/Data/Argument/Interpreter/Composite.php(61): Magento\Framework\Data\Argument\Interpreter\Constant->evaluate(Array)
#1 /home/k8o67v43ra50/public_html/vendor/magento/framework/Data/Argument/Interpreter/ArrayType.php(44): Magento\Framework\Data\Argument\Interpreter\Composite->evaluate(Array)
#2 /home/k8o67v43ra50/public_html/vendor/magento/framework/Data/Argument/Interpreter/Composite.php(61): Magento\Framework\Data\Argument\Interpreter\ArrayType->evaluate(Array)
#3 /home/k8o67v43ra50/public_html/vendor/magento/framework/ObjectManager/Config/Mapper/Dom.php(102): Magento\Framework\Data\Argument\Interpreter\Composite->evaluate(Array)
#4 /home/k8o67v43ra50/public_html/vendor/magento/framework/Config/Reader/Filesystem.php(176): Magento\Framework\ObjectManager\Config\Mapper\Dom->convert in /home/k8o67v43ra50/public_html/vendor/magento/framework/Data/Argument/Interpreter/Constant.php on line 23
[10-Aug-2021 13:19:25 UTC] PHP Fatal error:  Uncaught InvalidArgumentException: Constant name is expected. in /home/k8o67v43ra50/public_html/vendor/magento/framework/Data/Argument/Interpreter/Constant.php:23
Stack trace:
#0 /home/k8o67v43ra50/public_html/vendor/magento/framework/Data/Argument/Interpreter/Composite.php(61): Magento\Framework\Data\Argument\Interpreter\Constant->evaluate(Array)
#1 /home/k8o67v43ra50/public_html/vendor/magento/framework/Data/Argument/Interpreter/ArrayType.php(44): Magento\Framework\Data\Argument\Interpreter\Composite->evaluate(Array)
#2 /home/k8o67v43ra50/public_html/vendor/magento/framework/Data/Argument/Interpreter/Composite.php(61): Magento\Framework\Data\Argument\Interpreter\ArrayType->evaluate(Array)
#3 /home/k8o67v43ra50/public_html/vendor/magento/framework/ObjectManager/Config/Mapper/Dom.php(102): Magento\Framework\Data\Argument\Interpreter\Composite->evaluate(Array)
#4 /home/k8o67v43ra50/public_html/vendor/magento/framework/Config/Reader/Filesystem.php(176): Magento\Framework\ObjectManager\Config\Mapper\Dom->convert in /home/k8o67v43ra50/public_html/vendor/magento/framework/Data/Argument/Interpreter/Constant.php on line 23
[10-Aug-2021 13:19:32 UTC] PHP Fatal error:  Uncaught InvalidArgumentException: Constant name is expected. in /home/k8o67v43ra50/public_html/vendor/magento/framework/Data/Argument/Interpreter/Constant.php:23
Stack trace:
#0 /home/k8o67v43ra50/public_html/vendor/magento/framework/Data/Argument/Interpreter/Composite.php(61): Magento\Framework\Data\Argument\Interpreter\Constant->evaluate(Array)
#1 /home/k8o67v43ra50/public_html/vendor/magento/framework/Data/Argument/Interpreter/ArrayType.php(44): Magento\Framework\Data\Argument\Interpreter\Composite->evaluate(Array)
#2 /home/k8o67v43ra50/public_html/vendor/magento/framework/Data/Argument/Interpreter/Composite.php(61): Magento\Framework\Data\Argument\Interpreter\ArrayType->evaluate(Array)
#3 /home/k8o67v43ra50/public_html/vendor/magento/framework/ObjectManager/Config/Mapper/Dom.php(102): Magento\Framework\Data\Argument\Interpreter\Composite->evaluate(Array)
#4 /home/k8o67v43ra50/public_html/vendor/magento/framework/Config/Reader/Filesystem.php(176): Magento\Framework\ObjectManager\Config\Mapper\Dom->convert in /home/k8o67v43ra50/public_html/vendor/magento/framework/Data/Argument/Interpreter/Constant.php on line 23
[10-Aug-2021 13:19:36 UTC] PHP Fatal error:  Uncaught InvalidArgumentException: Constant name is expected. in /home/k8o67v43ra50/public_html/vendor/magento/framework/Data/Argument/Interpreter/Constant.php:23
Stack trace:
#0 /home/k8o67v43ra50/public_html/vendor/magento/framework/Data/Argument/Interpreter/Composite.php(61): Magento\Framework\Data\Argument\Interpreter\Constant->evaluate(Array)
#1 /home/k8o67v43ra50/public_html/vendor/magento/framework/Data/Argument/Interpreter/ArrayType.php(44): Magento\Framework\Data\Argument\Interpreter\Composite->evaluate(Array)
#2 /home/k8o67v43ra50/public_html/vendor/magento/framework/Data/Argument/Interpreter/Composite.php(61): Magento\Framework\Data\Argument\Interpreter\ArrayType->evaluate(Array)
#3 /home/k8o67v43ra50/public_html/vendor/magento/framework/ObjectManager/Config/Mapper/Dom.php(102): Magento\Framework\Data\Argument\Interpreter\Composite->evaluate(Array)
#4 /home/k8o67v43ra50/public_html/vendor/magento/framework/Config/Reader/Filesystem.php(176): Magento\Framework\ObjectManager\Config\Mapper\Dom->convert in /home/k8o67v43ra50/public_html/vendor/magento/framework/Data/Argument/Interpreter/Constant.php on line 23
[10-Aug-2021 13:19:44 UTC] PHP Fatal error:  Uncaught InvalidArgumentException: Constant name is expected. in /home/k8o67v43ra50/public_html/vendor/magento/framework/Data/Argument/Interpreter/Constant.php:23
Stack trace:
#0 /home/k8o67v43ra50/public_html/vendor/magento/framework/Data/Argument/Interpreter/Composite.php(61): Magento\Framework\Data\Argument\Interpreter\Constant->evaluate(Array)
#1 /home/k8o67v43ra50/public_html/vendor/magento/framework/Data/Argument/Interpreter/ArrayType.php(44): Magento\Framework\Data\Argument\Interpreter\Composite->evaluate(Array)
#2 /home/k8o67v43ra50/public_html/vendor/magento/framework/Data/Argument/Interpreter/Composite.php(61): Magento\Framework\Data\Argument\Interpreter\ArrayType->evaluate(Array)
#3 /home/k8o67v43ra50/public_html/vendor/magento/framework/ObjectManager/Config/Mapper/Dom.php(102): Magento\Framework\Data\Argument\Interpreter\Composite->evaluate(Array)
#4 /home/k8o67v43ra50/public_html/vendor/magento/framework/Config/Reader/Filesystem.php(176): Magento\Framework\ObjectManager\Config\Mapper\Dom->convert in /home/k8o67v43ra50/public_html/vendor/magento/framework/Data/Argument/Interpreter/Constant.php on line 23
[10-Aug-2021 13:19:48 UTC] PHP Fatal error:  Uncaught InvalidArgumentException: Constant name is expected. in /home/k8o67v43ra50/public_html/vendor/magento/framework/Data/Argument/Interpreter/Constant.php:23
Stack trace:
#0 /home/k8o67v43ra50/public_html/vendor/magento/framework/Data/Argument/Interpreter/Composite.php(61): Magento\Framework\Data\Argument\Interpreter\Constant->evaluate(Array)
#1 /home/k8o67v43ra50/public_html/vendor/magento/framework/Data/Argument/Interpreter/ArrayType.php(44): Magento\Framework\Data\Argument\Interpreter\Composite->evaluate(Array)
#2 /home/k8o67v43ra50/public_html/vendor/magento/framework/Data/Argument/Interpreter/Composite.php(61): Magento\Framework\Data\Argument\Interpreter\ArrayType->evaluate(Array)
#3 /home/k8o67v43ra50/public_html/vendor/magento/framework/ObjectManager/Config/Mapper/Dom.php(102): Magento\Framework\Data\Argument\Interpreter\Composite->evaluate(Array)
#4 /home/k8o67v43ra50/public_html/vendor/magento/framework/Config/Reader/Filesystem.php(176): Magento\Framework\ObjectManager\Config\Mapper\Dom->convert in /home/k8o67v43ra50/public_html/vendor/magento/framework/Data/Argument/Interpreter/Constant.php on line 23
[10-Aug-2021 13:19:49 UTC] PHP Fatal error:  Uncaught InvalidArgumentException: Constant name is expected. in /home/k8o67v43ra50/public_html/vendor/magento/framework/Data/Argument/Interpreter/Constant.php:23
Stack trace:
#0 /home/k8o67v43ra50/public_html/vendor/magento/framework/Data/Argument/Interpreter/Composite.php(61): Magento\Framework\Data\Argument\Interpreter\Constant->evaluate(Array)
#1 /home/k8o67v43ra50/public_html/vendor/magento/framework/Data/Argument/Interpreter/ArrayType.php(44): Magento\Framework\Data\Argument\Interpreter\Composite->evaluate(Array)
#2 /home/k8o67v43ra50/public_html/vendor/magento/framework/Data/Argument/Interpreter/Composite.php(61): Magento\Framework\Data\Argument\Interpreter\ArrayType->evaluate(Array)
#3 /home/k8o67v43ra50/public_html/vendor/magento/framework/ObjectManager/Config/Mapper/Dom.php(102): Magento\Framework\Data\Argument\Interpreter\Composite->evaluate(Array)
#4 /home/k8o67v43ra50/public_html/vendor/magento/framework/Config/Reader/Filesystem.php(176): Magento\Framework\ObjectManager\Config\Mapper\Dom->convert in /home/k8o67v43ra50/public_html/vendor/magento/framework/Data/Argument/Interpreter/Constant.php on line 23
[10-Aug-2021 13:19:55 UTC] PHP Fatal error:  Uncaught InvalidArgumentException: Constant name is expected. in /home/k8o67v43ra50/public_html/vendor/magento/framework/Data/Argument/Interpreter/Constant.php:23
Stack trace:
#0 /home/k8o67v43ra50/public_html/vendor/magento/framework/Data/Argument/Interpreter/Composite.php(61): Magento\Framework\Data\Argument\Interpreter\Constant->evaluate(Array)
#1 /home/k8o67v43ra50/public_html/vendor/magento/framework/Data/Argument/Interpreter/ArrayType.php(44): Magento\Framework\Data\Argument\Interpreter\Composite->evaluate(Array)
#2 /home/k8o67v43ra50/public_html/vendor/magento/framework/Data/Argument/Interpreter/Composite.php(61): Magento\Framework\Data\Argument\Interpreter\ArrayType->evaluate(Array)
#3 /home/k8o67v43ra50/public_html/vendor/magento/framework/ObjectManager/Config/Mapper/Dom.php(102): Magento\Framework\Data\Argument\Interpreter\Composite->evaluate(Array)
#4 /home/k8o67v43ra50/public_html/vendor/magento/framework/Config/Reader/Filesystem.php(176): Magento\Framework\ObjectManager\Config\Mapper\Dom->convert in /home/k8o67v43ra50/public_html/vendor/magento/framework/Data/Argument/Interpreter/Constant.php on line 23
[10-Aug-2021 13:20:02 UTC] PHP Fatal error:  Uncaught InvalidArgumentException: Constant name is expected. in /home/k8o67v43ra50/public_html/vendor/magento/framework/Data/Argument/Interpreter/Constant.php:23
Stack trace:
#0 /home/k8o67v43ra50/public_html/vendor/magento/framework/Data/Argument/Interpreter/Composite.php(61): Magento\Framework\Data\Argument\Interpreter\Constant->evaluate(Array)
#1 /home/k8o67v43ra50/public_html/vendor/magento/framework/Data/Argument/Interpreter/ArrayType.php(44): Magento\Framework\Data\Argument\Interpreter\Composite->evaluate(Array)
#2 /home/k8o67v43ra50/public_html/vendor/magento/framework/Data/Argument/Interpreter/Composite.php(61): Magento\Framework\Data\Argument\Interpreter\ArrayType->evaluate(Array)
#3 /home/k8o67v43ra50/public_html/vendor/magento/framework/ObjectManager/Config/Mapper/Dom.php(102): Magento\Framework\Data\Argument\Interpreter\Composite->evaluate(Array)
#4 /home/k8o67v43ra50/public_html/vendor/magento/framework/Config/Reader/Filesystem.php(176): Magento\Framework\ObjectManager\Config\Mapper\Dom->convert in /home/k8o67v43ra50/public_html/vendor/magento/framework/Data/Argument/Interpreter/Constant.php on line 23
[10-Aug-2021 13:20:29 UTC] PHP Fatal error:  Uncaught InvalidArgumentException: Constant name is expected. in /home/k8o67v43ra50/public_html/vendor/magento/framework/Data/Argument/Interpreter/Constant.php:23
Stack trace:
#0 /home/k8o67v43ra50/public_html/vendor/magento/framework/Data/Argument/Interpreter/Composite.php(61): Magento\Framework\Data\Argument\Interpreter\Constant->evaluate(Array)
#1 /home/k8o67v43ra50/public_html/vendor/magento/framework/Data/Argument/Interpreter/ArrayType.php(44): Magento\Framework\Data\Argument\Interpreter\Composite->evaluate(Array)
#2 /home/k8o67v43ra50/public_html/vendor/magento/framework/Data/Argument/Interpreter/Composite.php(61): Magento\Framework\Data\Argument\Interpreter\ArrayType->evaluate(Array)
#3 /home/k8o67v43ra50/public_html/vendor/magento/framework/ObjectManager/Config/Mapper/Dom.php(102): Magento\Framework\Data\Argument\Interpreter\Composite->evaluate(Array)
#4 /home/k8o67v43ra50/public_html/vendor/magento/framework/Config/Reader/Filesystem.php(176): Magento\Framework\ObjectManager\Config\Mapper\Dom->convert in /home/k8o67v43ra50/public_html/vendor/magento/framework/Data/Argument/Interpreter/Constant.php on line 23
[10-Aug-2021 13:20:35 UTC] PHP Fatal error:  Uncaught InvalidArgumentException: Constant name is expected. in /home/k8o67v43ra50/public_html/vendor/magento/framework/Data/Argument/Interpreter/Constant.php:23
Stack trace:
#0 /home/k8o67v43ra50/public_html/vendor/magento/framework/Data/Argument/Interpreter/Composite.php(61): Magento\Framework\Data\Argument\Interpreter\Constant->evaluate(Array)
#1 /home/k8o67v43ra50/public_html/vendor/magento/framework/Data/Argument/Interpreter/ArrayType.php(44): Magento\Framework\Data\Argument\Interpreter\Composite->evaluate(Array)
#2 /home/k8o67v43ra50/public_html/vendor/magento/framework/Data/Argument/Interpreter/Composite.php(61): Magento\Framework\Data\Argument\Interpreter\ArrayType->evaluate(Array)
#3 /home/k8o67v43ra50/public_html/vendor/magento/framework/ObjectManager/Config/Mapper/Dom.php(102): Magento\Framework\Data\Argument\Interpreter\Composite->evaluate(Array)
#4 /home/k8o67v43ra50/public_html/vendor/magento/framework/Config/Reader/Filesystem.php(176): Magento\Framework\ObjectManager\Config\Mapper\Dom->convert in /home/k8o67v43ra50/public_html/vendor/magento/framework/Data/Argument/Interpreter/Constant.php on line 23
[10-Aug-2021 13:20:36 UTC] PHP Fatal error:  Uncaught InvalidArgumentException: Constant name is expected. in /home/k8o67v43ra50/public_html/vendor/magento/framework/Data/Argument/Interpreter/Constant.php:23
Stack trace:
#0 /home/k8o67v43ra50/public_html/vendor/magento/framework/Data/Argument/Interpreter/Composite.php(61): Magento\Framework\Data\Argument\Interpreter\Constant->evaluate(Array)
#1 /home/k8o67v43ra50/public_html/vendor/magento/framework/Data/Argument/Interpreter/ArrayType.php(44): Magento\Framework\Data\Argument\Interpreter\Composite->evaluate(Array)
#2 /home/k8o67v43ra50/public_html/vendor/magento/framework/Data/Argument/Interpreter/Composite.php(61): Magento\Framework\Data\Argument\Interpreter\ArrayType->evaluate(Array)
#3 /home/k8o67v43ra50/public_html/vendor/magento/framework/ObjectManager/Config/Mapper/Dom.php(102): Magento\Framework\Data\Argument\Interpreter\Composite->evaluate(Array)
#4 /home/k8o67v43ra50/public_html/vendor/magento/framework/Config/Reader/Filesystem.php(176): Magento\Framework\ObjectManager\Config\Mapper\Dom->convert in /home/k8o67v43ra50/public_html/vendor/magento/framework/Data/Argument/Interpreter/Constant.php on line 23
[10-Aug-2021 13:20:39 UTC] PHP Fatal error:  Uncaught InvalidArgumentException: Constant name is expected. in /home/k8o67v43ra50/public_html/vendor/magento/framework/Data/Argument/Interpreter/Constant.php:23
Stack trace:
#0 /home/k8o67v43ra50/public_html/vendor/magento/framework/Data/Argument/Interpreter/Composite.php(61): Magento\Framework\Data\Argument\Interpreter\Constant->evaluate(Array)
#1 /home/k8o67v43ra50/public_html/vendor/magento/framework/Data/Argument/Interpreter/ArrayType.php(44): Magento\Framework\Data\Argument\Interpreter\Composite->evaluate(Array)
#2 /home/k8o67v43ra50/public_html/vendor/magento/framework/Data/Argument/Interpreter/Composite.php(61): Magento\Framework\Data\Argument\Interpreter\ArrayType->evaluate(Array)
#3 /home/k8o67v43ra50/public_html/vendor/magento/framework/ObjectManager/Config/Mapper/Dom.php(102): Magento\Framework\Data\Argument\Interpreter\Composite->evaluate(Array)
#4 /home/k8o67v43ra50/public_html/vendor/magento/framework/Config/Reader/Filesystem.php(176): Magento\Framework\ObjectManager\Config\Mapper\Dom->convert in /home/k8o67v43ra50/public_html/vendor/magento/framework/Data/Argument/Interpreter/Constant.php on line 23
[10-Aug-2021 13:20:41 UTC] PHP Fatal error:  Uncaught InvalidArgumentException: Constant name is expected. in /home/k8o67v43ra50/public_html/vendor/magento/framework/Data/Argument/Interpreter/Constant.php:23
Stack trace:
#0 /home/k8o67v43ra50/public_html/vendor/magento/framework/Data/Argument/Interpreter/Composite.php(61): Magento\Framework\Data\Argument\Interpreter\Constant->evaluate(Array)
#1 /home/k8o67v43ra50/public_html/vendor/magento/framework/Data/Argument/Interpreter/ArrayType.php(44): Magento\Framework\Data\Argument\Interpreter\Composite->evaluate(Array)
#2 /home/k8o67v43ra50/public_html/vendor/magento/framework/Data/Argument/Interpreter/Composite.php(61): Magento\Framework\Data\Argument\Interpreter\ArrayType->evaluate(Array)
#3 /home/k8o67v43ra50/public_html/vendor/magento/framework/ObjectManager/Config/Mapper/Dom.php(102): Magento\Framework\Data\Argument\Interpreter\Composite->evaluate(Array)
#4 /home/k8o67v43ra50/public_html/vendor/magento/framework/Config/Reader/Filesystem.php(176): Magento\Framework\ObjectManager\Config\Mapper\Dom->convert in /home/k8o67v43ra50/public_html/vendor/magento/framework/Data/Argument/Interpreter/Constant.php on line 23
[10-Aug-2021 13:20:47 UTC] PHP Fatal error:  Uncaught InvalidArgumentException: Constant name is expected. in /home/k8o67v43ra50/public_html/vendor/magento/framework/Data/Argument/Interpreter/Constant.php:23
Stack trace:
#0 /home/k8o67v43ra50/public_html/vendor/magento/framework/Data/Argument/Interpreter/Composite.php(61): Magento\Framework\Data\Argument\Interpreter\Constant->evaluate(Array)
#1 /home/k8o67v43ra50/public_html/vendor/magento/framework/Data/Argument/Interpreter/ArrayType.php(44): Magento\Framework\Data\Argument\Interpreter\Composite->evaluate(Array)
#2 /home/k8o67v43ra50/public_html/vendor/magento/framework/Data/Argument/Interpreter/Composite.php(61): Magento\Framework\Data\Argument\Interpreter\ArrayType->evaluate(Array)
#3 /home/k8o67v43ra50/public_html/vendor/magento/framework/ObjectManager/Config/Mapper/Dom.php(102): Magento\Framework\Data\Argument\Interpreter\Composite->evaluate(Array)
#4 /home/k8o67v43ra50/public_html/vendor/magento/framework/Config/Reader/Filesystem.php(176): Magento\Framework\ObjectManager\Config\Mapper\Dom->convert in /home/k8o67v43ra50/public_html/vendor/magento/framework/Data/Argument/Interpreter/Constant.php on line 23
[10-Aug-2021 13:20:53 UTC] PHP Fatal error:  Uncaught InvalidArgumentException: Constant name is expected. in /home/k8o67v43ra50/public_html/vendor/magento/framework/Data/Argument/Interpreter/Constant.php:23
Stack trace:
#0 /home/k8o67v43ra50/public_html/vendor/magento/framework/Data/Argument/Interpreter/Composite.php(61): Magento\Framework\Data\Argument\Interpreter\Constant->evaluate(Array)
#1 /home/k8o67v43ra50/public_html/vendor/magento/framework/Data/Argument/Interpreter/ArrayType.php(44): Magento\Framework\Data\Argument\Interpreter\Composite->evaluate(Array)
#2 /home/k8o67v43ra50/public_html/vendor/magento/framework/Data/Argument/Interpreter/Composite.php(61): Magento\Framework\Data\Argument\Interpreter\ArrayType->evaluate(Array)
#3 /home/k8o67v43ra50/public_html/vendor/magento/framework/ObjectManager/Config/Mapper/Dom.php(102): Magento\Framework\Data\Argument\Interpreter\Composite->evaluate(Array)
#4 /home/k8o67v43ra50/public_html/vendor/magento/framework/Config/Reader/Filesystem.php(176): Magento\Framework\ObjectManager\Config\Mapper\Dom->convert in /home/k8o67v43ra50/public_html/vendor/magento/framework/Data/Argument/Interpreter/Constant.php on line 23
[10-Aug-2021 13:20:58 UTC] PHP Fatal error:  Uncaught InvalidArgumentException: Constant name is expected. in /home/k8o67v43ra50/public_html/vendor/magento/framework/Data/Argument/Interpreter/Constant.php:23
Stack trace:
#0 /home/k8o67v43ra50/public_html/vendor/magento/framework/Data/Argument/Interpreter/Composite.php(61): Magento\Framework\Data\Argument\Interpreter\Constant->evaluate(Array)
#1 /home/k8o67v43ra50/public_html/vendor/magento/framework/Data/Argument/Interpreter/ArrayType.php(44): Magento\Framework\Data\Argument\Interpreter\Composite->evaluate(Array)
#2 /home/k8o67v43ra50/public_html/vendor/magento/framework/Data/Argument/Interpreter/Composite.php(61): Magento\Framework\Data\Argument\Interpreter\ArrayType->evaluate(Array)
#3 /home/k8o67v43ra50/public_html/vendor/magento/framework/ObjectManager/Config/Mapper/Dom.php(102): Magento\Framework\Data\Argument\Interpreter\Composite->evaluate(Array)
#4 /home/k8o67v43ra50/public_html/vendor/magento/framework/Config/Reader/Filesystem.php(176): Magento\Framework\ObjectManager\Config\Mapper\Dom->convert in /home/k8o67v43ra50/public_html/vendor/magento/framework/Data/Argument/Interpreter/Constant.php on line 23
[10-Aug-2021 13:21:00 UTC] PHP Fatal error:  Uncaught InvalidArgumentException: Constant name is expected. in /home/k8o67v43ra50/public_html/vendor/magento/framework/Data/Argument/Interpreter/Constant.php:23
Stack trace:
#0 /home/k8o67v43ra50/public_html/vendor/magento/framework/Data/Argument/Interpreter/Composite.php(61): Magento\Framework\Data\Argument\Interpreter\Constant->evaluate(Array)
#1 /home/k8o67v43ra50/public_html/vendor/magento/framework/Data/Argument/Interpreter/ArrayType.php(44): Magento\Framework\Data\Argument\Interpreter\Composite->evaluate(Array)
#2 /home/k8o67v43ra50/public_html/vendor/magento/framework/Data/Argument/Interpreter/Composite.php(61): Magento\Framework\Data\Argument\Interpreter\ArrayType->evaluate(Array)
#3 /home/k8o67v43ra50/public_html/vendor/magento/framework/ObjectManager/Config/Mapper/Dom.php(102): Magento\Framework\Data\Argument\Interpreter\Composite->evaluate(Array)
#4 /home/k8o67v43ra50/public_html/vendor/magento/framework/Config/Reader/Filesystem.php(176): Magento\Framework\ObjectManager\Config\Mapper\Dom->convert in /home/k8o67v43ra50/public_html/vendor/magento/framework/Data/Argument/Interpreter/Constant.php on line 23
[10-Aug-2021 13:21:06 UTC] PHP Fatal error:  Uncaught InvalidArgumentException: Constant name is expected. in /home/k8o67v43ra50/public_html/vendor/magento/framework/Data/Argument/Interpreter/Constant.php:23
Stack trace:
#0 /home/k8o67v43ra50/public_html/vendor/magento/framework/Data/Argument/Interpreter/Composite.php(61): Magento\Framework\Data\Argument\Interpreter\Constant->evaluate(Array)
#1 /home/k8o67v43ra50/public_html/vendor/magento/framework/Data/Argument/Interpreter/ArrayType.php(44): Magento\Framework\Data\Argument\Interpreter\Composite->evaluate(Array)
#2 /home/k8o67v43ra50/public_html/vendor/magento/framework/Data/Argument/Interpreter/Composite.php(61): Magento\Framework\Data\Argument\Interpreter\ArrayType->evaluate(Array)
#3 /home/k8o67v43ra50/public_html/vendor/magento/framework/ObjectManager/Config/Mapper/Dom.php(102): Magento\Framework\Data\Argument\Interpreter\Composite->evaluate(Array)
#4 /home/k8o67v43ra50/public_html/vendor/magento/framework/Config/Reader/Filesystem.php(176): Magento\Framework\ObjectManager\Config\Mapper\Dom->convert in /home/k8o67v43ra50/public_html/vendor/magento/framework/Data/Argument/Interpreter/Constant.php on line 23
[10-Aug-2021 13:21:08 UTC] PHP Fatal error:  Uncaught InvalidArgumentException: Constant name is expected. in /home/k8o67v43ra50/public_html/vendor/magento/framework/Data/Argument/Interpreter/Constant.php:23
Stack trace:
#0 /home/k8o67v43ra50/public_html/vendor/magento/framework/Data/Argument/Interpreter/Composite.php(61): Magento\Framework\Data\Argument\Interpreter\Constant->evaluate(Array)
#1 /home/k8o67v43ra50/public_html/vendor/magento/framework/Data/Argument/Interpreter/ArrayType.php(44): Magento\Framework\Data\Argument\Interpreter\Composite->evaluate(Array)
#2 /home/k8o67v43ra50/public_html/vendor/magento/framework/Data/Argument/Interpreter/Composite.php(61): Magento\Framework\Data\Argument\Interpreter\ArrayType->evaluate(Array)
#3 /home/k8o67v43ra50/public_html/vendor/magento/framework/ObjectManager/Config/Mapper/Dom.php(102): Magento\Framework\Data\Argument\Interpreter\Composite->evaluate(Array)
#4 /home/k8o67v43ra50/public_html/vendor/magento/framework/Config/Reader/Filesystem.php(176): Magento\Framework\ObjectManager\Config\Mapper\Dom->convert in /home/k8o67v43ra50/public_html/vendor/magento/framework/Data/Argument/Interpreter/Constant.php on line 23
[10-Aug-2021 13:21:09 UTC] PHP Fatal error:  Uncaught InvalidArgumentException: Constant name is expected. in /home/k8o67v43ra50/public_html/vendor/magento/framework/Data/Argument/Interpreter/Constant.php:23
Stack trace:
#0 /home/k8o67v43ra50/public_html/vendor/magento/framework/Data/Argument/Interpreter/Composite.php(61): Magento\Framework\Data\Argument\Interpreter\Constant->evaluate(Array)
#1 /home/k8o67v43ra50/public_html/vendor/magento/framework/Data/Argument/Interpreter/ArrayType.php(44): Magento\Framework\Data\Argument\Interpreter\Composite->evaluate(Array)
#2 /home/k8o67v43ra50/public_html/vendor/magento/framework/Data/Argument/Interpreter/Composite.php(61): Magento\Framework\Data\Argument\Interpreter\ArrayType->evaluate(Array)
#3 /home/k8o67v43ra50/public_html/vendor/magento/framework/ObjectManager/Config/Mapper/Dom.php(102): Magento\Framework\Data\Argument\Interpreter\Composite->evaluate(Array)
#4 /home/k8o67v43ra50/public_html/vendor/magento/framework/Config/Reader/Filesystem.php(176): Magento\Framework\ObjectManager\Config\Mapper\Dom->convert in /home/k8o67v43ra50/public_html/vendor/magento/framework/Data/Argument/Interpreter/Constant.php on line 23
[10-Aug-2021 13:21:17 UTC] PHP Fatal error:  Uncaught InvalidArgumentException: Constant name is expected. in /home/k8o67v43ra50/public_html/vendor/magento/framework/Data/Argument/Interpreter/Constant.php:23
Stack trace:
#0 /home/k8o67v43ra50/public_html/vendor/magento/framework/Data/Argument/Interpreter/Composite.php(61): Magento\Framework\Data\Argument\Interpreter\Constant->evaluate(Array)
#1 /home/k8o67v43ra50/public_html/vendor/magento/framework/Data/Argument/Interpreter/ArrayType.php(44): Magento\Framework\Data\Argument\Interpreter\Composite->evaluate(Array)
#2 /home/k8o67v43ra50/public_html/vendor/magento/framework/Data/Argument/Interpreter/Composite.php(61): Magento\Framework\Data\Argument\Interpreter\ArrayType->evaluate(Array)
#3 /home/k8o67v43ra50/public_html/vendor/magento/framework/ObjectManager/Config/Mapper/Dom.php(102): Magento\Framework\Data\Argument\Interpreter\Composite->evaluate(Array)
#4 /home/k8o67v43ra50/public_html/vendor/magento/framework/Config/Reader/Filesystem.php(176): Magento\Framework\ObjectManager\Config\Mapper\Dom->convert in /home/k8o67v43ra50/public_html/vendor/magento/framework/Data/Argument/Interpreter/Constant.php on line 23
[10-Aug-2021 13:21:32 UTC] PHP Fatal error:  Uncaught InvalidArgumentException: Constant name is expected. in /home/k8o67v43ra50/public_html/vendor/magento/framework/Data/Argument/Interpreter/Constant.php:23
Stack trace:
#0 /home/k8o67v43ra50/public_html/vendor/magento/framework/Data/Argument/Interpreter/Composite.php(61): Magento\Framework\Data\Argument\Interpreter\Constant->evaluate(Array)
#1 /home/k8o67v43ra50/public_html/vendor/magento/framework/Data/Argument/Interpreter/ArrayType.php(44): Magento\Framework\Data\Argument\Interpreter\Composite->evaluate(Array)
#2 /home/k8o67v43ra50/public_html/vendor/magento/framework/Data/Argument/Interpreter/Composite.php(61): Magento\Framework\Data\Argument\Interpreter\ArrayType->evaluate(Array)
#3 /home/k8o67v43ra50/public_html/vendor/magento/framework/ObjectManager/Config/Mapper/Dom.php(102): Magento\Framework\Data\Argument\Interpreter\Composite->evaluate(Array)
#4 /home/k8o67v43ra50/public_html/vendor/magento/framework/Config/Reader/Filesystem.php(176): Magento\Framework\ObjectManager\Config\Mapper\Dom->convert in /home/k8o67v43ra50/public_html/vendor/magento/framework/Data/Argument/Interpreter/Constant.php on line 23
[10-Aug-2021 13:21:38 UTC] PHP Fatal error:  Uncaught InvalidArgumentException: Constant name is expected. in /home/k8o67v43ra50/public_html/vendor/magento/framework/Data/Argument/Interpreter/Constant.php:23
Stack trace:
#0 /home/k8o67v43ra50/public_html/vendor/magento/framework/Data/Argument/Interpreter/Composite.php(61): Magento\Framework\Data\Argument\Interpreter\Constant->evaluate(Array)
#1 /home/k8o67v43ra50/public_html/vendor/magento/framework/Data/Argument/Interpreter/ArrayType.php(44): Magento\Framework\Data\Argument\Interpreter\Composite->evaluate(Array)
#2 /home/k8o67v43ra50/public_html/vendor/magento/framework/Data/Argument/Interpreter/Composite.php(61): Magento\Framework\Data\Argument\Interpreter\ArrayType->evaluate(Array)
#3 /home/k8o67v43ra50/public_html/vendor/magento/framework/ObjectManager/Config/Mapper/Dom.php(102): Magento\Framework\Data\Argument\Interpreter\Composite->evaluate(Array)
#4 /home/k8o67v43ra50/public_html/vendor/magento/framework/Config/Reader/Filesystem.php(176): Magento\Framework\ObjectManager\Config\Mapper\Dom->convert in /home/k8o67v43ra50/public_html/vendor/magento/framework/Data/Argument/Interpreter/Constant.php on line 23
[10-Aug-2021 13:21:43 UTC] PHP Fatal error:  Uncaught InvalidArgumentException: Constant name is expected. in /home/k8o67v43ra50/public_html/vendor/magento/framework/Data/Argument/Interpreter/Constant.php:23
Stack trace:
#0 /home/k8o67v43ra50/public_html/vendor/magento/framework/Data/Argument/Interpreter/Composite.php(61): Magento\Framework\Data\Argument\Interpreter\Constant->evaluate(Array)
#1 /home/k8o67v43ra50/public_html/vendor/magento/framework/Data/Argument/Interpreter/ArrayType.php(44): Magento\Framework\Data\Argument\Interpreter\Composite->evaluate(Array)
#2 /home/k8o67v43ra50/public_html/vendor/magento/framework/Data/Argument/Interpreter/Composite.php(61): Magento\Framework\Data\Argument\Interpreter\ArrayType->evaluate(Array)
#3 /home/k8o67v43ra50/public_html/vendor/magento/framework/ObjectManager/Config/Mapper/Dom.php(102): Magento\Framework\Data\Argument\Interpreter\Composite->evaluate(Array)
#4 /home/k8o67v43ra50/public_html/vendor/magento/framework/Config/Reader/Filesystem.php(176): Magento\Framework\ObjectManager\Config\Mapper\Dom->convert in /home/k8o67v43ra50/public_html/vendor/magento/framework/Data/Argument/Interpreter/Constant.php on line 23
[10-Aug-2021 13:21:44 UTC] PHP Fatal error:  Uncaught InvalidArgumentException: Constant name is expected. in /home/k8o67v43ra50/public_html/vendor/magento/framework/Data/Argument/Interpreter/Constant.php:23
Stack trace:
#0 /home/k8o67v43ra50/public_html/vendor/magento/framework/Data/Argument/Interpreter/Composite.php(61): Magento\Framework\Data\Argument\Interpreter\Constant->evaluate(Array)
#1 /home/k8o67v43ra50/public_html/vendor/magento/framework/Data/Argument/Interpreter/ArrayType.php(44): Magento\Framework\Data\Argument\Interpreter\Composite->evaluate(Array)
#2 /home/k8o67v43ra50/public_html/vendor/magento/framework/Data/Argument/Interpreter/Composite.php(61): Magento\Framework\Data\Argument\Interpreter\ArrayType->evaluate(Array)
#3 /home/k8o67v43ra50/public_html/vendor/magento/framework/ObjectManager/Config/Mapper/Dom.php(102): Magento\Framework\Data\Argument\Interpreter\Composite->evaluate(Array)
#4 /home/k8o67v43ra50/public_html/vendor/magento/framework/Config/Reader/Filesystem.php(176): Magento\Framework\ObjectManager\Config\Mapper\Dom->convert in /home/k8o67v43ra50/public_html/vendor/magento/framework/Data/Argument/Interpreter/Constant.php on line 23
[10-Aug-2021 13:21:49 UTC] PHP Fatal error:  Uncaught InvalidArgumentException: Constant name is expected. in /home/k8o67v43ra50/public_html/vendor/magento/framework/Data/Argument/Interpreter/Constant.php:23
Stack trace:
#0 /home/k8o67v43ra50/public_html/vendor/magento/framework/Data/Argument/Interpreter/Composite.php(61): Magento\Framework\Data\Argument\Interpreter\Constant->evaluate(Array)
#1 /home/k8o67v43ra50/public_html/vendor/magento/framework/Data/Argument/Interpreter/ArrayType.php(44): Magento\Framework\Data\Argument\Interpreter\Composite->evaluate(Array)
#2 /home/k8o67v43ra50/public_html/vendor/magento/framework/Data/Argument/Interpreter/Composite.php(61): Magento\Framework\Data\Argument\Interpreter\ArrayType->evaluate(Array)
#3 /home/k8o67v43ra50/public_html/vendor/magento/framework/ObjectManager/Config/Mapper/Dom.php(102): Magento\Framework\Data\Argument\Interpreter\Composite->evaluate(Array)
#4 /home/k8o67v43ra50/public_html/vendor/magento/framework/Config/Reader/Filesystem.php(176): Magento\Framework\ObjectManager\Config\Mapper\Dom->convert in /home/k8o67v43ra50/public_html/vendor/magento/framework/Data/Argument/Interpreter/Constant.php on line 23
[10-Aug-2021 13:21:58 UTC] PHP Fatal error:  Uncaught InvalidArgumentException: Constant name is expected. in /home/k8o67v43ra50/public_html/vendor/magento/framework/Data/Argument/Interpreter/Constant.php:23
Stack trace:
#0 /home/k8o67v43ra50/public_html/vendor/magento/framework/Data/Argument/Interpreter/Composite.php(61): Magento\Framework\Data\Argument\Interpreter\Constant->evaluate(Array)
#1 /home/k8o67v43ra50/public_html/vendor/magento/framework/Data/Argument/Interpreter/ArrayType.php(44): Magento\Framework\Data\Argument\Interpreter\Composite->evaluate(Array)
#2 /home/k8o67v43ra50/public_html/vendor/magento/framework/Data/Argument/Interpreter/Composite.php(61): Magento\Framework\Data\Argument\Interpreter\ArrayType->evaluate(Array)
#3 /home/k8o67v43ra50/public_html/vendor/magento/framework/ObjectManager/Config/Mapper/Dom.php(102): Magento\Framework\Data\Argument\Interpreter\Composite->evaluate(Array)
#4 /home/k8o67v43ra50/public_html/vendor/magento/framework/Config/Reader/Filesystem.php(176): Magento\Framework\ObjectManager\Config\Mapper\Dom->convert in /home/k8o67v43ra50/public_html/vendor/magento/framework/Data/Argument/Interpreter/Constant.php on line 23
[10-Aug-2021 13:21:59 UTC] PHP Fatal error:  Uncaught InvalidArgumentException: Constant name is expected. in /home/k8o67v43ra50/public_html/vendor/magento/framework/Data/Argument/Interpreter/Constant.php:23
Stack trace:
#0 /home/k8o67v43ra50/public_html/vendor/magento/framework/Data/Argument/Interpreter/Composite.php(61): Magento\Framework\Data\Argument\Interpreter\Constant->evaluate(Array)
#1 /home/k8o67v43ra50/public_html/vendor/magento/framework/Data/Argument/Interpreter/ArrayType.php(44): Magento\Framework\Data\Argument\Interpreter\Composite->evaluate(Array)
#2 /home/k8o67v43ra50/public_html/vendor/magento/framework/Data/Argument/Interpreter/Composite.php(61): Magento\Framework\Data\Argument\Interpreter\ArrayType->evaluate(Array)
#3 /home/k8o67v43ra50/public_html/vendor/magento/framework/ObjectManager/Config/Mapper/Dom.php(102): Magento\Framework\Data\Argument\Interpreter\Composite->evaluate(Array)
#4 /home/k8o67v43ra50/public_html/vendor/magento/framework/Config/Reader/Filesystem.php(176): Magento\Framework\ObjectManager\Config\Mapper\Dom->convert in /home/k8o67v43ra50/public_html/vendor/magento/framework/Data/Argument/Interpreter/Constant.php on line 23
[10-Aug-2021 13:22:06 UTC] PHP Fatal error:  Uncaught InvalidArgumentException: Constant name is expected. in /home/k8o67v43ra50/public_html/vendor/magento/framework/Data/Argument/Interpreter/Constant.php:23
Stack trace:
#0 /home/k8o67v43ra50/public_html/vendor/magento/framework/Data/Argument/Interpreter/Composite.php(61): Magento\Framework\Data\Argument\Interpreter\Constant->evaluate(Array)
#1 /home/k8o67v43ra50/public_html/vendor/magento/framework/Data/Argument/Interpreter/ArrayType.php(44): Magento\Framework\Data\Argument\Interpreter\Composite->evaluate(Array)
#2 /home/k8o67v43ra50/public_html/vendor/magento/framework/Data/Argument/Interpreter/Composite.php(61): Magento\Framework\Data\Argument\Interpreter\ArrayType->evaluate(Array)
#3 /home/k8o67v43ra50/public_html/vendor/magento/framework/ObjectManager/Config/Mapper/Dom.php(102): Magento\Framework\Data\Argument\Interpreter\Composite->evaluate(Array)
#4 /home/k8o67v43ra50/public_html/vendor/magento/framework/Config/Reader/Filesystem.php(176): Magento\Framework\ObjectManager\Config\Mapper\Dom->convert in /home/k8o67v43ra50/public_html/vendor/magento/framework/Data/Argument/Interpreter/Constant.php on line 23
[10-Aug-2021 13:22:08 UTC] PHP Fatal error:  Uncaught InvalidArgumentException: Constant name is expected. in /home/k8o67v43ra50/public_html/vendor/magento/framework/Data/Argument/Interpreter/Constant.php:23
Stack trace:
#0 /home/k8o67v43ra50/public_html/vendor/magento/framework/Data/Argument/Interpreter/Composite.php(61): Magento\Framework\Data\Argument\Interpreter\Constant->evaluate(Array)
#1 /home/k8o67v43ra50/public_html/vendor/magento/framework/Data/Argument/Interpreter/ArrayType.php(44): Magento\Framework\Data\Argument\Interpreter\Composite->evaluate(Array)
#2 /home/k8o67v43ra50/public_html/vendor/magento/framework/Data/Argument/Interpreter/Composite.php(61): Magento\Framework\Data\Argument\Interpreter\ArrayType->evaluate(Array)
#3 /home/k8o67v43ra50/public_html/vendor/magento/framework/ObjectManager/Config/Mapper/Dom.php(102): Magento\Framework\Data\Argument\Interpreter\Composite->evaluate(Array)
#4 /home/k8o67v43ra50/public_html/vendor/magento/framework/Config/Reader/Filesystem.php(176): Magento\Framework\ObjectManager\Config\Mapper\Dom->convert in /home/k8o67v43ra50/public_html/vendor/magento/framework/Data/Argument/Interpreter/Constant.php on line 23
[10-Aug-2021 13:22:11 UTC] PHP Fatal error:  Uncaught InvalidArgumentException: Constant name is expected. in /home/k8o67v43ra50/public_html/vendor/magento/framework/Data/Argument/Interpreter/Constant.php:23
Stack trace:
#0 /home/k8o67v43ra50/public_html/vendor/magento/framework/Data/Argument/Interpreter/Composite.php(61): Magento\Framework\Data\Argument\Interpreter\Constant->evaluate(Array)
#1 /home/k8o67v43ra50/public_html/vendor/magento/framework/Data/Argument/Interpreter/ArrayType.php(44): Magento\Framework\Data\Argument\Interpreter\Composite->evaluate(Array)
#2 /home/k8o67v43ra50/public_html/vendor/magento/framework/Data/Argument/Interpreter/Composite.php(61): Magento\Framework\Data\Argument\Interpreter\ArrayType->evaluate(Array)
#3 /home/k8o67v43ra50/public_html/vendor/magento/framework/ObjectManager/Config/Mapper/Dom.php(102): Magento\Framework\Data\Argument\Interpreter\Composite->evaluate(Array)
#4 /home/k8o67v43ra50/public_html/vendor/magento/framework/Config/Reader/Filesystem.php(176): Magento\Framework\ObjectManager\Config\Mapper\Dom->convert in /home/k8o67v43ra50/public_html/vendor/magento/framework/Data/Argument/Interpreter/Constant.php on line 23
[10-Aug-2021 13:22:13 UTC] PHP Fatal error:  Uncaught InvalidArgumentException: Constant name is expected. in /home/k8o67v43ra50/public_html/vendor/magento/framework/Data/Argument/Interpreter/Constant.php:23
Stack trace:
#0 /home/k8o67v43ra50/public_html/vendor/magento/framework/Data/Argument/Interpreter/Composite.php(61): Magento\Framework\Data\Argument\Interpreter\Constant->evaluate(Array)
#1 /home/k8o67v43ra50/public_html/vendor/magento/framework/Data/Argument/Interpreter/ArrayType.php(44): Magento\Framework\Data\Argument\Interpreter\Composite->evaluate(Array)
#2 /home/k8o67v43ra50/public_html/vendor/magento/framework/Data/Argument/Interpreter/Composite.php(61): Magento\Framework\Data\Argument\Interpreter\ArrayType->evaluate(Array)
#3 /home/k8o67v43ra50/public_html/vendor/magento/framework/ObjectManager/Config/Mapper/Dom.php(102): Magento\Framework\Data\Argument\Interpreter\Composite->evaluate(Array)
#4 /home/k8o67v43ra50/public_html/vendor/magento/framework/Config/Reader/Filesystem.php(176): Magento\Framework\ObjectManager\Config\Mapper\Dom->convert in /home/k8o67v43ra50/public_html/vendor/magento/framework/Data/Argument/Interpreter/Constant.php on line 23
[10-Aug-2021 13:22:14 UTC] PHP Fatal error:  Uncaught InvalidArgumentException: Constant name is expected. in /home/k8o67v43ra50/public_html/vendor/magento/framework/Data/Argument/Interpreter/Constant.php:23
Stack trace:
#0 /home/k8o67v43ra50/public_html/vendor/magento/framework/Data/Argument/Interpreter/Composite.php(61): Magento\Framework\Data\Argument\Interpreter\Constant->evaluate(Array)
#1 /home/k8o67v43ra50/public_html/vendor/magento/framework/Data/Argument/Interpreter/ArrayType.php(44): Magento\Framework\Data\Argument\Interpreter\Composite->evaluate(Array)
#2 /home/k8o67v43ra50/public_html/vendor/magento/framework/Data/Argument/Interpreter/Composite.php(61): Magento\Framework\Data\Argument\Interpreter\ArrayType->evaluate(Array)
#3 /home/k8o67v43ra50/public_html/vendor/magento/framework/ObjectManager/Config/Mapper/Dom.php(102): Magento\Framework\Data\Argument\Interpreter\Composite->evaluate(Array)
#4 /home/k8o67v43ra50/public_html/vendor/magento/framework/Config/Reader/Filesystem.php(176): Magento\Framework\ObjectManager\Config\Mapper\Dom->convert in /home/k8o67v43ra50/public_html/vendor/magento/framework/Data/Argument/Interpreter/Constant.php on line 23
[10-Aug-2021 13:22:29 UTC] PHP Fatal error:  Uncaught InvalidArgumentException: Constant name is expected. in /home/k8o67v43ra50/public_html/vendor/magento/framework/Data/Argument/Interpreter/Constant.php:23
Stack trace:
#0 /home/k8o67v43ra50/public_html/vendor/magento/framework/Data/Argument/Interpreter/Composite.php(61): Magento\Framework\Data\Argument\Interpreter\Constant->evaluate(Array)
#1 /home/k8o67v43ra50/public_html/vendor/magento/framework/Data/Argument/Interpreter/ArrayType.php(44): Magento\Framework\Data\Argument\Interpreter\Composite->evaluate(Array)
#2 /home/k8o67v43ra50/public_html/vendor/magento/framework/Data/Argument/Interpreter/Composite.php(61): Magento\Framework\Data\Argument\Interpreter\ArrayType->evaluate(Array)
#3 /home/k8o67v43ra50/public_html/vendor/magento/framework/ObjectManager/Config/Mapper/Dom.php(102): Magento\Framework\Data\Argument\Interpreter\Composite->evaluate(Array)
#4 /home/k8o67v43ra50/public_html/vendor/magento/framework/Config/Reader/Filesystem.php(176): Magento\Framework\ObjectManager\Config\Mapper\Dom->convert in /home/k8o67v43ra50/public_html/vendor/magento/framework/Data/Argument/Interpreter/Constant.php on line 23
[10-Aug-2021 13:22:30 UTC] PHP Fatal error:  Uncaught InvalidArgumentException: Constant name is expected. in /home/k8o67v43ra50/public_html/vendor/magento/framework/Data/Argument/Interpreter/Constant.php:23
Stack trace:
#0 /home/k8o67v43ra50/public_html/vendor/magento/framework/Data/Argument/Interpreter/Composite.php(61): Magento\Framework\Data\Argument\Interpreter\Constant->evaluate(Array)
#1 /home/k8o67v43ra50/public_html/vendor/magento/framework/Data/Argument/Interpreter/ArrayType.php(44): Magento\Framework\Data\Argument\Interpreter\Composite->evaluate(Array)
#2 /home/k8o67v43ra50/public_html/vendor/magento/framework/Data/Argument/Interpreter/Composite.php(61): Magento\Framework\Data\Argument\Interpreter\ArrayType->evaluate(Array)
#3 /home/k8o67v43ra50/public_html/vendor/magento/framework/ObjectManager/Config/Mapper/Dom.php(102): Magento\Framework\Data\Argument\Interpreter\Composite->evaluate(Array)
#4 /home/k8o67v43ra50/public_html/vendor/magento/framework/Config/Reader/Filesystem.php(176): Magento\Framework\ObjectManager\Config\Mapper\Dom->convert in /home/k8o67v43ra50/public_html/vendor/magento/framework/Data/Argument/Interpreter/Constant.php on line 23
[10-Aug-2021 13:22:35 UTC] PHP Fatal error:  Uncaught InvalidArgumentException: Constant name is expected. in /home/k8o67v43ra50/public_html/vendor/magento/framework/Data/Argument/Interpreter/Constant.php:23
Stack trace:
#0 /home/k8o67v43ra50/public_html/vendor/magento/framework/Data/Argument/Interpreter/Composite.php(61): Magento\Framework\Data\Argument\Interpreter\Constant->evaluate(Array)
#1 /home/k8o67v43ra50/public_html/vendor/magento/framework/Data/Argument/Interpreter/ArrayType.php(44): Magento\Framework\Data\Argument\Interpreter\Composite->evaluate(Array)
#2 /home/k8o67v43ra50/public_html/vendor/magento/framework/Data/Argument/Interpreter/Composite.php(61): Magento\Framework\Data\Argument\Interpreter\ArrayType->evaluate(Array)
#3 /home/k8o67v43ra50/public_html/vendor/magento/framework/ObjectManager/Config/Mapper/Dom.php(102): Magento\Framework\Data\Argument\Interpreter\Composite->evaluate(Array)
#4 /home/k8o67v43ra50/public_html/vendor/magento/framework/Config/Reader/Filesystem.php(176): Magento\Framework\ObjectManager\Config\Mapper\Dom->convert in /home/k8o67v43ra50/public_html/vendor/magento/framework/Data/Argument/Interpreter/Constant.php on line 23
[10-Aug-2021 13:22:40 UTC] PHP Fatal error:  Uncaught InvalidArgumentException: Constant name is expected. in /home/k8o67v43ra50/public_html/vendor/magento/framework/Data/Argument/Interpreter/Constant.php:23
Stack trace:
#0 /home/k8o67v43ra50/public_html/vendor/magento/framework/Data/Argument/Interpreter/Composite.php(61): Magento\Framework\Data\Argument\Interpreter\Constant->evaluate(Array)
#1 /home/k8o67v43ra50/public_html/vendor/magento/framework/Data/Argument/Interpreter/ArrayType.php(44): Magento\Framework\Data\Argument\Interpreter\Composite->evaluate(Array)
#2 /home/k8o67v43ra50/public_html/vendor/magento/framework/Data/Argument/Interpreter/Composite.php(61): Magento\Framework\Data\Argument\Interpreter\ArrayType->evaluate(Array)
#3 /home/k8o67v43ra50/public_html/vendor/magento/framework/ObjectManager/Config/Mapper/Dom.php(102): Magento\Framework\Data\Argument\Interpreter\Composite->evaluate(Array)
#4 /home/k8o67v43ra50/public_html/vendor/magento/framework/Config/Reader/Filesystem.php(176): Magento\Framework\ObjectManager\Config\Mapper\Dom->convert in /home/k8o67v43ra50/public_html/vendor/magento/framework/Data/Argument/Interpreter/Constant.php on line 23
[10-Aug-2021 13:22:43 UTC] PHP Fatal error:  Uncaught InvalidArgumentException: Constant name is expected. in /home/k8o67v43ra50/public_html/vendor/magento/framework/Data/Argument/Interpreter/Constant.php:23
Stack trace:
#0 /home/k8o67v43ra50/public_html/vendor/magento/framework/Data/Argument/Interpreter/Composite.php(61): Magento\Framework\Data\Argument\Interpreter\Constant->evaluate(Array)
#1 /home/k8o67v43ra50/public_html/vendor/magento/framework/Data/Argument/Interpreter/ArrayType.php(44): Magento\Framework\Data\Argument\Interpreter\Composite->evaluate(Array)
#2 /home/k8o67v43ra50/public_html/vendor/magento/framework/Data/Argument/Interpreter/Composite.php(61): Magento\Framework\Data\Argument\Interpreter\ArrayType->evaluate(Array)
#3 /home/k8o67v43ra50/public_html/vendor/magento/framework/ObjectManager/Config/Mapper/Dom.php(102): Magento\Framework\Data\Argument\Interpreter\Composite->evaluate(Array)
#4 /home/k8o67v43ra50/public_html/vendor/magento/framework/Config/Reader/Filesystem.php(176): Magento\Framework\ObjectManager\Config\Mapper\Dom->convert in /home/k8o67v43ra50/public_html/vendor/magento/framework/Data/Argument/Interpreter/Constant.php on line 23
[10-Aug-2021 13:22:46 UTC] PHP Fatal error:  Uncaught InvalidArgumentException: Constant name is expected. in /home/k8o67v43ra50/public_html/vendor/magento/framework/Data/Argument/Interpreter/Constant.php:23
Stack trace:
#0 /home/k8o67v43ra50/public_html/vendor/magento/framework/Data/Argument/Interpreter/Composite.php(61): Magento\Framework\Data\Argument\Interpreter\Constant->evaluate(Array)
#1 /home/k8o67v43ra50/public_html/vendor/magento/framework/Data/Argument/Interpreter/ArrayType.php(44): Magento\Framework\Data\Argument\Interpreter\Composite->evaluate(Array)
#2 /home/k8o67v43ra50/public_html/vendor/magento/framework/Data/Argument/Interpreter/Composite.php(61): Magento\Framework\Data\Argument\Interpreter\ArrayType->evaluate(Array)
#3 /home/k8o67v43ra50/public_html/vendor/magento/framework/ObjectManager/Config/Mapper/Dom.php(102): Magento\Framework\Data\Argument\Interpreter\Composite->evaluate(Array)
#4 /home/k8o67v43ra50/public_html/vendor/magento/framework/Config/Reader/Filesystem.php(176): Magento\Framework\ObjectManager\Config\Mapper\Dom->convert in /home/k8o67v43ra50/public_html/vendor/magento/framework/Data/Argument/Interpreter/Constant.php on line 23
[10-Aug-2021 13:22:49 UTC] PHP Fatal error:  Uncaught InvalidArgumentException: Constant name is expected. in /home/k8o67v43ra50/public_html/vendor/magento/framework/Data/Argument/Interpreter/Constant.php:23
Stack trace:
#0 /home/k8o67v43ra50/public_html/vendor/magento/framework/Data/Argument/Interpreter/Composite.php(61): Magento\Framework\Data\Argument\Interpreter\Constant->evaluate(Array)
#1 /home/k8o67v43ra50/public_html/vendor/magento/framework/Data/Argument/Interpreter/ArrayType.php(44): Magento\Framework\Data\Argument\Interpreter\Composite->evaluate(Array)
#2 /home/k8o67v43ra50/public_html/vendor/magento/framework/Data/Argument/Interpreter/Composite.php(61): Magento\Framework\Data\Argument\Interpreter\ArrayType->evaluate(Array)
#3 /home/k8o67v43ra50/public_html/vendor/magento/framework/ObjectManager/Config/Mapper/Dom.php(102): Magento\Framework\Data\Argument\Interpreter\Composite->evaluate(Array)
#4 /home/k8o67v43ra50/public_html/vendor/magento/framework/Config/Reader/Filesystem.php(176): Magento\Framework\ObjectManager\Config\Mapper\Dom->convert in /home/k8o67v43ra50/public_html/vendor/magento/framework/Data/Argument/Interpreter/Constant.php on line 23
[10-Aug-2021 13:38:40 UTC] PHP Fatal error:  Uncaught Error: Class 'Hyperpay\Extension\Block\Display' not found in /home/k8o67v43ra50/public_html/app/code/Mstore/PaymentResolver/Block/Display.php:8
Stack trace:
#0 /home/k8o67v43ra50/public_html/vendor/composer/ClassLoader.php(444): include()
#1 /home/k8o67v43ra50/public_html/vendor/composer/ClassLoader.php(322): Composer\Autoload\includeFile('/home/k8o67v43r...')
#2 [internal function]: Composer\Autoload\ClassLoader->loadClass('Mstore\\PaymentR...')
#3 [internal function]: spl_autoload_call('Mstore\\PaymentR...')
#4 /home/k8o67v43ra50/public_html/setup/src/Magento/Setup/Module/Di/Code/Reader/ClassesScanner.php(133): class_exists('Mstore\\PaymentR...')
#5 /home/k8o67v43ra50/public_html/setup/src/Magento/Setup/Module/Di/Code/Reader/ClassesScanner.php(117): Magento\Setup\Module\Di\Code\Reader\ClassesScanner->includeClasses(Array, '/home/k8o67v43r...')
#6 /home/k8o67v43ra50/public_html/setup/src/Magento/Setup/Module/Di/Code/Reader/ClassesScanner.php(88): Magento\Setup\Module\Di\Code\Reader\ClassesScanner->e in /home/k8o67v43ra50/public_html/app/code/Mstore/PaymentResolver/Block/Display.php on line 8
[18-Aug-2021 09:07:21 UTC] PHP Fatal error:  Uncaught Error: Class 'Hyperpay\Extension\Block\Display' not found in /home/k8o67v43ra50/public_html/app/code/Mstore/PaymentResolver/Block/Display.php:8
Stack trace:
#0 /home/k8o67v43ra50/public_html/vendor/composer/ClassLoader.php(444): include()
#1 /home/k8o67v43ra50/public_html/vendor/composer/ClassLoader.php(322): Composer\Autoload\includeFile('/home/k8o67v43r...')
#2 [internal function]: Composer\Autoload\ClassLoader->loadClass('Mstore\\PaymentR...')
#3 [internal function]: spl_autoload_call('Mstore\\PaymentR...')
#4 /home/k8o67v43ra50/public_html/setup/src/Magento/Setup/Module/Di/Code/Reader/ClassesScanner.php(133): class_exists('Mstore\\PaymentR...')
#5 /home/k8o67v43ra50/public_html/setup/src/Magento/Setup/Module/Di/Code/Reader/ClassesScanner.php(117): Magento\Setup\Module\Di\Code\Reader\ClassesScanner->includeClasses(Array, '/home/k8o67v43r...')
#6 /home/k8o67v43ra50/public_html/setup/src/Magento/Setup/Module/Di/Code/Reader/ClassesScanner.php(88): Magento\Setup\Module\Di\Code\Reader\ClassesScanner->e in /home/k8o67v43ra50/public_html/app/code/Mstore/PaymentResolver/Block/Display.php on line 8
[20-Aug-2021 07:56:55 UTC] PHP Fatal error:  Uncaught Error: Class 'Hyperpay\Extension\Block\Display' not found in /home/k8o67v43ra50/public_html/app/code/Mstore/PaymentResolver/Block/Display.php:8
Stack trace:
#0 /home/k8o67v43ra50/public_html/vendor/composer/ClassLoader.php(444): include()
#1 /home/k8o67v43ra50/public_html/vendor/composer/ClassLoader.php(322): Composer\Autoload\includeFile('/home/k8o67v43r...')
#2 [internal function]: Composer\Autoload\ClassLoader->loadClass('Mstore\\PaymentR...')
#3 [internal function]: spl_autoload_call('Mstore\\PaymentR...')
#4 /home/k8o67v43ra50/public_html/setup/src/Magento/Setup/Module/Di/Code/Reader/ClassesScanner.php(133): class_exists('Mstore\\PaymentR...')
#5 /home/k8o67v43ra50/public_html/setup/src/Magento/Setup/Module/Di/Code/Reader/ClassesScanner.php(117): Magento\Setup\Module\Di\Code\Reader\ClassesScanner->includeClasses(Array, '/home/k8o67v43r...')
#6 /home/k8o67v43ra50/public_html/setup/src/Magento/Setup/Module/Di/Code/Reader/ClassesScanner.php(88): Magento\Setup\Module\Di\Code\Reader\ClassesScanner->e in /home/k8o67v43ra50/public_html/app/code/Mstore/PaymentResolver/Block/Display.php on line 8
[20-Aug-2021 09:56:25 UTC] PHP Fatal error:  Uncaught Error: Class 'Hyperpay\Extension\Block\Display' not found in /home/k8o67v43ra50/public_html/app/code/Mstore/PaymentResolver/Block/Display.php:8
Stack trace:
#0 /home/k8o67v43ra50/public_html/vendor/composer/ClassLoader.php(444): include()
#1 /home/k8o67v43ra50/public_html/vendor/composer/ClassLoader.php(322): Composer\Autoload\includeFile('/home/k8o67v43r...')
#2 [internal function]: Composer\Autoload\ClassLoader->loadClass('Mstore\\PaymentR...')
#3 [internal function]: spl_autoload_call('Mstore\\PaymentR...')
#4 /home/k8o67v43ra50/public_html/setup/src/Magento/Setup/Module/Di/Code/Reader/ClassesScanner.php(133): class_exists('Mstore\\PaymentR...')
#5 /home/k8o67v43ra50/public_html/setup/src/Magento/Setup/Module/Di/Code/Reader/ClassesScanner.php(117): Magento\Setup\Module\Di\Code\Reader\ClassesScanner->includeClasses(Array, '/home/k8o67v43r...')
#6 /home/k8o67v43ra50/public_html/setup/src/Magento/Setup/Module/Di/Code/Reader/ClassesScanner.php(88): Magento\Setup\Module\Di\Code\Reader\ClassesScanner->e in /home/k8o67v43ra50/public_html/app/code/Mstore/PaymentResolver/Block/Display.php on line 8
[20-Aug-2021 10:25:58 UTC] PHP Fatal error:  Uncaught Error: Class 'Hyperpay\Extension\Block\Display' not found in /home/k8o67v43ra50/public_html/app/code/Mstore/PaymentResolver/Block/Display.php:8
Stack trace:
#0 /home/k8o67v43ra50/public_html/vendor/composer/ClassLoader.php(444): include()
#1 /home/k8o67v43ra50/public_html/vendor/composer/ClassLoader.php(322): Composer\Autoload\includeFile('/home/k8o67v43r...')
#2 [internal function]: Composer\Autoload\ClassLoader->loadClass('Mstore\\PaymentR...')
#3 [internal function]: spl_autoload_call('Mstore\\PaymentR...')
#4 /home/k8o67v43ra50/public_html/setup/src/Magento/Setup/Module/Di/Code/Reader/ClassesScanner.php(133): class_exists('Mstore\\PaymentR...')
#5 /home/k8o67v43ra50/public_html/setup/src/Magento/Setup/Module/Di/Code/Reader/ClassesScanner.php(117): Magento\Setup\Module\Di\Code\Reader\ClassesScanner->includeClasses(Array, '/home/k8o67v43r...')
#6 /home/k8o67v43ra50/public_html/setup/src/Magento/Setup/Module/Di/Code/Reader/ClassesScanner.php(88): Magento\Setup\Module\Di\Code\Reader\ClassesScanner->e in /home/k8o67v43ra50/public_html/app/code/Mstore/PaymentResolver/Block/Display.php on line 8
[20-Aug-2021 13:14:49 UTC] PHP Fatal error:  Uncaught Error: Class 'Hyperpay\Extension\Block\Display' not found in /home/k8o67v43ra50/public_html/app/code/Mstore/PaymentResolver/Block/Display.php:8
Stack trace:
#0 /home/k8o67v43ra50/public_html/vendor/composer/ClassLoader.php(444): include()
#1 /home/k8o67v43ra50/public_html/vendor/composer/ClassLoader.php(322): Composer\Autoload\includeFile('/home/k8o67v43r...')
#2 [internal function]: Composer\Autoload\ClassLoader->loadClass('Mstore\\PaymentR...')
#3 [internal function]: spl_autoload_call('Mstore\\PaymentR...')
#4 /home/k8o67v43ra50/public_html/setup/src/Magento/Setup/Module/Di/Code/Reader/ClassesScanner.php(133): class_exists('Mstore\\PaymentR...')
#5 /home/k8o67v43ra50/public_html/setup/src/Magento/Setup/Module/Di/Code/Reader/ClassesScanner.php(117): Magento\Setup\Module\Di\Code\Reader\ClassesScanner->includeClasses(Array, '/home/k8o67v43r...')
#6 /home/k8o67v43ra50/public_html/setup/src/Magento/Setup/Module/Di/Code/Reader/ClassesScanner.php(88): Magento\Setup\Module\Di\Code\Reader\ClassesScanner->e in /home/k8o67v43ra50/public_html/app/code/Mstore/PaymentResolver/Block/Display.php on line 8
[20-Aug-2021 13:18:11 UTC] PHP Fatal error:  Uncaught Error: Class 'Hyperpay\Extension\Block\Display' not found in /home/k8o67v43ra50/public_html/app/code/Mstore/PaymentResolver/Block/Display.php:8
Stack trace:
#0 /home/k8o67v43ra50/public_html/vendor/composer/ClassLoader.php(444): include()
#1 /home/k8o67v43ra50/public_html/vendor/composer/ClassLoader.php(322): Composer\Autoload\includeFile('/home/k8o67v43r...')
#2 [internal function]: Composer\Autoload\ClassLoader->loadClass('Mstore\\PaymentR...')
#3 [internal function]: spl_autoload_call('Mstore\\PaymentR...')
#4 /home/k8o67v43ra50/public_html/setup/src/Magento/Setup/Module/Di/Code/Reader/ClassesScanner.php(133): class_exists('Mstore\\PaymentR...')
#5 /home/k8o67v43ra50/public_html/setup/src/Magento/Setup/Module/Di/Code/Reader/ClassesScanner.php(117): Magento\Setup\Module\Di\Code\Reader\ClassesScanner->includeClasses(Array, '/home/k8o67v43r...')
#6 /home/k8o67v43ra50/public_html/setup/src/Magento/Setup/Module/Di/Code/Reader/ClassesScanner.php(88): Magento\Setup\Module\Di\Code\Reader\ClassesScanner->e in /home/k8o67v43ra50/public_html/app/code/Mstore/PaymentResolver/Block/Display.php on line 8
[11-Sep-2021 05:29:13 UTC] PHP Fatal error:  Uncaught Error: Class 'Hyperpay\Extension\Block\Display' not found in /home/k8o67v43ra50/public_html/app/code/Mstore/PaymentResolver/Block/Display.php:8
Stack trace:
#0 /home/k8o67v43ra50/public_html/vendor/composer/ClassLoader.php(444): include()
#1 /home/k8o67v43ra50/public_html/vendor/composer/ClassLoader.php(322): Composer\Autoload\includeFile('/home/k8o67v43r...')
#2 [internal function]: Composer\Autoload\ClassLoader->loadClass('Mstore\\PaymentR...')
#3 [internal function]: spl_autoload_call('Mstore\\PaymentR...')
#4 /home/k8o67v43ra50/public_html/setup/src/Magento/Setup/Module/Di/Code/Reader/ClassesScanner.php(133): class_exists('Mstore\\PaymentR...')
#5 /home/k8o67v43ra50/public_html/setup/src/Magento/Setup/Module/Di/Code/Reader/ClassesScanner.php(117): Magento\Setup\Module\Di\Code\Reader\ClassesScanner->includeClasses(Array, '/home/k8o67v43r...')
#6 /home/k8o67v43ra50/public_html/setup/src/Magento/Setup/Module/Di/Code/Reader/ClassesScanner.php(88): Magento\Setup\Module\Di\Code\Reader\ClassesScanner->e in /home/k8o67v43ra50/public_html/app/code/Mstore/PaymentResolver/Block/Display.php on line 8
[11-Sep-2021 05:40:34 UTC] PHP Fatal error:  Uncaught Error: Class 'Klevu\Logger\Block\Adminhtml\Form\Button\LogDownloadButton' not found in /home/k8o67v43ra50/public_html/app/code/Klevu/Search/Block/Adminhtml/Form/Field/Logdownload.php:18
Stack trace:
#0 /home/k8o67v43ra50/public_html/vendor/composer/ClassLoader.php(444): include()
#1 /home/k8o67v43ra50/public_html/vendor/composer/ClassLoader.php(322): Composer\Autoload\includeFile('/home/k8o67v43r...')
#2 [internal function]: Composer\Autoload\ClassLoader->loadClass('Klevu\\Search\\Bl...')
#3 [internal function]: spl_autoload_call('Klevu\\Search\\Bl...')
#4 /home/k8o67v43ra50/public_html/vendor/magento/framework/ObjectManager/Relations/Runtime.php(38): class_exists('Klevu\\Search\\Bl...')
#5 /home/k8o67v43ra50/public_html/vendor/magento/framework/Interception/Config/Config.php(157): Magento\Framework\ObjectManager\Relations\Runtime->has('Klevu\\Search\\Bl...')
#6 /home/k8o67v43ra50/public_html/vendor/magento/framework/Interception/Config/Config.php(180): Magento\Framework\Interception\Config\Config->_ in /home/k8o67v43ra50/public_html/app/code/Klevu/Search/Block/Adminhtml/Form/Field/Logdownload.php on line 18
[11-Sep-2021 05:40:34 UTC] PHP Fatal error:  Uncaught Error: Class 'Klevu\Logger\Block\Adminhtml\Form\Button\LogDownloadButton' not found in /home/k8o67v43ra50/public_html/app/code/Klevu/Search/Block/Adminhtml/Form/Field/Logdownload.php:18
Stack trace:
#0 /home/k8o67v43ra50/public_html/vendor/composer/ClassLoader.php(444): include()
#1 /home/k8o67v43ra50/public_html/vendor/composer/ClassLoader.php(322): Composer\Autoload\includeFile('/home/k8o67v43r...')
#2 [internal function]: Composer\Autoload\ClassLoader->loadClass('Klevu\\Search\\Bl...')
#3 [internal function]: spl_autoload_call('Klevu\\Search\\Bl...')
#4 /home/k8o67v43ra50/public_html/vendor/magento/framework/ObjectManager/Relations/Runtime.php(38): class_exists('Klevu\\Search\\Bl...')
#5 /home/k8o67v43ra50/public_html/vendor/magento/framework/Interception/Config/Config.php(157): Magento\Framework\ObjectManager\Relations\Runtime->has('Klevu\\Search\\Bl...')
#6 /home/k8o67v43ra50/public_html/vendor/magento/framework/Interception/Config/Config.php(180): Magento\Framework\Interception\Config\Config->_ in /home/k8o67v43ra50/public_html/app/code/Klevu/Search/Block/Adminhtml/Form/Field/Logdownload.php on line 18
[11-Sep-2021 05:40:41 UTC] PHP Fatal error:  Uncaught Error: Class 'Klevu\Logger\Block\Adminhtml\Form\Button\LogDownloadButton' not found in /home/k8o67v43ra50/public_html/app/code/Klevu/Search/Block/Adminhtml/Form/Field/Logdownload.php:18
Stack trace:
#0 /home/k8o67v43ra50/public_html/vendor/composer/ClassLoader.php(444): include()
#1 /home/k8o67v43ra50/public_html/vendor/composer/ClassLoader.php(322): Composer\Autoload\includeFile('/home/k8o67v43r...')
#2 [internal function]: Composer\Autoload\ClassLoader->loadClass('Klevu\\Search\\Bl...')
#3 [internal function]: spl_autoload_call('Klevu\\Search\\Bl...')
#4 /home/k8o67v43ra50/public_html/vendor/magento/framework/ObjectManager/Relations/Runtime.php(38): class_exists('Klevu\\Search\\Bl...')
#5 /home/k8o67v43ra50/public_html/vendor/magento/framework/Interception/Config/Config.php(157): Magento\Framework\ObjectManager\Relations\Runtime->has('Klevu\\Search\\Bl...')
#6 /home/k8o67v43ra50/public_html/vendor/magento/framework/Interception/Config/Config.php(180): Magento\Framework\Interception\Config\Config->_ in /home/k8o67v43ra50/public_html/app/code/Klevu/Search/Block/Adminhtml/Form/Field/Logdownload.php on line 18
[11-Sep-2021 05:40:48 UTC] PHP Fatal error:  Uncaught Error: Class 'Klevu\Logger\Block\Adminhtml\Form\Button\LogDownloadButton' not found in /home/k8o67v43ra50/public_html/app/code/Klevu/Search/Block/Adminhtml/Form/Field/Logdownload.php:18
Stack trace:
#0 /home/k8o67v43ra50/public_html/vendor/composer/ClassLoader.php(444): include()
#1 /home/k8o67v43ra50/public_html/vendor/composer/ClassLoader.php(322): Composer\Autoload\includeFile('/home/k8o67v43r...')
#2 [internal function]: Composer\Autoload\ClassLoader->loadClass('Klevu\\Search\\Bl...')
#3 [internal function]: spl_autoload_call('Klevu\\Search\\Bl...')
#4 /home/k8o67v43ra50/public_html/vendor/magento/framework/ObjectManager/Relations/Runtime.php(38): class_exists('Klevu\\Search\\Bl...')
#5 /home/k8o67v43ra50/public_html/vendor/magento/framework/Interception/Config/Config.php(157): Magento\Framework\ObjectManager\Relations\Runtime->has('Klevu\\Search\\Bl...')
#6 /home/k8o67v43ra50/public_html/vendor/magento/framework/Interception/Config/Config.php(180): Magento\Framework\Interception\Config\Config->_ in /home/k8o67v43ra50/public_html/app/code/Klevu/Search/Block/Adminhtml/Form/Field/Logdownload.php on line 18
[11-Sep-2021 05:40:54 UTC] PHP Fatal error:  Uncaught Error: Class 'Klevu\Logger\Block\Adminhtml\Form\Button\LogDownloadButton' not found in /home/k8o67v43ra50/public_html/app/code/Klevu/Search/Block/Adminhtml/Form/Field/Logdownload.php:18
Stack trace:
#0 /home/k8o67v43ra50/public_html/vendor/composer/ClassLoader.php(444): include()
#1 /home/k8o67v43ra50/public_html/vendor/composer/ClassLoader.php(322): Composer\Autoload\includeFile('/home/k8o67v43r...')
#2 [internal function]: Composer\Autoload\ClassLoader->loadClass('Klevu\\Search\\Bl...')
#3 [internal function]: spl_autoload_call('Klevu\\Search\\Bl...')
#4 /home/k8o67v43ra50/public_html/vendor/magento/framework/ObjectManager/Relations/Runtime.php(38): class_exists('Klevu\\Search\\Bl...')
#5 /home/k8o67v43ra50/public_html/vendor/magento/framework/Interception/Config/Config.php(157): Magento\Framework\ObjectManager\Relations\Runtime->has('Klevu\\Search\\Bl...')
#6 /home/k8o67v43ra50/public_html/vendor/magento/framework/Interception/Config/Config.php(180): Magento\Framework\Interception\Config\Config->_ in /home/k8o67v43ra50/public_html/app/code/Klevu/Search/Block/Adminhtml/Form/Field/Logdownload.php on line 18
[11-Sep-2021 05:41:01 UTC] PHP Fatal error:  Uncaught Error: Class 'Klevu\Logger\Block\Adminhtml\Form\Button\LogDownloadButton' not found in /home/k8o67v43ra50/public_html/app/code/Klevu/Search/Block/Adminhtml/Form/Field/Logdownload.php:18
Stack trace:
#0 /home/k8o67v43ra50/public_html/vendor/composer/ClassLoader.php(444): include()
#1 /home/k8o67v43ra50/public_html/vendor/composer/ClassLoader.php(322): Composer\Autoload\includeFile('/home/k8o67v43r...')
#2 [internal function]: Composer\Autoload\ClassLoader->loadClass('Klevu\\Search\\Bl...')
#3 [internal function]: spl_autoload_call('Klevu\\Search\\Bl...')
#4 /home/k8o67v43ra50/public_html/vendor/magento/framework/ObjectManager/Relations/Runtime.php(38): class_exists('Klevu\\Search\\Bl...')
#5 /home/k8o67v43ra50/public_html/vendor/magento/framework/Interception/Config/Config.php(157): Magento\Framework\ObjectManager\Relations\Runtime->has('Klevu\\Search\\Bl...')
#6 /home/k8o67v43ra50/public_html/vendor/magento/framework/Interception/Config/Config.php(180): Magento\Framework\Interception\Config\Config->_ in /home/k8o67v43ra50/public_html/app/code/Klevu/Search/Block/Adminhtml/Form/Field/Logdownload.php on line 18
[11-Sep-2021 05:41:06 UTC] PHP Fatal error:  Uncaught Error: Class 'Klevu\Logger\Block\Adminhtml\Form\Button\LogDownloadButton' not found in /home/k8o67v43ra50/public_html/app/code/Klevu/Search/Block/Adminhtml/Form/Field/Logdownload.php:18
Stack trace:
#0 /home/k8o67v43ra50/public_html/vendor/composer/ClassLoader.php(444): include()
#1 /home/k8o67v43ra50/public_html/vendor/composer/ClassLoader.php(322): Composer\Autoload\includeFile('/home/k8o67v43r...')
#2 [internal function]: Composer\Autoload\ClassLoader->loadClass('Klevu\\Search\\Bl...')
#3 [internal function]: spl_autoload_call('Klevu\\Search\\Bl...')
#4 /home/k8o67v43ra50/public_html/vendor/magento/framework/ObjectManager/Relations/Runtime.php(38): class_exists('Klevu\\Search\\Bl...')
#5 /home/k8o67v43ra50/public_html/vendor/magento/framework/Interception/Config/Config.php(157): Magento\Framework\ObjectManager\Relations\Runtime->has('Klevu\\Search\\Bl...')
#6 /home/k8o67v43ra50/public_html/vendor/magento/framework/Interception/Config/Config.php(180): Magento\Framework\Interception\Config\Config->_ in /home/k8o67v43ra50/public_html/app/code/Klevu/Search/Block/Adminhtml/Form/Field/Logdownload.php on line 18
[11-Sep-2021 05:41:08 UTC] PHP Fatal error:  Uncaught Error: Class 'Klevu\Logger\Block\Adminhtml\Form\Button\LogDownloadButton' not found in /home/k8o67v43ra50/public_html/app/code/Klevu/Search/Block/Adminhtml/Form/Field/Logdownload.php:18
Stack trace:
#0 /home/k8o67v43ra50/public_html/vendor/composer/ClassLoader.php(444): include()
#1 /home/k8o67v43ra50/public_html/vendor/composer/ClassLoader.php(322): Composer\Autoload\includeFile('/home/k8o67v43r...')
#2 [internal function]: Composer\Autoload\ClassLoader->loadClass('Klevu\\Search\\Bl...')
#3 [internal function]: spl_autoload_call('Klevu\\Search\\Bl...')
#4 /home/k8o67v43ra50/public_html/vendor/magento/framework/ObjectManager/Relations/Runtime.php(38): class_exists('Klevu\\Search\\Bl...')
#5 /home/k8o67v43ra50/public_html/vendor/magento/framework/Interception/Config/Config.php(157): Magento\Framework\ObjectManager\Relations\Runtime->has('Klevu\\Search\\Bl...')
#6 /home/k8o67v43ra50/public_html/vendor/magento/framework/Interception/Config/Config.php(180): Magento\Framework\Interception\Config\Config->_ in /home/k8o67v43ra50/public_html/app/code/Klevu/Search/Block/Adminhtml/Form/Field/Logdownload.php on line 18
[11-Sep-2021 05:41:14 UTC] PHP Fatal error:  Uncaught Error: Class 'Klevu\Logger\Block\Adminhtml\Form\Button\LogDownloadButton' not found in /home/k8o67v43ra50/public_html/app/code/Klevu/Search/Block/Adminhtml/Form/Field/Logdownload.php:18
Stack trace:
#0 /home/k8o67v43ra50/public_html/vendor/composer/ClassLoader.php(444): include()
#1 /home/k8o67v43ra50/public_html/vendor/composer/ClassLoader.php(322): Composer\Autoload\includeFile('/home/k8o67v43r...')
#2 [internal function]: Composer\Autoload\ClassLoader->loadClass('Klevu\\Search\\Bl...')
#3 [internal function]: spl_autoload_call('Klevu\\Search\\Bl...')
#4 /home/k8o67v43ra50/public_html/vendor/magento/framework/ObjectManager/Relations/Runtime.php(38): class_exists('Klevu\\Search\\Bl...')
#5 /home/k8o67v43ra50/public_html/vendor/magento/framework/Interception/Config/Config.php(157): Magento\Framework\ObjectManager\Relations\Runtime->has('Klevu\\Search\\Bl...')
#6 /home/k8o67v43ra50/public_html/vendor/magento/framework/Interception/Config/Config.php(180): Magento\Framework\Interception\Config\Config->_ in /home/k8o67v43ra50/public_html/app/code/Klevu/Search/Block/Adminhtml/Form/Field/Logdownload.php on line 18
[11-Sep-2021 05:41:20 UTC] PHP Fatal error:  Uncaught Error: Class 'Klevu\Logger\Block\Adminhtml\Form\Button\LogDownloadButton' not found in /home/k8o67v43ra50/public_html/app/code/Klevu/Search/Block/Adminhtml/Form/Field/Logdownload.php:18
Stack trace:
#0 /home/k8o67v43ra50/public_html/vendor/composer/ClassLoader.php(444): include()
#1 /home/k8o67v43ra50/public_html/vendor/composer/ClassLoader.php(322): Composer\Autoload\includeFile('/home/k8o67v43r...')
#2 [internal function]: Composer\Autoload\ClassLoader->loadClass('Klevu\\Search\\Bl...')
#3 [internal function]: spl_autoload_call('Klevu\\Search\\Bl...')
#4 /home/k8o67v43ra50/public_html/vendor/magento/framework/ObjectManager/Relations/Runtime.php(38): class_exists('Klevu\\Search\\Bl...')
#5 /home/k8o67v43ra50/public_html/vendor/magento/framework/Interception/Config/Config.php(157): Magento\Framework\ObjectManager\Relations\Runtime->has('Klevu\\Search\\Bl...')
#6 /home/k8o67v43ra50/public_html/vendor/magento/framework/Interception/Config/Config.php(180): Magento\Framework\Interception\Config\Config->_ in /home/k8o67v43ra50/public_html/app/code/Klevu/Search/Block/Adminhtml/Form/Field/Logdownload.php on line 18
[11-Sep-2021 05:41:26 UTC] PHP Fatal error:  Uncaught Error: Class 'Klevu\Logger\Block\Adminhtml\Form\Button\LogDownloadButton' not found in /home/k8o67v43ra50/public_html/app/code/Klevu/Search/Block/Adminhtml/Form/Field/Logdownload.php:18
Stack trace:
#0 /home/k8o67v43ra50/public_html/vendor/composer/ClassLoader.php(444): include()
#1 /home/k8o67v43ra50/public_html/vendor/composer/ClassLoader.php(322): Composer\Autoload\includeFile('/home/k8o67v43r...')
#2 [internal function]: Composer\Autoload\ClassLoader->loadClass('Klevu\\Search\\Bl...')
#3 [internal function]: spl_autoload_call('Klevu\\Search\\Bl...')
#4 /home/k8o67v43ra50/public_html/vendor/magento/framework/ObjectManager/Relations/Runtime.php(38): class_exists('Klevu\\Search\\Bl...')
#5 /home/k8o67v43ra50/public_html/vendor/magento/framework/Interception/Config/Config.php(157): Magento\Framework\ObjectManager\Relations\Runtime->has('Klevu\\Search\\Bl...')
#6 /home/k8o67v43ra50/public_html/vendor/magento/framework/Interception/Config/Config.php(180): Magento\Framework\Interception\Config\Config->_ in /home/k8o67v43ra50/public_html/app/code/Klevu/Search/Block/Adminhtml/Form/Field/Logdownload.php on line 18
[11-Sep-2021 05:41:27 UTC] PHP Fatal error:  Uncaught Error: Class 'Klevu\Logger\Block\Adminhtml\Form\Button\LogDownloadButton' not found in /home/k8o67v43ra50/public_html/app/code/Klevu/Search/Block/Adminhtml/Form/Field/Logdownload.php:18
Stack trace:
#0 /home/k8o67v43ra50/public_html/vendor/composer/ClassLoader.php(444): include()
#1 /home/k8o67v43ra50/public_html/vendor/composer/ClassLoader.php(322): Composer\Autoload\includeFile('/home/k8o67v43r...')
#2 [internal function]: Composer\Autoload\ClassLoader->loadClass('Klevu\\Search\\Bl...')
#3 [internal function]: spl_autoload_call('Klevu\\Search\\Bl...')
#4 /home/k8o67v43ra50/public_html/vendor/magento/framework/ObjectManager/Relations/Runtime.php(38): class_exists('Klevu\\Search\\Bl...')
#5 /home/k8o67v43ra50/public_html/vendor/magento/framework/Interception/Config/Config.php(157): Magento\Framework\ObjectManager\Relations\Runtime->has('Klevu\\Search\\Bl...')
#6 /home/k8o67v43ra50/public_html/vendor/magento/framework/Interception/Config/Config.php(180): Magento\Framework\Interception\Config\Config->_ in /home/k8o67v43ra50/public_html/app/code/Klevu/Search/Block/Adminhtml/Form/Field/Logdownload.php on line 18
[11-Sep-2021 05:41:33 UTC] PHP Fatal error:  Uncaught Error: Class 'Klevu\Logger\Block\Adminhtml\Form\Button\LogDownloadButton' not found in /home/k8o67v43ra50/public_html/app/code/Klevu/Search/Block/Adminhtml/Form/Field/Logdownload.php:18
Stack trace:
#0 /home/k8o67v43ra50/public_html/vendor/composer/ClassLoader.php(444): include()
#1 /home/k8o67v43ra50/public_html/vendor/composer/ClassLoader.php(322): Composer\Autoload\includeFile('/home/k8o67v43r...')
#2 [internal function]: Composer\Autoload\ClassLoader->loadClass('Klevu\\Search\\Bl...')
#3 [internal function]: spl_autoload_call('Klevu\\Search\\Bl...')
#4 /home/k8o67v43ra50/public_html/vendor/magento/framework/ObjectManager/Relations/Runtime.php(38): class_exists('Klevu\\Search\\Bl...')
#5 /home/k8o67v43ra50/public_html/vendor/magento/framework/Interception/Config/Config.php(157): Magento\Framework\ObjectManager\Relations\Runtime->has('Klevu\\Search\\Bl...')
#6 /home/k8o67v43ra50/public_html/vendor/magento/framework/Interception/Config/Config.php(180): Magento\Framework\Interception\Config\Config->_ in /home/k8o67v43ra50/public_html/app/code/Klevu/Search/Block/Adminhtml/Form/Field/Logdownload.php on line 18
[11-Sep-2021 05:41:40 UTC] PHP Fatal error:  Uncaught Error: Class 'Klevu\Logger\Block\Adminhtml\Form\Button\LogDownloadButton' not found in /home/k8o67v43ra50/public_html/app/code/Klevu/Search/Block/Adminhtml/Form/Field/Logdownload.php:18
Stack trace:
#0 /home/k8o67v43ra50/public_html/vendor/composer/ClassLoader.php(444): include()
#1 /home/k8o67v43ra50/public_html/vendor/composer/ClassLoader.php(322): Composer\Autoload\includeFile('/home/k8o67v43r...')
#2 [internal function]: Composer\Autoload\ClassLoader->loadClass('Klevu\\Search\\Bl...')
#3 [internal function]: spl_autoload_call('Klevu\\Search\\Bl...')
#4 /home/k8o67v43ra50/public_html/vendor/magento/framework/ObjectManager/Relations/Runtime.php(38): class_exists('Klevu\\Search\\Bl...')
#5 /home/k8o67v43ra50/public_html/vendor/magento/framework/Interception/Config/Config.php(157): Magento\Framework\ObjectManager\Relations\Runtime->has('Klevu\\Search\\Bl...')
#6 /home/k8o67v43ra50/public_html/vendor/magento/framework/Interception/Config/Config.php(180): Magento\Framework\Interception\Config\Config->_ in /home/k8o67v43ra50/public_html/app/code/Klevu/Search/Block/Adminhtml/Form/Field/Logdownload.php on line 18
[11-Sep-2021 05:48:07 UTC] PHP Fatal error:  Uncaught Error: Class 'Klevu\Logger\Block\Adminhtml\Form\Button\LogDownloadButton' not found in /home/k8o67v43ra50/public_html/app/code/Klevu/Search/Block/Adminhtml/Form/Field/Logdownload.php:18
Stack trace:
#0 /home/k8o67v43ra50/public_html/vendor/composer/ClassLoader.php(444): include()
#1 /home/k8o67v43ra50/public_html/vendor/composer/ClassLoader.php(322): Composer\Autoload\includeFile('/home/k8o67v43r...')
#2 [internal function]: Composer\Autoload\ClassLoader->loadClass('Klevu\\Search\\Bl...')
#3 [internal function]: spl_autoload_call('Klevu\\Search\\Bl...')
#4 /home/k8o67v43ra50/public_html/vendor/magento/framework/ObjectManager/Relations/Runtime.php(38): class_exists('Klevu\\Search\\Bl...')
#5 /home/k8o67v43ra50/public_html/vendor/magento/framework/Interception/Config/Config.php(157): Magento\Framework\ObjectManager\Relations\Runtime->has('Klevu\\Search\\Bl...')
#6 /home/k8o67v43ra50/public_html/vendor/magento/framework/Interception/Config/Config.php(180): Magento\Framework\Interception\Config\Config->_ in /home/k8o67v43ra50/public_html/app/code/Klevu/Search/Block/Adminhtml/Form/Field/Logdownload.php on line 18
[11-Sep-2021 05:48:07 UTC] PHP Fatal error:  Uncaught Error: Class 'Klevu\Logger\Block\Adminhtml\Form\Button\LogDownloadButton' not found in /home/k8o67v43ra50/public_html/app/code/Klevu/Search/Block/Adminhtml/Form/Field/Logdownload.php:18
Stack trace:
#0 /home/k8o67v43ra50/public_html/vendor/composer/ClassLoader.php(444): include()
#1 /home/k8o67v43ra50/public_html/vendor/composer/ClassLoader.php(322): Composer\Autoload\includeFile('/home/k8o67v43r...')
#2 [internal function]: Composer\Autoload\ClassLoader->loadClass('Klevu\\Search\\Bl...')
#3 [internal function]: spl_autoload_call('Klevu\\Search\\Bl...')
#4 /home/k8o67v43ra50/public_html/vendor/magento/framework/ObjectManager/Relations/Runtime.php(38): class_exists('Klevu\\Search\\Bl...')
#5 /home/k8o67v43ra50/public_html/vendor/magento/framework/Interception/Config/Config.php(157): Magento\Framework\ObjectManager\Relations\Runtime->has('Klevu\\Search\\Bl...')
#6 /home/k8o67v43ra50/public_html/vendor/magento/framework/Interception/Config/Config.php(180): Magento\Framework\Interception\Config\Config->_ in /home/k8o67v43ra50/public_html/app/code/Klevu/Search/Block/Adminhtml/Form/Field/Logdownload.php on line 18
[11-Sep-2021 05:48:14 UTC] PHP Fatal error:  Uncaught Error: Class 'Klevu\Logger\Block\Adminhtml\Form\Button\LogDownloadButton' not found in /home/k8o67v43ra50/public_html/app/code/Klevu/Search/Block/Adminhtml/Form/Field/Logdownload.php:18
Stack trace:
#0 /home/k8o67v43ra50/public_html/vendor/composer/ClassLoader.php(444): include()
#1 /home/k8o67v43ra50/public_html/vendor/composer/ClassLoader.php(322): Composer\Autoload\includeFile('/home/k8o67v43r...')
#2 [internal function]: Composer\Autoload\ClassLoader->loadClass('Klevu\\Search\\Bl...')
#3 [internal function]: spl_autoload_call('Klevu\\Search\\Bl...')
#4 /home/k8o67v43ra50/public_html/vendor/magento/framework/ObjectManager/Relations/Runtime.php(38): class_exists('Klevu\\Search\\Bl...')
#5 /home/k8o67v43ra50/public_html/vendor/magento/framework/Interception/Config/Config.php(157): Magento\Framework\ObjectManager\Relations\Runtime->has('Klevu\\Search\\Bl...')
#6 /home/k8o67v43ra50/public_html/vendor/magento/framework/Interception/Config/Config.php(180): Magento\Framework\Interception\Config\Config->_ in /home/k8o67v43ra50/public_html/app/code/Klevu/Search/Block/Adminhtml/Form/Field/Logdownload.php on line 18
[11-Sep-2021 05:48:20 UTC] PHP Fatal error:  Uncaught Error: Class 'Klevu\Logger\Block\Adminhtml\Form\Button\LogDownloadButton' not found in /home/k8o67v43ra50/public_html/app/code/Klevu/Search/Block/Adminhtml/Form/Field/Logdownload.php:18
Stack trace:
#0 /home/k8o67v43ra50/public_html/vendor/composer/ClassLoader.php(444): include()
#1 /home/k8o67v43ra50/public_html/vendor/composer/ClassLoader.php(322): Composer\Autoload\includeFile('/home/k8o67v43r...')
#2 [internal function]: Composer\Autoload\ClassLoader->loadClass('Klevu\\Search\\Bl...')
#3 [internal function]: spl_autoload_call('Klevu\\Search\\Bl...')
#4 /home/k8o67v43ra50/public_html/vendor/magento/framework/ObjectManager/Relations/Runtime.php(38): class_exists('Klevu\\Search\\Bl...')
#5 /home/k8o67v43ra50/public_html/vendor/magento/framework/Interception/Config/Config.php(157): Magento\Framework\ObjectManager\Relations\Runtime->has('Klevu\\Search\\Bl...')
#6 /home/k8o67v43ra50/public_html/vendor/magento/framework/Interception/Config/Config.php(180): Magento\Framework\Interception\Config\Config->_ in /home/k8o67v43ra50/public_html/app/code/Klevu/Search/Block/Adminhtml/Form/Field/Logdownload.php on line 18
[11-Sep-2021 05:48:29 UTC] PHP Fatal error:  Uncaught Error: Class 'Klevu\Logger\Block\Adminhtml\Form\Button\LogDownloadButton' not found in /home/k8o67v43ra50/public_html/app/code/Klevu/Search/Block/Adminhtml/Form/Field/Logdownload.php:18
Stack trace:
#0 /home/k8o67v43ra50/public_html/vendor/composer/ClassLoader.php(444): include()
#1 /home/k8o67v43ra50/public_html/vendor/composer/ClassLoader.php(322): Composer\Autoload\includeFile('/home/k8o67v43r...')
#2 [internal function]: Composer\Autoload\ClassLoader->loadClass('Klevu\\Search\\Bl...')
#3 [internal function]: spl_autoload_call('Klevu\\Search\\Bl...')
#4 /home/k8o67v43ra50/public_html/vendor/magento/framework/ObjectManager/Relations/Runtime.php(38): class_exists('Klevu\\Search\\Bl...')
#5 /home/k8o67v43ra50/public_html/vendor/magento/framework/Interception/Config/Config.php(157): Magento\Framework\ObjectManager\Relations\Runtime->has('Klevu\\Search\\Bl...')
#6 /home/k8o67v43ra50/public_html/vendor/magento/framework/Interception/Config/Config.php(180): Magento\Framework\Interception\Config\Config->_ in /home/k8o67v43ra50/public_html/app/code/Klevu/Search/Block/Adminhtml/Form/Field/Logdownload.php on line 18
[11-Sep-2021 05:48:38 UTC] PHP Fatal error:  Uncaught Error: Class 'Klevu\Logger\Block\Adminhtml\Form\Button\LogDownloadButton' not found in /home/k8o67v43ra50/public_html/app/code/Klevu/Search/Block/Adminhtml/Form/Field/Logdownload.php:18
Stack trace:
#0 /home/k8o67v43ra50/public_html/vendor/composer/ClassLoader.php(444): include()
#1 /home/k8o67v43ra50/public_html/vendor/composer/ClassLoader.php(322): Composer\Autoload\includeFile('/home/k8o67v43r...')
#2 [internal function]: Composer\Autoload\ClassLoader->loadClass('Klevu\\Search\\Bl...')
#3 [internal function]: spl_autoload_call('Klevu\\Search\\Bl...')
#4 /home/k8o67v43ra50/public_html/vendor/magento/framework/ObjectManager/Relations/Runtime.php(38): class_exists('Klevu\\Search\\Bl...')
#5 /home/k8o67v43ra50/public_html/vendor/magento/framework/Interception/Config/Config.php(157): Magento\Framework\ObjectManager\Relations\Runtime->has('Klevu\\Search\\Bl...')
#6 /home/k8o67v43ra50/public_html/vendor/magento/framework/Interception/Config/Config.php(180): Magento\Framework\Interception\Config\Config->_ in /home/k8o67v43ra50/public_html/app/code/Klevu/Search/Block/Adminhtml/Form/Field/Logdownload.php on line 18
[11-Sep-2021 05:48:41 UTC] PHP Fatal error:  Uncaught Error: Class 'Klevu\Logger\Block\Adminhtml\Form\Button\LogDownloadButton' not found in /home/k8o67v43ra50/public_html/app/code/Klevu/Search/Block/Adminhtml/Form/Field/Logdownload.php:18
Stack trace:
#0 /home/k8o67v43ra50/public_html/vendor/composer/ClassLoader.php(444): include()
#1 /home/k8o67v43ra50/public_html/vendor/composer/ClassLoader.php(322): Composer\Autoload\includeFile('/home/k8o67v43r...')
#2 [internal function]: Composer\Autoload\ClassLoader->loadClass('Klevu\\Search\\Bl...')
#3 [internal function]: spl_autoload_call('Klevu\\Search\\Bl...')
#4 /home/k8o67v43ra50/public_html/vendor/magento/framework/ObjectManager/Relations/Runtime.php(38): class_exists('Klevu\\Search\\Bl...')
#5 /home/k8o67v43ra50/public_html/vendor/magento/framework/Interception/Config/Config.php(157): Magento\Framework\ObjectManager\Relations\Runtime->has('Klevu\\Search\\Bl...')
#6 /home/k8o67v43ra50/public_html/vendor/magento/framework/Interception/Config/Config.php(180): Magento\Framework\Interception\Config\Config->_ in /home/k8o67v43ra50/public_html/app/code/Klevu/Search/Block/Adminhtml/Form/Field/Logdownload.php on line 18
[11-Sep-2021 05:48:47 UTC] PHP Fatal error:  Uncaught Error: Class 'Klevu\Logger\Block\Adminhtml\Form\Button\LogDownloadButton' not found in /home/k8o67v43ra50/public_html/app/code/Klevu/Search/Block/Adminhtml/Form/Field/Logdownload.php:18
Stack trace:
#0 /home/k8o67v43ra50/public_html/vendor/composer/ClassLoader.php(444): include()
#1 /home/k8o67v43ra50/public_html/vendor/composer/ClassLoader.php(322): Composer\Autoload\includeFile('/home/k8o67v43r...')
#2 [internal function]: Composer\Autoload\ClassLoader->loadClass('Klevu\\Search\\Bl...')
#3 [internal function]: spl_autoload_call('Klevu\\Search\\Bl...')
#4 /home/k8o67v43ra50/public_html/vendor/magento/framework/ObjectManager/Relations/Runtime.php(38): class_exists('Klevu\\Search\\Bl...')
#5 /home/k8o67v43ra50/public_html/vendor/magento/framework/Interception/Config/Config.php(157): Magento\Framework\ObjectManager\Relations\Runtime->has('Klevu\\Search\\Bl...')
#6 /home/k8o67v43ra50/public_html/vendor/magento/framework/Interception/Config/Config.php(180): Magento\Framework\Interception\Config\Config->_ in /home/k8o67v43ra50/public_html/app/code/Klevu/Search/Block/Adminhtml/Form/Field/Logdownload.php on line 18
[11-Sep-2021 05:48:58 UTC] PHP Fatal error:  Uncaught Error: Class 'Klevu\Logger\Block\Adminhtml\Form\Button\LogDownloadButton' not found in /home/k8o67v43ra50/public_html/app/code/Klevu/Search/Block/Adminhtml/Form/Field/Logdownload.php:18
Stack trace:
#0 /home/k8o67v43ra50/public_html/vendor/composer/ClassLoader.php(444): include()
#1 /home/k8o67v43ra50/public_html/vendor/composer/ClassLoader.php(322): Composer\Autoload\includeFile('/home/k8o67v43r...')
#2 [internal function]: Composer\Autoload\ClassLoader->loadClass('Klevu\\Search\\Bl...')
#3 [internal function]: spl_autoload_call('Klevu\\Search\\Bl...')
#4 /home/k8o67v43ra50/public_html/vendor/magento/framework/ObjectManager/Relations/Runtime.php(38): class_exists('Klevu\\Search\\Bl...')
#5 /home/k8o67v43ra50/public_html/vendor/magento/framework/Interception/Config/Config.php(157): Magento\Framework\ObjectManager\Relations\Runtime->has('Klevu\\Search\\Bl...')
#6 /home/k8o67v43ra50/public_html/vendor/magento/framework/Interception/Config/Config.php(180): Magento\Framework\Interception\Config\Config->_ in /home/k8o67v43ra50/public_html/app/code/Klevu/Search/Block/Adminhtml/Form/Field/Logdownload.php on line 18
[11-Sep-2021 05:49:07 UTC] PHP Fatal error:  Uncaught Magento\Framework\Exception\FileSystemException: The "/home/k8o67v43ra50/public_html/app/code/Klevu/Search/etc/di.xml" file doesn't exist. in /home/k8o67v43ra50/public_html/vendor/magento/framework/Filesystem/File/Read.php:76
Stack trace:
#0 /home/k8o67v43ra50/public_html/vendor/magento/framework/Filesystem/File/Read.php(62): Magento\Framework\Filesystem\File\Read->assertValid()
#1 /home/k8o67v43ra50/public_html/vendor/magento/framework/Filesystem/File/Read.php(52): Magento\Framework\Filesystem\File\Read->open()
#2 /home/k8o67v43ra50/public_html/vendor/magento/framework/Filesystem/File/ReadFactory.php(45): Magento\Framework\Filesystem\File\Read->__construct('/home/k8o67v43r...', Object(Magento\Framework\Filesystem\Driver\File))
#3 /home/k8o67v43ra50/public_html/vendor/magento/framework/Config/FileIterator.php(70): Magento\Framework\Filesystem\File\ReadFactory->create('/home/k8o67v43r...', 'file')
#4 /home/k8o67v43ra50/public_html/vendor/magento/framework/Config/Reader/Filesystem.php(148): Magento\Fra in /home/k8o67v43ra50/public_html/vendor/magento/framework/Filesystem/File/Read.php on line 76
